2021-12-29 10:01:53 [scrapy.utils.log] INFO: Scrapy 2.5.1 started (bot: overseaSpider)
2021-12-29 10:01:53 [scrapy.utils.log] INFO: Versions: lxml 4.7.1.0, libxml2 2.9.12, cssselect 1.1.0, parsel 1.6.0, w3lib 1.22.0, Twisted 21.7.0, Python 3.7.8 (tags/v3.7.8:4b47a5b6ba, Jun 28 2020, 08:53:46) [MSC v.1916 64 bit (AMD64)], pyOpenSSL 21.0.0 (OpenSSL 1.1.1m  14 Dec 2021), cryptography 36.0.1, Platform Windows-10-10.0.17763-SP0
2021-12-29 10:01:53 [scrapy.crawler] INFO: Overridden settings:
{'ASYNCIO_EVENT_LOOP': 'asyncio.SelectorEventLoop',
 'BOT_NAME': 'overseaSpider',
 'CLOSESPIDER_ITEMCOUNT': 5,
 'COMMANDS_MODULE': 'overseaSpider.commands',
 'CONCURRENT_REQUESTS': 4,
 'DOWNLOAD_DELAY': 1,
 'DOWNLOAD_TIMEOUT': 10,
 'HTTPCACHE_EXPIRATION_SECS': 604800,
 'HTTPCACHE_IGNORE_HTTP_CODES': [403, 301, 401, 500, 503],
 'HTTPCACHE_POLICY': 'overseaSpider.middlewares.DummyPolicy',
 'LOG_FILE': '1227walnut_1640743312778.log',
 'NEWSPIDER_MODULE': 'overseaSpider.spiders',
 'RETRY_ENABLED': False,
 'RETRY_TIMES': 1,
 'SPIDER_MODULES': ['overseaSpider.spiders'],
 'TEMPLATES_DIR': 'D:\\work\\overseaspider\\overseaSpider\\templates'}
2021-12-29 10:01:53 [scrapy.extensions.telnet] INFO: Telnet Password: 0eed5fd2258aebb6
2021-12-29 10:01:53 [scrapy.middleware] INFO: Enabled extensions:
['scrapy.extensions.corestats.CoreStats',
 'scrapy.extensions.telnet.TelnetConsole',
 'scrapy.extensions.closespider.CloseSpider',
 'scrapy.extensions.logstats.LogStats']
2021-12-29 10:01:53 [scrapy.middleware] INFO: Enabled downloader middlewares:
['overseaSpider.middlewares.OverseaspiderUserAgentMiddleware',
 'scrapy.downloadermiddlewares.httpauth.HttpAuthMiddleware',
 'scrapy.downloadermiddlewares.downloadtimeout.DownloadTimeoutMiddleware',
 'scrapy.downloadermiddlewares.defaultheaders.DefaultHeadersMiddleware',
 'scrapy.downloadermiddlewares.useragent.UserAgentMiddleware',
 'scrapy.downloadermiddlewares.redirect.MetaRefreshMiddleware',
 'scrapy.downloadermiddlewares.httpcompression.HttpCompressionMiddleware',
 'scrapy.downloadermiddlewares.redirect.RedirectMiddleware',
 'scrapy.downloadermiddlewares.cookies.CookiesMiddleware',
 'scrapy.downloadermiddlewares.httpproxy.HttpProxyMiddleware',
 'scrapy.downloadermiddlewares.stats.DownloaderStats']
2021-12-29 10:01:53 [scrapy.middleware] INFO: Enabled spider middlewares:
['scrapy.spidermiddlewares.httperror.HttpErrorMiddleware',
 'scrapy.spidermiddlewares.offsite.OffsiteMiddleware',
 'scrapy.spidermiddlewares.referer.RefererMiddleware',
 'scrapy.spidermiddlewares.urllength.UrlLengthMiddleware',
 'scrapy.spidermiddlewares.depth.DepthMiddleware']
2021-12-29 10:01:53 [scrapy.middleware] INFO: Enabled item pipelines:
['overseaSpider.pipelines.OverseaspiderPipeline']
2021-12-29 10:01:53 [scrapy.core.engine] INFO: Spider opened
2021-12-29 10:01:53 [scrapy.extensions.logstats] INFO: Crawled 0 pages (at 0 pages/min), scraped 0 items (at 0 items/min)
2021-12-29 10:01:53 [scrapy.extensions.telnet] INFO: Telnet console listening on 127.0.0.1:6023
2021-12-29 10:01:55 [scrapy.core.engine] DEBUG: Crawled (200) <GET https://www.1227walnut.com/> (referer: None)
2021-12-29 10:01:57 [scrapy.core.engine] DEBUG: Crawled (200) <GET https://www.1227walnut.com/adidas-c-1/> (referer: https://www.1227walnut.com/)
2021-12-29 10:01:58 [scrapy.core.engine] DEBUG: Crawled (200) <GET https://www.1227walnut.com/adidas-171-p-2879.html> (referer: https://www.1227walnut.com/adidas-c-1/)
2021-12-29 10:01:58 [urllib3.connectionpool] DEBUG: Starting new HTTPS connection (1): www.1227walnut.com:443
2021-12-29 10:01:59 [urllib3.connectionpool] DEBUG: https://www.1227walnut.com:443 "GET /images/shoes/adidas%2017-1-225bld.jpg HTTP/1.1" 200 204494
2021-12-29 10:02:00 [scrapy.core.engine] DEBUG: Crawled (200) <GET https://www.1227walnut.com/adidas-171-p-2878.html> (referer: https://www.1227walnut.com/adidas-c-1/)
2021-12-29 10:02:00 [urllib3.connectionpool] DEBUG: Starting new HTTPS connection (1): www.1227walnut.com:443
2021-12-29 10:02:00 [urllib3.connectionpool] DEBUG: https://www.1227walnut.com:443 "GET /images/shoes/adidas%2017-1-235rtn.jpg HTTP/1.1" 200 102172
2021-12-29 10:02:01 [scrapy.core.engine] DEBUG: Crawled (200) <GET https://www.1227walnut.com/adidas-171-p-2877.html> (referer: https://www.1227walnut.com/adidas-c-1/)
2021-12-29 10:02:01 [urllib3.connectionpool] DEBUG: Starting new HTTPS connection (1): www.1227walnut.com:443
2021-12-29 10:02:02 [urllib3.connectionpool] DEBUG: https://www.1227walnut.com:443 "GET /images/shoes/adidas%2017-1-470kfm.jpg HTTP/1.1" 200 20548
2021-12-29 10:02:02 [scrapy.core.engine] DEBUG: Crawled (200) <GET https://www.1227walnut.com/adidas-171-p-2876.html> (referer: https://www.1227walnut.com/adidas-c-1/)
2021-12-29 10:02:03 [urllib3.connectionpool] DEBUG: Starting new HTTPS connection (1): www.1227walnut.com:443
2021-12-29 10:02:03 [urllib3.connectionpool] DEBUG: https://www.1227walnut.com:443 "GET /images/shoes/adidas%2017-1-552nsg.jpg HTTP/1.1" 200 5520
2021-12-29 10:02:06 [scrapy.core.engine] DEBUG: Crawled (200) <GET https://www.1227walnut.com/adidas-171-ace-p-1054.html> (referer: https://www.1227walnut.com/adidas-c-1/)
2021-12-29 10:02:06 [urllib3.connectionpool] DEBUG: Starting new HTTPS connection (1): www.1227walnut.com:443
2021-12-29 10:02:07 [urllib3.connectionpool] DEBUG: https://www.1227walnut.com:443 "GET /images/shoes/adidas%2017-1%20ace-794zkk.jpg HTTP/1.1" 200 19620
2021-12-29 10:02:07 [scrapy.core.engine] DEBUG: Crawled (200) <GET https://www.1227walnut.com/adidas-171-ace-p-1053.html> (referer: https://www.1227walnut.com/adidas-c-1/)
2021-12-29 10:02:07 [urllib3.connectionpool] DEBUG: Starting new HTTPS connection (1): www.1227walnut.com:443
