2021-12-28 18:02:15 [scrapy.utils.log] INFO: Scrapy 2.5.1 started (bot: overseaSpider)
2021-12-28 18:02:15 [scrapy.utils.log] INFO: Versions: lxml 4.7.1.0, libxml2 2.9.12, cssselect 1.1.0, parsel 1.6.0, w3lib 1.22.0, Twisted 21.7.0, Python 3.7.8 (tags/v3.7.8:4b47a5b6ba, Jun 28 2020, 08:53:46) [MSC v.1916 64 bit (AMD64)], pyOpenSSL 21.0.0 (OpenSSL 1.1.1m  14 Dec 2021), cryptography 36.0.1, Platform Windows-10-10.0.17763-SP0
2021-12-28 18:02:15 [scrapy.crawler] INFO: Overridden settings:
{'ASYNCIO_EVENT_LOOP': 'asyncio.SelectorEventLoop',
 'BOT_NAME': 'overseaSpider',
 'CLOSESPIDER_ITEMCOUNT': 5,
 'COMMANDS_MODULE': 'overseaSpider.commands',
 'CONCURRENT_REQUESTS': 4,
 'DOWNLOAD_DELAY': 1,
 'DOWNLOAD_TIMEOUT': 10,
 'HTTPCACHE_EXPIRATION_SECS': 604800,
 'HTTPCACHE_IGNORE_HTTP_CODES': [403, 301, 401, 500, 503],
 'HTTPCACHE_POLICY': 'overseaSpider.middlewares.DummyPolicy',
 'LOG_FILE': '707motoring_1640685735579.log',
 'NEWSPIDER_MODULE': 'overseaSpider.spiders',
 'RETRY_ENABLED': False,
 'RETRY_TIMES': 1,
 'SPIDER_MODULES': ['overseaSpider.spiders'],
 'TEMPLATES_DIR': 'D:\\work\\overseaspider\\overseaSpider\\templates'}
2021-12-28 18:02:15 [scrapy.extensions.telnet] INFO: Telnet Password: d8eff6e5b1b8760f
2021-12-28 18:02:15 [scrapy.middleware] INFO: Enabled extensions:
['scrapy.extensions.corestats.CoreStats',
 'scrapy.extensions.telnet.TelnetConsole',
 'scrapy.extensions.closespider.CloseSpider',
 'scrapy.extensions.logstats.LogStats']
2021-12-28 18:02:16 [scrapy.middleware] INFO: Enabled downloader middlewares:
['overseaSpider.middlewares.OverseaspiderUserAgentMiddleware',
 'scrapy.downloadermiddlewares.httpauth.HttpAuthMiddleware',
 'scrapy.downloadermiddlewares.downloadtimeout.DownloadTimeoutMiddleware',
 'scrapy.downloadermiddlewares.defaultheaders.DefaultHeadersMiddleware',
 'scrapy.downloadermiddlewares.useragent.UserAgentMiddleware',
 'scrapy.downloadermiddlewares.redirect.MetaRefreshMiddleware',
 'scrapy.downloadermiddlewares.httpcompression.HttpCompressionMiddleware',
 'scrapy.downloadermiddlewares.redirect.RedirectMiddleware',
 'scrapy.downloadermiddlewares.cookies.CookiesMiddleware',
 'scrapy.downloadermiddlewares.httpproxy.HttpProxyMiddleware',
 'scrapy.downloadermiddlewares.stats.DownloaderStats']
2021-12-28 18:02:16 [scrapy.middleware] INFO: Enabled spider middlewares:
['scrapy.spidermiddlewares.httperror.HttpErrorMiddleware',
 'scrapy.spidermiddlewares.offsite.OffsiteMiddleware',
 'scrapy.spidermiddlewares.referer.RefererMiddleware',
 'scrapy.spidermiddlewares.urllength.UrlLengthMiddleware',
 'scrapy.spidermiddlewares.depth.DepthMiddleware']
2021-12-28 18:02:16 [scrapy.middleware] INFO: Enabled item pipelines:
['overseaSpider.pipelines.OverseaspiderPipeline']
2021-12-28 18:02:16 [scrapy.core.engine] INFO: Spider opened
2021-12-28 18:02:16 [scrapy.extensions.logstats] INFO: Crawled 0 pages (at 0 pages/min), scraped 0 items (at 0 items/min)
2021-12-28 18:02:16 [scrapy.extensions.telnet] INFO: Telnet console listening on 127.0.0.1:6023
2021-12-28 18:02:17 [scrapy.core.engine] DEBUG: Crawled (200) <GET https://707motoring.com/> (referer: None)
2021-12-28 18:02:18 [scrapy.core.engine] DEBUG: Crawled (200) <GET https://707motoring.com/pillar-posts/> (referer: https://707motoring.com/)
2021-12-28 18:02:19 [scrapy.core.engine] DEBUG: Crawled (200) <GET https://707motoring.com/performance/> (referer: https://707motoring.com/)
2021-12-28 18:02:20 [scrapy.core.engine] DEBUG: Crawled (200) <GET https://707motoring.com/lighting/> (referer: https://707motoring.com/)
2021-12-28 18:02:22 [scrapy.core.engine] DEBUG: Crawled (200) <GET https://707motoring.com/interior/> (referer: https://707motoring.com/)
2021-12-28 18:02:23 [scrapy.core.engine] DEBUG: Crawled (200) <GET https://707motoring.com/exterior/> (referer: https://707motoring.com/)
2021-12-28 18:02:24 [scrapy.core.engine] DEBUG: Crawled (200) <GET https://707motoring.com/pillar-posts/?sort=featured&page=2> (referer: https://707motoring.com/pillar-posts/)
2021-12-28 18:02:25 [scrapy.core.engine] DEBUG: Crawled (200) <GET https://707motoring.com/k-n-33-2307-special-order-repl-indstrl-fltr-for-saki-fh491v/> (referer: https://707motoring.com/performance/)
2021-12-28 18:02:25 [urllib3.connectionpool] DEBUG: Starting new HTTPS connection (1): cdn11.bigcommerce.com:443
2021-12-28 18:02:26 [urllib3.connectionpool] DEBUG: https://cdn11.bigcommerce.com:443 "GET /s-ksptj6mung/images/stencil/1280x1280/products/17064/59413/Air_Filter_3__76768.1581708955__44447.1594312620.jpg?c=2 HTTP/1.1" 200 None
2021-12-28 18:02:27 [scrapy.core.engine] DEBUG: Crawled (200) <GET https://707motoring.com/531099-anzo-usa-black-led-3rd-brake-light-for-gmc-sierra-2014-2018/> (referer: https://707motoring.com/lighting/)
2021-12-28 18:02:27 [urllib3.connectionpool] DEBUG: Starting new HTTPS connection (1): cdn11.bigcommerce.com:443
2021-12-28 18:02:27 [urllib3.connectionpool] DEBUG: https://cdn11.bigcommerce.com:443 "GET /s-ksptj6mung/images/stencil/1280x1280/products/5786/30442/anzo_lighting__72708.1581633230.jpg?c=2 HTTP/1.1" 200 None
2021-12-28 18:02:28 [scrapy.core.engine] DEBUG: Crawled (200) <GET https://707motoring.com/interior-large-wood-dash-trim-kit-for-ford-f150-1999-2003/> (referer: https://707motoring.com/interior/)
2021-12-28 18:02:28 [urllib3.connectionpool] DEBUG: Starting new HTTPS connection (1): cdn11.bigcommerce.com:443
2021-12-28 18:02:29 [urllib3.connectionpool] DEBUG: https://cdn11.bigcommerce.com:443 "GET /s-ksptj6mung/images/stencil/1280x1280/products/5785/30443/Interior_dash_kit_1__91355.1581633662.jpg?c=2 HTTP/1.1" 200 None
2021-12-28 18:02:30 [scrapy.core.engine] DEBUG: Crawled (200) <GET https://707motoring.com/exterior/?sort=featured&page=2> (referer: https://707motoring.com/exterior/)
2021-12-28 18:02:31 [scrapy.core.engine] DEBUG: Crawled (200) <GET https://707motoring.com/pillar-posts/?sort=featured&page=3> (referer: https://707motoring.com/pillar-posts/?sort=featured&page=2)
2021-12-28 18:02:32 [scrapy.core.engine] DEBUG: Crawled (200) <GET https://707motoring.com/toyota-rav4-2019-vinyl-black-carbon-fiber-pillar-posts-trim-6pcs/> (referer: https://707motoring.com/pillar-posts/?sort=featured&page=2)
2021-12-28 18:02:32 [urllib3.connectionpool] DEBUG: Starting new HTTPS connection (1): cdn11.bigcommerce.com:443
2021-12-28 18:02:32 [urllib3.connectionpool] DEBUG: https://cdn11.bigcommerce.com:443 "GET /s-ksptj6mung/images/stencil/1280x1280/products/3708/17259/s-l1600_4__58153.1550500063.jpg?c=2 HTTP/1.1" 200 None
2021-12-28 18:02:33 [scrapy.core.engine] DEBUG: Crawled (200) <GET https://707motoring.com/lexus-es-2019-vinyl-black-carbon-fiber-pillar-posts-trim-6pcs/> (referer: https://707motoring.com/pillar-posts/?sort=featured&page=2)
2021-12-28 18:02:33 [urllib3.connectionpool] DEBUG: Starting new HTTPS connection (1): cdn11.bigcommerce.com:443
2021-12-28 18:02:34 [urllib3.connectionpool] DEBUG: https://cdn11.bigcommerce.com:443 "GET /s-ksptj6mung/images/stencil/1280x1280/products/3709/17263/s-l1600_4__54908.1550500110.jpg?c=2 HTTP/1.1" 200 None
2021-12-28 18:02:35 [scrapy.core.engine] DEBUG: Crawled (200) <GET https://707motoring.com/lexus-ux-2019-vinyl-black-carbon-fiber-pillar-posts-trim-6pcs/> (referer: https://707motoring.com/pillar-posts/?sort=featured&page=2)
2021-12-28 18:02:35 [urllib3.connectionpool] DEBUG: Starting new HTTPS connection (1): cdn11.bigcommerce.com:443
