2021-12-23 17:29:03 [scrapy.utils.log] INFO: Scrapy 2.5.1 started (bot: overseaSpider)
2021-12-23 17:29:03 [scrapy.utils.log] INFO: Versions: lxml 4.7.1.0, libxml2 2.9.12, cssselect 1.1.0, parsel 1.6.0, w3lib 1.22.0, Twisted 21.7.0, Python 3.7.8 (tags/v3.7.8:4b47a5b6ba, Jun 28 2020, 08:53:46) [MSC v.1916 64 bit (AMD64)], pyOpenSSL 21.0.0 (OpenSSL 1.1.1m  14 Dec 2021), cryptography 36.0.1, Platform Windows-10-10.0.17763-SP0
2021-12-23 17:29:03 [scrapy.crawler] INFO: Overridden settings:
{'ASYNCIO_EVENT_LOOP': 'asyncio.SelectorEventLoop',
 'BOT_NAME': 'overseaSpider',
 'CLOSESPIDER_ITEMCOUNT': 5,
 'COMMANDS_MODULE': 'overseaSpider.commands',
 'CONCURRENT_REQUESTS': 4,
 'DOWNLOAD_DELAY': 1,
 'DOWNLOAD_TIMEOUT': 10,
 'HTTPCACHE_EXPIRATION_SECS': 604800,
 'HTTPCACHE_IGNORE_HTTP_CODES': [403, 301, 401, 500, 503],
 'HTTPCACHE_POLICY': 'overseaSpider.middlewares.DummyPolicy',
 'LOG_FILE': 'alimed_1640251743670.log',
 'NEWSPIDER_MODULE': 'overseaSpider.spiders',
 'RETRY_ENABLED': False,
 'RETRY_TIMES': 1,
 'SPIDER_MODULES': ['overseaSpider.spiders'],
 'TEMPLATES_DIR': 'D:\\work\\overseaspider\\overseaSpider\\templates'}
2021-12-23 17:29:03 [scrapy.extensions.telnet] INFO: Telnet Password: 847858daa2c310d8
2021-12-23 17:29:03 [scrapy.middleware] INFO: Enabled extensions:
['scrapy.extensions.corestats.CoreStats',
 'scrapy.extensions.telnet.TelnetConsole',
 'scrapy.extensions.closespider.CloseSpider',
 'scrapy.extensions.logstats.LogStats']
2021-12-23 17:29:04 [scrapy.middleware] INFO: Enabled downloader middlewares:
['overseaSpider.middlewares.OverseaspiderUserAgentMiddleware',
 'scrapy.downloadermiddlewares.httpauth.HttpAuthMiddleware',
 'scrapy.downloadermiddlewares.downloadtimeout.DownloadTimeoutMiddleware',
 'scrapy.downloadermiddlewares.defaultheaders.DefaultHeadersMiddleware',
 'scrapy.downloadermiddlewares.useragent.UserAgentMiddleware',
 'scrapy.downloadermiddlewares.redirect.MetaRefreshMiddleware',
 'scrapy.downloadermiddlewares.httpcompression.HttpCompressionMiddleware',
 'scrapy.downloadermiddlewares.redirect.RedirectMiddleware',
 'scrapy.downloadermiddlewares.cookies.CookiesMiddleware',
 'scrapy.downloadermiddlewares.httpproxy.HttpProxyMiddleware',
 'scrapy.downloadermiddlewares.stats.DownloaderStats']
2021-12-23 17:29:04 [scrapy.middleware] INFO: Enabled spider middlewares:
['scrapy.spidermiddlewares.httperror.HttpErrorMiddleware',
 'scrapy.spidermiddlewares.offsite.OffsiteMiddleware',
 'scrapy.spidermiddlewares.referer.RefererMiddleware',
 'scrapy.spidermiddlewares.urllength.UrlLengthMiddleware',
 'scrapy.spidermiddlewares.depth.DepthMiddleware']
2021-12-23 17:29:04 [scrapy.middleware] INFO: Enabled item pipelines:
['overseaSpider.pipelines.OverseaspiderPipeline']
2021-12-23 17:29:04 [scrapy.core.engine] INFO: Spider opened
2021-12-23 17:29:04 [scrapy.extensions.logstats] INFO: Crawled 0 pages (at 0 pages/min), scraped 0 items (at 0 items/min)
2021-12-23 17:29:04 [scrapy.extensions.telnet] INFO: Telnet console listening on 127.0.0.1:6023
2021-12-23 17:29:05 [scrapy.core.engine] DEBUG: Crawled (200) <GET https://www.alimed.com/> (referer: None)
2021-12-23 17:29:05 [scrapy.core.engine] DEBUG: Crawled (200) <GET https://www.alimed.com/alimed/> (referer: https://www.alimed.com/)
2021-12-23 17:29:07 [scrapy.core.engine] DEBUG: Crawled (200) <GET https://www.alimed.com/cushions/> (referer: https://www.alimed.com/alimed/)
2021-12-23 17:29:08 [scrapy.core.engine] DEBUG: Crawled (200) <GET https://www.alimed.com/surgical-table-accessories/> (referer: https://www.alimed.com/alimed/)
2021-12-23 17:29:09 [scrapy.core.engine] DEBUG: Crawled (200) <GET https://www.alimed.com/storage-and-organization/> (referer: https://www.alimed.com/alimed/)
2021-12-23 17:29:09 [scrapy.dupefilters] DEBUG: Filtered duplicate request: <GET https://www.alimed.com/medical-carts/> - no more duplicates will be shown (see DUPEFILTER_DEBUG to show all duplicates)
2021-12-23 17:29:10 [scrapy.core.engine] DEBUG: Crawled (200) <GET https://www.alimed.com/orthopedics-splints-and-braces/> (referer: https://www.alimed.com/alimed/)
2021-12-23 17:29:12 [scrapy.core.engine] DEBUG: Crawled (200) <GET https://www.alimed.com/speech-language-therapy/> (referer: https://www.alimed.com/alimed/)
2021-12-23 17:29:13 [scrapy.core.engine] DEBUG: Crawled (200) <GET https://www.alimed.com/roho-cushions/> (referer: https://www.alimed.com/cushions/)
2021-12-23 17:29:14 [scrapy.core.engine] DEBUG: Crawled (200) <GET https://www.alimed.com/urology/> (referer: https://www.alimed.com/surgical-table-accessories/)
2021-12-23 17:29:16 [scrapy.core.engine] DEBUG: Crawled (200) <GET https://www.alimed.com/wire-shelving-and-carts/> (referer: https://www.alimed.com/storage-and-organization/)
2021-12-23 17:29:17 [scrapy.core.engine] DEBUG: Crawled (200) <GET https://www.alimed.com/spine/> (referer: https://www.alimed.com/orthopedics-splints-and-braces/)
2021-12-23 17:29:18 [scrapy.core.engine] DEBUG: Crawled (200) <GET https://www.alimed.com/telepractice/> (referer: https://www.alimed.com/speech-language-therapy/)
2021-12-23 17:29:20 [scrapy.core.engine] DEBUG: Crawled (200) <GET https://www.alimed.com/roho-quadtro-select-cushion.html> (referer: https://www.alimed.com/roho-cushions/)
2021-12-23 17:29:20 [urllib3.connectionpool] DEBUG: Starting new HTTPS connection (1): www.alimed.com:443
2021-12-23 17:29:21 [urllib3.connectionpool] DEBUG: https://www.alimed.com:443 "GET /_resources/cache/images/product/10964_1000x1000-pad.jpg HTTP/1.1" 200 60058
2021-12-23 17:29:23 [scrapy.core.engine] DEBUG: Crawled (200) <GET https://www.alimed.com/urology-drain-collection-bags-with-hose.html> (referer: https://www.alimed.com/urology/)
2021-12-23 17:29:23 [urllib3.connectionpool] DEBUG: Starting new HTTPS connection (1): www.alimed.com:443
2021-12-23 17:29:24 [urllib3.connectionpool] DEBUG: https://www.alimed.com:443 "GET /_resources/cache/images/product/923287_d_1000x1000-pad.jpg HTTP/1.1" 200 9238
2021-12-23 17:29:25 [scrapy.core.engine] DEBUG: Crawled (200) <GET https://www.alimed.com/wire-shelving.html> (referer: https://www.alimed.com/wire-shelving-and-carts/)
2021-12-23 17:29:25 [scrapy.core.engine] DEBUG: Crawled (200) <GET https://www.alimed.com/orthotic-thoracic-lumbar-sacral-tlso/> (referer: https://www.alimed.com/spine/)
2021-12-23 17:29:26 [urllib3.connectionpool] DEBUG: Starting new HTTPS connection (1): www.alimed.com:443
2021-12-23 17:29:27 [urllib3.connectionpool] DEBUG: https://www.alimed.com:443 "GET /_resources/cache/images/product/934899_1000x1000-pad.jpg HTTP/1.1" 200 76427
2021-12-23 17:29:27 [scrapy.core.engine] DEBUG: Crawled (200) <GET https://www.alimed.com/walc-5-neurological-rehab.html> (referer: https://www.alimed.com/telepractice/)
2021-12-23 17:29:27 [urllib3.connectionpool] DEBUG: Starting new HTTPS connection (1): www.alimed.com:443
2021-12-23 17:29:28 [urllib3.connectionpool] DEBUG: https://www.alimed.com:443 "GET /_resources/cache/images/product/83334A_1000x1000-pad.jpg HTTP/1.1" 200 73573
2021-12-23 17:29:28 [scrapy.core.engine] DEBUG: Crawled (200) <GET https://www.alimed.com/workbook-for-language-skills.html> (referer: https://www.alimed.com/telepractice/)
2021-12-23 17:29:29 [urllib3.connectionpool] DEBUG: Starting new HTTPS connection (1): www.alimed.com:443
2021-12-23 17:29:29 [urllib3.connectionpool] DEBUG: https://www.alimed.com:443 "GET /_resources/cache/images/product/80191A_1000x1000-pad.jpg HTTP/1.1" 200 98135
2021-12-23 17:29:30 [scrapy.core.engine] DEBUG: Crawled (200) <GET https://www.alimed.com/the-source-for-dysarthria-2nd-ed.html> (referer: https://www.alimed.com/telepractice/)
2021-12-23 17:29:30 [urllib3.connectionpool] DEBUG: Starting new HTTPS connection (1): www.alimed.com:443
2021-12-23 17:29:31 [urllib3.connectionpool] DEBUG: https://www.alimed.com:443 "GET /_resources/cache/images/product/83151_1000x1000-pad.jpg HTTP/1.1" 200 75648
2021-12-23 17:29:31 [scrapy.core.engine] DEBUG: Crawled (200) <GET https://www.alimed.com/verbal-visual-numerical-brain-game-series.html> (referer: https://www.alimed.com/telepractice/)
2021-12-23 17:29:32 [urllib3.connectionpool] DEBUG: Starting new HTTPS connection (1): www.alimed.com:443
2021-12-23 17:29:33 [scrapy.crawler] INFO: Received SIGINT, shutting down gracefully. Send again to force 
