2022-01-12 10:05:53 [scrapy.utils.log] INFO: Scrapy 2.5.1 started (bot: overseaSpider)
2022-01-12 10:05:53 [scrapy.utils.log] INFO: Versions: lxml 4.7.1.0, libxml2 2.9.12, cssselect 1.1.0, parsel 1.6.0, w3lib 1.22.0, Twisted 21.7.0, Python 3.7.8 (tags/v3.7.8:4b47a5b6ba, Jun 28 2020, 08:53:46) [MSC v.1916 64 bit (AMD64)], pyOpenSSL 21.0.0 (OpenSSL 1.1.1m  14 Dec 2021), cryptography 36.0.1, Platform Windows-10-10.0.19041-SP0
2022-01-12 10:05:53 [scrapy.crawler] INFO: Overridden settings:
{'ASYNCIO_EVENT_LOOP': 'asyncio.SelectorEventLoop',
 'BOT_NAME': 'overseaSpider',
 'CLOSESPIDER_ITEMCOUNT': 3,
 'COMMANDS_MODULE': 'overseaSpider.commands',
 'CONCURRENT_REQUESTS': 4,
 'DOWNLOAD_DELAY': 1,
 'DOWNLOAD_TIMEOUT': 10,
 'HTTPCACHE_EXPIRATION_SECS': 604800,
 'HTTPCACHE_IGNORE_HTTP_CODES': [403, 301, 401, 500, 503],
 'HTTPCACHE_POLICY': 'overseaSpider.middlewares.DummyPolicy',
 'LOG_FILE': 'americanchairs_1641953153162.log',
 'NEWSPIDER_MODULE': 'overseaSpider.spiders',
 'RETRY_ENABLED': False,
 'RETRY_TIMES': 1,
 'SPIDER_MODULES': ['overseaSpider.spiders'],
 'TEMPLATES_DIR': 'D:\\work\\overseaspider\\overseaSpider\\templates'}
2022-01-12 10:05:53 [scrapy.extensions.telnet] INFO: Telnet Password: def63a9030e1816a
2022-01-12 10:05:53 [scrapy.middleware] INFO: Enabled extensions:
['scrapy.extensions.corestats.CoreStats',
 'scrapy.extensions.telnet.TelnetConsole',
 'scrapy.extensions.closespider.CloseSpider',
 'scrapy.extensions.logstats.LogStats']
2022-01-12 10:05:53 [scrapy.middleware] INFO: Enabled downloader middlewares:
['overseaSpider.middlewares.OverseaspiderUserAgentMiddleware',
 'scrapy.downloadermiddlewares.httpauth.HttpAuthMiddleware',
 'scrapy.downloadermiddlewares.downloadtimeout.DownloadTimeoutMiddleware',
 'scrapy.downloadermiddlewares.defaultheaders.DefaultHeadersMiddleware',
 'scrapy.downloadermiddlewares.useragent.UserAgentMiddleware',
 'scrapy.downloadermiddlewares.redirect.MetaRefreshMiddleware',
 'scrapy.downloadermiddlewares.httpcompression.HttpCompressionMiddleware',
 'scrapy.downloadermiddlewares.redirect.RedirectMiddleware',
 'scrapy.downloadermiddlewares.cookies.CookiesMiddleware',
 'scrapy.downloadermiddlewares.httpproxy.HttpProxyMiddleware',
 'scrapy.downloadermiddlewares.stats.DownloaderStats']
2022-01-12 10:05:53 [scrapy.middleware] INFO: Enabled spider middlewares:
['scrapy.spidermiddlewares.httperror.HttpErrorMiddleware',
 'scrapy.spidermiddlewares.offsite.OffsiteMiddleware',
 'scrapy.spidermiddlewares.referer.RefererMiddleware',
 'scrapy.spidermiddlewares.urllength.UrlLengthMiddleware',
 'scrapy.spidermiddlewares.depth.DepthMiddleware']
2022-01-12 10:05:53 [scrapy.middleware] INFO: Enabled item pipelines:
['overseaSpider.pipelines.OverseaspiderPipeline']
2022-01-12 10:05:53 [scrapy.core.engine] INFO: Spider opened
2022-01-12 10:05:53 [scrapy.extensions.logstats] INFO: Crawled 0 pages (at 0 pages/min), scraped 0 items (at 0 items/min)
2022-01-12 10:05:53 [scrapy.extensions.telnet] INFO: Telnet console listening on 127.0.0.1:6023
2022-01-12 10:05:55 [scrapy.core.engine] DEBUG: Crawled (200) <GET https://www.americanchairs.com/> (referer: None)
2022-01-12 10:05:55 [scrapy.core.engine] DEBUG: Crawled (200) <GET https://www.americanchairs.com/sports-logo-bar-stools.html> (referer: https://www.americanchairs.com/)
2022-01-12 10:05:57 [scrapy.core.engine] DEBUG: Crawled (200) <GET https://www.americanchairs.com/wood-metal-chairs.html> (referer: https://www.americanchairs.com/)
2022-01-12 10:05:57 [scrapy.core.engine] DEBUG: Crawled (200) <GET https://www.americanchairs.com/club-furniture.html> (referer: https://www.americanchairs.com/)
2022-01-12 10:05:58 [scrapy.core.engine] DEBUG: Crawled (200) <GET https://www.americanchairs.com/wood-metal-stools.html> (referer: https://www.americanchairs.com/)
2022-01-12 10:06:00 [scrapy.core.engine] DEBUG: Crawled (200) <GET https://www.americanchairs.com/club-chairs.html> (referer: https://www.americanchairs.com/)
2022-01-12 10:06:01 [scrapy.core.engine] DEBUG: Crawled (200) <GET https://www.americanchairs.com/newitems.html> (referer: https://www.americanchairs.com/sports-logo-bar-stools.html)
2022-01-12 10:06:03 [scrapy.core.engine] DEBUG: Crawled (200) <GET https://www.americanchairs.com/stbachsetof2.html> (referer: https://www.americanchairs.com/wood-metal-chairs.html)
2022-01-12 10:06:03 [urllib3.connectionpool] DEBUG: Starting new HTTPS connection (1): sep.yimg.com:443
2022-01-12 10:06:04 [urllib3.connectionpool] DEBUG: https://sep.yimg.com:443 "GET /ca/I/americanchairs_2270_1303635 HTTP/1.1" 200 2860
2022-01-12 10:06:04 [scrapy.core.engine] DEBUG: Crawled (200) <GET https://www.americanchairs.com/copebarst.html> (referer: https://www.americanchairs.com/club-furniture.html)
2022-01-12 10:06:05 [urllib3.connectionpool] DEBUG: Starting new HTTPS connection (1): sep.yimg.com:443
2022-01-12 10:06:06 [urllib3.connectionpool] DEBUG: https://sep.yimg.com:443 "GET /ay/americanchairs/cowboy-pedestal-bar-stool-3.gif HTTP/1.1" 200 19106
2022-01-12 10:06:06 [scrapy.core.engine] DEBUG: Crawled (200) <GET https://www.americanchairs.com/belabast.html> (referer: https://www.americanchairs.com/wood-metal-stools.html)
2022-01-12 10:06:07 [urllib3.connectionpool] DEBUG: Starting new HTTPS connection (1): sep.yimg.com:443
2022-01-12 10:06:08 [urllib3.connectionpool] DEBUG: https://sep.yimg.com:443 "GET /ca/I/americanchairs_2270_18174346 HTTP/1.1" 200 18212
