2022-01-11 16:40:22 [scrapy.utils.log] INFO: Scrapy 2.5.1 started (bot: overseaSpider)
2022-01-11 16:40:22 [scrapy.utils.log] INFO: Versions: lxml 4.7.1.0, libxml2 2.9.12, cssselect 1.1.0, parsel 1.6.0, w3lib 1.22.0, Twisted 21.7.0, Python 3.7.8 (tags/v3.7.8:4b47a5b6ba, Jun 28 2020, 08:53:46) [MSC v.1916 64 bit (AMD64)], pyOpenSSL 21.0.0 (OpenSSL 1.1.1m  14 Dec 2021), cryptography 36.0.1, Platform Windows-10-10.0.19041-SP0
2022-01-11 16:40:22 [scrapy.crawler] INFO: Overridden settings:
{'ASYNCIO_EVENT_LOOP': 'asyncio.SelectorEventLoop',
 'BOT_NAME': 'overseaSpider',
 'CLOSESPIDER_ITEMCOUNT': 3,
 'COMMANDS_MODULE': 'overseaSpider.commands',
 'CONCURRENT_REQUESTS': 4,
 'DOWNLOAD_DELAY': 1,
 'DOWNLOAD_TIMEOUT': 10,
 'HTTPCACHE_EXPIRATION_SECS': 604800,
 'HTTPCACHE_IGNORE_HTTP_CODES': [403, 301, 401, 500, 503],
 'HTTPCACHE_POLICY': 'overseaSpider.middlewares.DummyPolicy',
 'LOG_FILE': 'blueskyscrubs_1641890422619.log',
 'NEWSPIDER_MODULE': 'overseaSpider.spiders',
 'RETRY_ENABLED': False,
 'RETRY_TIMES': 1,
 'SPIDER_MODULES': ['overseaSpider.spiders'],
 'TEMPLATES_DIR': 'D:\\work\\overseaspider\\overseaSpider\\templates'}
2022-01-11 16:40:22 [scrapy.extensions.telnet] INFO: Telnet Password: de18a5a60e0278e0
2022-01-11 16:40:22 [scrapy.middleware] INFO: Enabled extensions:
['scrapy.extensions.corestats.CoreStats',
 'scrapy.extensions.telnet.TelnetConsole',
 'scrapy.extensions.closespider.CloseSpider',
 'scrapy.extensions.logstats.LogStats']
2022-01-11 16:40:23 [scrapy.middleware] INFO: Enabled downloader middlewares:
['overseaSpider.middlewares.OverseaspiderUserAgentMiddleware',
 'scrapy.downloadermiddlewares.httpauth.HttpAuthMiddleware',
 'scrapy.downloadermiddlewares.downloadtimeout.DownloadTimeoutMiddleware',
 'scrapy.downloadermiddlewares.defaultheaders.DefaultHeadersMiddleware',
 'scrapy.downloadermiddlewares.useragent.UserAgentMiddleware',
 'scrapy.downloadermiddlewares.redirect.MetaRefreshMiddleware',
 'scrapy.downloadermiddlewares.httpcompression.HttpCompressionMiddleware',
 'scrapy.downloadermiddlewares.redirect.RedirectMiddleware',
 'scrapy.downloadermiddlewares.cookies.CookiesMiddleware',
 'scrapy.downloadermiddlewares.httpproxy.HttpProxyMiddleware',
 'scrapy.downloadermiddlewares.stats.DownloaderStats']
2022-01-11 16:40:23 [scrapy.middleware] INFO: Enabled spider middlewares:
['scrapy.spidermiddlewares.httperror.HttpErrorMiddleware',
 'scrapy.spidermiddlewares.offsite.OffsiteMiddleware',
 'scrapy.spidermiddlewares.referer.RefererMiddleware',
 'scrapy.spidermiddlewares.urllength.UrlLengthMiddleware',
 'scrapy.spidermiddlewares.depth.DepthMiddleware']
2022-01-11 16:40:23 [scrapy.middleware] INFO: Enabled item pipelines:
['overseaSpider.pipelines.OverseaspiderPipeline']
2022-01-11 16:40:23 [scrapy.core.engine] INFO: Spider opened
2022-01-11 16:40:23 [scrapy.extensions.logstats] INFO: Crawled 0 pages (at 0 pages/min), scraped 0 items (at 0 items/min)
2022-01-11 16:40:23 [scrapy.extensions.telnet] INFO: Telnet console listening on 127.0.0.1:6023
2022-01-11 16:40:24 [scrapy.core.engine] DEBUG: Crawled (200) <GET https://www.blueskyscrubs.com/> (referer: None)
2022-01-11 16:40:25 [scrapy.core.engine] DEBUG: Crawled (200) <GET https://www.blueskyscrubs.com/medical-uniforms/> (referer: https://www.blueskyscrubs.com/)
2022-01-11 16:40:26 [scrapy.core.engine] DEBUG: Crawled (200) <GET https://www.blueskyscrubs.com/men/base-layers/> (referer: https://www.blueskyscrubs.com/medical-uniforms/)
2022-01-11 16:40:27 [scrapy.core.engine] DEBUG: Crawled (200) <GET https://www.blueskyscrubs.com/men/outerwear/> (referer: https://www.blueskyscrubs.com/medical-uniforms/)
2022-01-11 16:40:28 [scrapy.core.engine] DEBUG: Crawled (200) <GET https://www.blueskyscrubs.com/scrub-pants/> (referer: https://www.blueskyscrubs.com/medical-uniforms/)
2022-01-11 16:40:29 [scrapy.core.engine] DEBUG: Crawled (200) <GET https://www.blueskyscrubs.com/men/scrub-tops/> (referer: https://www.blueskyscrubs.com/medical-uniforms/)
2022-01-11 16:40:30 [scrapy.core.engine] DEBUG: Crawled (200) <GET https://www.blueskyscrubs.com/women/lab-coats/> (referer: https://www.blueskyscrubs.com/medical-uniforms/)
2022-01-11 16:40:31 [scrapy.core.engine] DEBUG: Crawled (200) <GET https://www.blueskyscrubs.com/copy-of-henley-stretch-polo-for-men.html> (referer: https://www.blueskyscrubs.com/men/base-layers/)
2022-01-11 16:40:31 [urllib3.connectionpool] DEBUG: Starting new HTTPS connection (1): cdn2.bigcommerce.com:443
2022-01-11 16:40:32 [urllib3.connectionpool] DEBUG: https://cdn2.bigcommerce.com:443 "GET /server5300/2b217/products/96880/images/56080/Mens-polo-Hampton-stretch-polo-white__20985.1588173539.1280.1280.jpg?c=2 HTTP/1.1" 200 None
2022-01-11 16:40:34 [scrapy.core.engine] DEBUG: Crawled (200) <GET https://www.blueskyscrubs.com/men/outerwear/hoodies/harrison-hoodie.html> (referer: https://www.blueskyscrubs.com/men/outerwear/)
2022-01-11 16:40:34 [urllib3.connectionpool] DEBUG: Starting new HTTPS connection (1): cdn2.bigcommerce.com:443
2022-01-11 16:40:35 [urllib3.connectionpool] DEBUG: https://cdn2.bigcommerce.com:443 "GET /server5300/2b217/products/94270/images/50791/Black-mens-hoodie-1__58428.1542215139.1280.1280.jpg?c=2 HTTP/1.1" 200 None
2022-01-11 16:40:35 [scrapy.core.engine] DEBUG: Crawled (200) <GET https://www.blueskyscrubs.com/cambridge-scrub-pants-final-clearance.html> (referer: https://www.blueskyscrubs.com/scrub-pants/)
2022-01-11 16:40:36 [urllib3.connectionpool] DEBUG: Starting new HTTPS connection (1): cdn2.bigcommerce.com:443
2022-01-11 16:40:37 [urllib3.connectionpool] DEBUG: https://cdn2.bigcommerce.com:443 "GET /server5300/2b217/products/95140/images/52820/2019-Unisex-3__66381.1640883514.1280.1280.jpg?c=2 HTTP/1.1" 200 None
2022-01-11 16:40:37 [scrapy.core.engine] DEBUG: Crawled (200) <GET https://www.blueskyscrubs.com/cambridge-scrub-top-final-clearance.html> (referer: https://www.blueskyscrubs.com/men/scrub-tops/)
2022-01-11 16:40:37 [urllib3.connectionpool] DEBUG: Starting new HTTPS connection (1): cdn2.bigcommerce.com:443
2022-01-11 16:40:38 [urllib3.connectionpool] DEBUG: https://cdn2.bigcommerce.com:443 "GET /server5300/2b217/products/95139/images/52818/2019-Unisex-2__99389.1636636142.1280.1280.jpg?c=2 HTTP/1.1" 200 None
2022-01-11 16:40:39 [scrapy.core.engine] DEBUG: Crawled (200) <GET https://www.blueskyscrubs.com/women/lab-coats/preston-lab-coat.html> (referer: https://www.blueskyscrubs.com/women/lab-coats/)
2022-01-11 16:40:39 [urllib3.connectionpool] DEBUG: Starting new HTTPS connection (1): cdn2.bigcommerce.com:443
