2022-01-11 10:19:01 [scrapy.utils.log] INFO: Scrapy 2.5.1 started (bot: overseaSpider)
2022-01-11 10:19:01 [scrapy.utils.log] INFO: Versions: lxml 4.7.1.0, libxml2 2.9.12, cssselect 1.1.0, parsel 1.6.0, w3lib 1.22.0, Twisted 21.7.0, Python 3.7.8 (tags/v3.7.8:4b47a5b6ba, Jun 28 2020, 08:53:46) [MSC v.1916 64 bit (AMD64)], pyOpenSSL 21.0.0 (OpenSSL 1.1.1m  14 Dec 2021), cryptography 36.0.1, Platform Windows-10-10.0.19041-SP0
2022-01-11 10:19:01 [scrapy.crawler] INFO: Overridden settings:
{'ASYNCIO_EVENT_LOOP': 'asyncio.SelectorEventLoop',
 'BOT_NAME': 'overseaSpider',
 'CLOSESPIDER_ITEMCOUNT': 5,
 'COMMANDS_MODULE': 'overseaSpider.commands',
 'CONCURRENT_REQUESTS': 4,
 'DOWNLOAD_DELAY': 1,
 'DOWNLOAD_TIMEOUT': 10,
 'HTTPCACHE_EXPIRATION_SECS': 604800,
 'HTTPCACHE_IGNORE_HTTP_CODES': [403, 301, 401, 500, 503],
 'HTTPCACHE_POLICY': 'overseaSpider.middlewares.DummyPolicy',
 'LOG_FILE': 'credomen_1641867540999.log',
 'NEWSPIDER_MODULE': 'overseaSpider.spiders',
 'RETRY_ENABLED': False,
 'RETRY_TIMES': 1,
 'SPIDER_MODULES': ['overseaSpider.spiders'],
 'TEMPLATES_DIR': 'D:\\work\\overseaspider\\overseaSpider\\templates'}
2022-01-11 10:19:01 [scrapy.extensions.telnet] INFO: Telnet Password: 75378227d799680c
2022-01-11 10:19:01 [scrapy.middleware] INFO: Enabled extensions:
['scrapy.extensions.corestats.CoreStats',
 'scrapy.extensions.telnet.TelnetConsole',
 'scrapy.extensions.closespider.CloseSpider',
 'scrapy.extensions.logstats.LogStats']
2022-01-11 10:19:01 [scrapy.middleware] INFO: Enabled downloader middlewares:
['overseaSpider.middlewares.OverseaspiderUserAgentMiddleware',
 'scrapy.downloadermiddlewares.httpauth.HttpAuthMiddleware',
 'scrapy.downloadermiddlewares.downloadtimeout.DownloadTimeoutMiddleware',
 'scrapy.downloadermiddlewares.defaultheaders.DefaultHeadersMiddleware',
 'scrapy.downloadermiddlewares.useragent.UserAgentMiddleware',
 'scrapy.downloadermiddlewares.redirect.MetaRefreshMiddleware',
 'scrapy.downloadermiddlewares.httpcompression.HttpCompressionMiddleware',
 'scrapy.downloadermiddlewares.redirect.RedirectMiddleware',
 'scrapy.downloadermiddlewares.cookies.CookiesMiddleware',
 'scrapy.downloadermiddlewares.httpproxy.HttpProxyMiddleware',
 'scrapy.downloadermiddlewares.stats.DownloaderStats']
2022-01-11 10:19:01 [scrapy.middleware] INFO: Enabled spider middlewares:
['scrapy.spidermiddlewares.httperror.HttpErrorMiddleware',
 'scrapy.spidermiddlewares.offsite.OffsiteMiddleware',
 'scrapy.spidermiddlewares.referer.RefererMiddleware',
 'scrapy.spidermiddlewares.urllength.UrlLengthMiddleware',
 'scrapy.spidermiddlewares.depth.DepthMiddleware']
2022-01-11 10:19:01 [scrapy.middleware] INFO: Enabled item pipelines:
['overseaSpider.pipelines.OverseaspiderPipeline']
2022-01-11 10:19:01 [scrapy.core.engine] INFO: Spider opened
2022-01-11 10:19:01 [scrapy.extensions.logstats] INFO: Crawled 0 pages (at 0 pages/min), scraped 0 items (at 0 items/min)
2022-01-11 10:19:01 [scrapy.extensions.telnet] INFO: Telnet console listening on 127.0.0.1:6023
2022-01-11 10:19:03 [scrapy.core.engine] DEBUG: Crawled (200) <GET https://www.credomen.com/> (referer: None)
2022-01-11 10:19:05 [scrapy.core.engine] DEBUG: Crawled (200) <GET https://www.credomen.com/accessories.html> (referer: https://www.credomen.com/)
2022-01-11 10:19:07 [scrapy.core.engine] DEBUG: Crawled (200) <GET https://www.credomen.com/clothing.html> (referer: https://www.credomen.com/)
2022-01-11 10:19:08 [scrapy.core.engine] DEBUG: Crawled (200) <GET https://www.credomen.com/shoes.html> (referer: https://www.credomen.com/)
2022-01-11 10:19:09 [scrapy.core.engine] DEBUG: Crawled (200) <GET https://www.credomen.com/givenchy-BK608RK18A-001-wallets-black.html> (referer: https://www.credomen.com/accessories.html)
2022-01-11 10:19:09 [urllib3.connectionpool] DEBUG: Starting new HTTPS connection (1): www.credomen.com:443
2022-01-11 10:19:10 [urllib3.connectionpool] DEBUG: https://www.credomen.com:443 "GET /pimages/472-00233-1-750-1000.jpg HTTP/1.1" 200 51373
2022-01-11 10:19:10 [scrapy.core.engine] DEBUG: Crawled (200) <GET https://www.credomen.com/dsquared2-CCM0005---12903205-M063-wallets-black.html> (referer: https://www.credomen.com/accessories.html)
2022-01-11 10:19:11 [urllib3.connectionpool] DEBUG: Starting new HTTPS connection (1): www.credomen.com:443
2022-01-11 10:19:12 [urllib3.connectionpool] DEBUG: https://www.credomen.com:443 "GET /pimages/472-00289-1-750-1000.jpg HTTP/1.1" 200 110372
2022-01-11 10:19:12 [scrapy.core.engine] DEBUG: Crawled (200) <GET https://www.credomen.com/dsquared2-WAM0015---12903205-M063-wallets-black.html> (referer: https://www.credomen.com/accessories.html)
2022-01-11 10:19:12 [urllib3.connectionpool] DEBUG: Starting new HTTPS connection (1): www.credomen.com:443
2022-01-11 10:19:13 [urllib3.connectionpool] DEBUG: https://www.credomen.com:443 "GET /pimages/472-00290-1-750-1000.jpg HTTP/1.1" 200 93378
2022-01-11 10:19:14 [scrapy.core.engine] DEBUG: Crawled (200) <GET https://www.credomen.com/amiri-MJLH004-210-t-shirt%20korte%20mouw-multi.html> (referer: https://www.credomen.com/clothing.html)
2022-01-11 10:19:14 [urllib3.connectionpool] DEBUG: Starting new HTTPS connection (1): www.credomen.com:443
2022-01-11 10:19:18 [urllib3.connectionpool] DEBUG: https://www.credomen.com:443 "GET /pimages/423-03488-1-750-1000.jpg HTTP/1.1" 200 165958
2022-01-11 10:19:19 [scrapy.core.engine] DEBUG: Crawled (200) <GET https://www.credomen.com/dsquared2-SNM0184---01601683-M2229-sneakers-multi.html> (referer: https://www.credomen.com/shoes.html)
2022-01-11 10:19:19 [urllib3.connectionpool] DEBUG: Starting new HTTPS connection (1): www.credomen.com:443
2022-01-11 10:19:20 [urllib3.connectionpool] DEBUG: https://www.credomen.com:443 "GET /pimages/104-04093-1-750-1000.jpg HTTP/1.1" 200 82808
2022-01-11 10:19:21 [scrapy.crawler] INFO: Received SIGINT, shutting down gracefully. Send again to force 
2022-01-11 10:19:21 [scrapy.core.engine] INFO: Closing spider (shutdown)
