2022-01-04 17:09:55 [scrapy.utils.log] INFO: Scrapy 2.5.1 started (bot: overseaSpider)
2022-01-04 17:09:55 [scrapy.utils.log] INFO: Versions: lxml 4.7.1.0, libxml2 2.9.12, cssselect 1.1.0, parsel 1.6.0, w3lib 1.22.0, Twisted 21.7.0, Python 3.7.8 (tags/v3.7.8:4b47a5b6ba, Jun 28 2020, 08:53:46) [MSC v.1916 64 bit (AMD64)], pyOpenSSL 21.0.0 (OpenSSL 1.1.1m  14 Dec 2021), cryptography 36.0.1, Platform Windows-10-10.0.19041-SP0
2022-01-04 17:09:55 [scrapy.crawler] INFO: Overridden settings:
{'ASYNCIO_EVENT_LOOP': 'asyncio.SelectorEventLoop',
 'BOT_NAME': 'overseaSpider',
 'CLOSESPIDER_ITEMCOUNT': 5,
 'COMMANDS_MODULE': 'overseaSpider.commands',
 'CONCURRENT_REQUESTS': 4,
 'DOWNLOAD_DELAY': 1,
 'DOWNLOAD_TIMEOUT': 10,
 'HTTPCACHE_EXPIRATION_SECS': 604800,
 'HTTPCACHE_IGNORE_HTTP_CODES': [403, 301, 401, 500, 503],
 'HTTPCACHE_POLICY': 'overseaSpider.middlewares.DummyPolicy',
 'LOG_FILE': 'fulton-armory_1641287395004.log',
 'NEWSPIDER_MODULE': 'overseaSpider.spiders',
 'RETRY_ENABLED': False,
 'RETRY_TIMES': 1,
 'SPIDER_MODULES': ['overseaSpider.spiders'],
 'TEMPLATES_DIR': 'D:\\work\\overseaspider\\overseaSpider\\templates'}
2022-01-04 17:09:55 [scrapy.extensions.telnet] INFO: Telnet Password: 29ef983659be8531
2022-01-04 17:09:55 [scrapy.middleware] INFO: Enabled extensions:
['scrapy.extensions.corestats.CoreStats',
 'scrapy.extensions.telnet.TelnetConsole',
 'scrapy.extensions.closespider.CloseSpider',
 'scrapy.extensions.logstats.LogStats']
2022-01-04 17:09:55 [scrapy.middleware] INFO: Enabled downloader middlewares:
['overseaSpider.middlewares.OverseaspiderUserAgentMiddleware',
 'scrapy.downloadermiddlewares.httpauth.HttpAuthMiddleware',
 'scrapy.downloadermiddlewares.downloadtimeout.DownloadTimeoutMiddleware',
 'scrapy.downloadermiddlewares.defaultheaders.DefaultHeadersMiddleware',
 'scrapy.downloadermiddlewares.useragent.UserAgentMiddleware',
 'scrapy.downloadermiddlewares.redirect.MetaRefreshMiddleware',
 'scrapy.downloadermiddlewares.httpcompression.HttpCompressionMiddleware',
 'scrapy.downloadermiddlewares.redirect.RedirectMiddleware',
 'scrapy.downloadermiddlewares.cookies.CookiesMiddleware',
 'scrapy.downloadermiddlewares.httpproxy.HttpProxyMiddleware',
 'scrapy.downloadermiddlewares.stats.DownloaderStats']
2022-01-04 17:09:55 [scrapy.middleware] INFO: Enabled spider middlewares:
['scrapy.spidermiddlewares.httperror.HttpErrorMiddleware',
 'scrapy.spidermiddlewares.offsite.OffsiteMiddleware',
 'scrapy.spidermiddlewares.referer.RefererMiddleware',
 'scrapy.spidermiddlewares.urllength.UrlLengthMiddleware',
 'scrapy.spidermiddlewares.depth.DepthMiddleware']
2022-01-04 17:09:55 [scrapy.middleware] INFO: Enabled item pipelines:
['overseaSpider.pipelines.OverseaspiderPipeline']
2022-01-04 17:09:55 [scrapy.core.engine] INFO: Spider opened
2022-01-04 17:09:55 [scrapy.extensions.logstats] INFO: Crawled 0 pages (at 0 pages/min), scraped 0 items (at 0 items/min)
2022-01-04 17:09:55 [scrapy.extensions.telnet] INFO: Telnet console listening on 127.0.0.1:6023
2022-01-04 17:09:56 [scrapy.core.engine] DEBUG: Crawled (200) <GET https://www.fulton-armory.com/> (referer: None)
2022-01-04 17:09:57 [scrapy.core.engine] DEBUG: Crawled (200) <GET https://www.fulton-armory.com/FAR-308-Services.aspx> (referer: https://www.fulton-armory.com/)
2022-01-04 17:09:58 [scrapy.core.engine] DEBUG: Crawled (200) <GET https://www.fulton-armory.com/far-308-tools.aspx> (referer: https://www.fulton-armory.com/)
2022-01-04 17:09:59 [scrapy.core.engine] DEBUG: Crawled (200) <GET https://www.fulton-armory.com/FAR-308-Accessories.aspx> (referer: https://www.fulton-armory.com/)
2022-01-04 17:09:59 [scrapy.dupefilters] DEBUG: Filtered duplicate request: <GET https://www.fulton-armory.com/barrel-nut-wrench-far-308-guardian-liberator-1.aspx> - no more duplicates will be shown (see DUPEFILTER_DEBUG to show all duplicates)
2022-01-04 17:10:00 [scrapy.core.engine] DEBUG: Crawled (200) <GET https://www.fulton-armory.com/FAR-308-Lower-Parts.aspx> (referer: https://www.fulton-armory.com/)
2022-01-04 17:10:01 [scrapy.core.engine] DEBUG: Crawled (200) <GET https://www.fulton-armory.com/Posters.aspx> (referer: https://www.fulton-armory.com/)
2022-01-04 17:10:02 [scrapy.core.engine] DEBUG: Crawled (200) <GET https://www.fulton-armory.com/shippingboxdelivered.aspx> (referer: https://www.fulton-armory.com/FAR-308-Services.aspx)
2022-01-04 17:10:03 [urllib3.connectionpool] DEBUG: Starting new HTTPS connection (1): www.fulton-armory.com:443
2022-01-04 17:10:04 [urllib3.connectionpool] DEBUG: https://www.fulton-armory.com:443 "GET /images/products/detail/_DSC2046.JPG HTTP/1.1" 200 141136
2022-01-04 17:10:04 [scrapy.core.engine] DEBUG: Crawled (200) <GET https://www.fulton-armory.com/sightadjustingtoola1a2combofront-1.aspx> (referer: https://www.fulton-armory.com/far-308-tools.aspx)
2022-01-04 17:10:04 [urllib3.connectionpool] DEBUG: Starting new HTTPS connection (1): www.fulton-armory.com:443
2022-01-04 17:10:05 [urllib3.connectionpool] DEBUG: https://www.fulton-armory.com:443 "GET /images/products/detail/keychaintool.png HTTP/1.1" 200 128537
2022-01-04 17:10:06 [PIL.PngImagePlugin] DEBUG: STREAM b'IHDR' 16 13
2022-01-04 17:10:06 [PIL.PngImagePlugin] DEBUG: STREAM b'sRGB' 41 1
2022-01-04 17:10:06 [PIL.PngImagePlugin] DEBUG: STREAM b'gAMA' 54 4
2022-01-04 17:10:06 [PIL.PngImagePlugin] DEBUG: STREAM b'pHYs' 70 9
2022-01-04 17:10:06 [PIL.PngImagePlugin] DEBUG: STREAM b'IDAT' 91 65445
2022-01-04 17:10:06 [scrapy.core.engine] DEBUG: Crawled (200) <GET https://www.fulton-armory.com/titanfar308rifleandcarbineusersguidetooperationandmaintenance12pages.aspx> (referer: https://www.fulton-armory.com/FAR-308-Accessories.aspx)
2022-01-04 17:10:06 [urllib3.connectionpool] DEBUG: Starting new HTTPS connection (1): www.fulton-armory.com:443
2022-01-04 17:10:07 [urllib3.connectionpool] DEBUG: https://www.fulton-armory.com:443 "GET /images/products/detail/TitanManual_20070221_Page_01Cropped200.jpg HTTP/1.1" 200 11399
2022-01-04 17:10:08 [scrapy.core.engine] DEBUG: Crawled (200) <GET https://www.fulton-armory.com/triggerspring.aspx> (referer: https://www.fulton-armory.com/FAR-308-Lower-Parts.aspx)
2022-01-04 17:10:08 [overseaSpider.util.item_check] WARNING: 注意: cat和detail_cat可能不匹配! 检查一下name或者cat中是否有/ 
cat:Trigger Spring, AR-15 / .308 AR
detail_cat:Home/FAR-15/Lower Parts/Trigger Spring, AR-15 / .308 AR 

2022-01-04 17:10:08 [urllib3.connectionpool] DEBUG: Starting new HTTPS connection (1): www.fulton-armory.com:443
2022-01-04 17:10:09 [urllib3.connectionpool] DEBUG: https://www.fulton-armory.com:443 "GET /images/products/detail/artriggerspring.png HTTP/1.1" 200 16564
2022-01-04 17:10:09 [PIL.PngImagePlugin] DEBUG: STREAM b'IHDR' 16 13
2022-01-04 17:10:09 [PIL.PngImagePlugin] DEBUG: STREAM b'gAMA' 41 4
2022-01-04 17:10:09 [PIL.PngImagePlugin] DEBUG: STREAM b'cHRM' 57 32
2022-01-04 17:10:09 [PIL.PngImagePlugin] DEBUG: STREAM b'iCCP' 101 280
2022-01-04 17:10:09 [PIL.PngImagePlugin] DEBUG: iCCP profile name b'ICC Profile'
2022-01-04 17:10:09 [PIL.PngImagePlugin] DEBUG: Compression method 0
2022-01-04 17:10:09 [PIL.PngImagePlugin] DEBUG: STREAM b'pHYs' 393 9
2022-01-04 17:10:09 [PIL.PngImagePlugin] DEBUG: STREAM b'IDAT' 414 16134
2022-01-04 17:10:09 [scrapy.core.engine] DEBUG: Crawled (200) <GET https://www.fulton-armory.com/posterm14explodeddrawingposter16x20color.aspx> (referer: https://www.fulton-armory.com/Posters.aspx)
2022-01-04 17:10:09 [urllib3.connectionpool] DEBUG: Starting new HTTPS connection (1): www.fulton-armory.com:443
2022-01-04 17:10:10 [urllib3.connectionpool] DEBUG: https://www.fulton-armory.com:443 "GET /images/products/detail/M14Poster450.png HTTP/1.1" 200 140061
2022-01-04 17:10:10 [PIL.PngImagePlugin] DEBUG: STREAM b'IHDR' 16 13
2022-01-04 17:10:10 [PIL.PngImagePlugin] DEBUG: STREAM b'gAMA' 41 4
2022-01-04 17:10:10 [PIL.PngImagePlugin] DEBUG: STREAM b'cHRM' 57 32
2022-01-04 17:10:10 [PIL.PngImagePlugin] DEBUG: STREAM b'iCCP' 101 6185
2022-01-04 17:10:10 [PIL.PngImagePlugin] DEBUG: iCCP profile name b'ICC Profile'
2022-01-04 17:10:10 [PIL.PngImagePlugin] DEBUG: Compression method 0
2022-01-04 17:10:10 [PIL.PngImagePlugin] DEBUG: STREAM b'pHYs' 6298 9
2022-01-04 17:10:10 [PIL.PngImagePlugin] DEBUG: STREAM b'IDAT' 6319 59217
2022-01-04 17:10:11 [scrapy.core.engine] DEBUG: Crawled (200) <GET https://www.fulton-armory.com/posterm1explodedviewcolor16x20.aspx> (referer: https://www.fulton-armory.com/Posters.aspx)
2022-01-04 17:10:11 [urllib3.connectionpool] DEBUG: Starting new HTTPS connection (1): www.fulton-armory.com:443
2022-01-04 17:10:12 [urllib3.connectionpool] DEBUG: https://www.fulton-armory.com:443 "GET /images/products/detail/M1Poster450.jpg HTTP/1.1" 200 20620
2022-01-04 17:10:12 [scrapy.crawler] INFO: Received SIGINT, shutting down gracefully. Send again to force 
2022-01-04 17:10:12 [scrapy.core.engine] INFO: Closing spider (shutdown)
