2021-12-27 18:09:24 [scrapy.utils.log] INFO: Scrapy 2.5.1 started (bot: overseaSpider)
2021-12-27 18:09:24 [scrapy.utils.log] INFO: Versions: lxml 4.7.1.0, libxml2 2.9.12, cssselect 1.1.0, parsel 1.6.0, w3lib 1.22.0, Twisted 21.7.0, Python 3.7.8 (tags/v3.7.8:4b47a5b6ba, Jun 28 2020, 08:53:46) [MSC v.1916 64 bit (AMD64)], pyOpenSSL 21.0.0 (OpenSSL 1.1.1m  14 Dec 2021), cryptography 36.0.1, Platform Windows-10-10.0.17763-SP0
2021-12-27 18:09:24 [scrapy.crawler] INFO: Overridden settings:
{'ASYNCIO_EVENT_LOOP': 'asyncio.SelectorEventLoop',
 'BOT_NAME': 'overseaSpider',
 'CLOSESPIDER_ITEMCOUNT': 1,
 'COMMANDS_MODULE': 'overseaSpider.commands',
 'CONCURRENT_REQUESTS': 4,
 'DOWNLOAD_DELAY': 1,
 'DOWNLOAD_TIMEOUT': 10,
 'HTTPCACHE_EXPIRATION_SECS': 604800,
 'HTTPCACHE_IGNORE_HTTP_CODES': [403, 301, 401, 500, 503],
 'HTTPCACHE_POLICY': 'overseaSpider.middlewares.DummyPolicy',
 'LOG_FILE': 'hebeos_1640599764677.log',
 'NEWSPIDER_MODULE': 'overseaSpider.spiders',
 'RETRY_ENABLED': False,
 'RETRY_TIMES': 1,
 'SPIDER_MODULES': ['overseaSpider.spiders'],
 'TEMPLATES_DIR': 'D:\\work\\overseaspider\\overseaSpider\\templates'}
2021-12-27 18:09:24 [scrapy.extensions.telnet] INFO: Telnet Password: 24130889184a1d3a
2021-12-27 18:09:24 [scrapy.middleware] INFO: Enabled extensions:
['scrapy.extensions.corestats.CoreStats',
 'scrapy.extensions.telnet.TelnetConsole',
 'scrapy.extensions.closespider.CloseSpider',
 'scrapy.extensions.logstats.LogStats']
2021-12-27 18:09:25 [scrapy.middleware] INFO: Enabled downloader middlewares:
['overseaSpider.middlewares.OverseaspiderUserAgentMiddleware',
 'scrapy.downloadermiddlewares.httpauth.HttpAuthMiddleware',
 'scrapy.downloadermiddlewares.downloadtimeout.DownloadTimeoutMiddleware',
 'scrapy.downloadermiddlewares.defaultheaders.DefaultHeadersMiddleware',
 'scrapy.downloadermiddlewares.useragent.UserAgentMiddleware',
 'scrapy.downloadermiddlewares.redirect.MetaRefreshMiddleware',
 'scrapy.downloadermiddlewares.httpcompression.HttpCompressionMiddleware',
 'scrapy.downloadermiddlewares.redirect.RedirectMiddleware',
 'scrapy.downloadermiddlewares.cookies.CookiesMiddleware',
 'scrapy.downloadermiddlewares.httpproxy.HttpProxyMiddleware',
 'scrapy.downloadermiddlewares.stats.DownloaderStats']
2021-12-27 18:09:25 [scrapy.middleware] INFO: Enabled spider middlewares:
['scrapy.spidermiddlewares.httperror.HttpErrorMiddleware',
 'scrapy.spidermiddlewares.offsite.OffsiteMiddleware',
 'scrapy.spidermiddlewares.referer.RefererMiddleware',
 'scrapy.spidermiddlewares.urllength.UrlLengthMiddleware',
 'scrapy.spidermiddlewares.depth.DepthMiddleware']
2021-12-27 18:09:25 [scrapy.middleware] INFO: Enabled item pipelines:
['overseaSpider.pipelines.OverseaspiderPipeline']
2021-12-27 18:09:25 [scrapy.core.engine] INFO: Spider opened
2021-12-27 18:09:25 [scrapy.extensions.logstats] INFO: Crawled 0 pages (at 0 pages/min), scraped 0 items (at 0 items/min)
2021-12-27 18:09:25 [scrapy.extensions.telnet] INFO: Telnet console listening on 127.0.0.1:6023
2021-12-27 18:09:26 [scrapy.core.engine] DEBUG: Crawled (200) <GET https://www.hebeos.com//> (referer: None)
2021-12-27 18:09:28 [scrapy.core.engine] DEBUG: Crawled (200) <GET https://www.hebeos.com/prom-dresses_p_65/> (referer: https://www.hebeos.com//)
2021-12-27 18:09:29 [scrapy.core.engine] DEBUG: Crawled (200) <GET https://www.hebeos.com/prom-dresses_p_64/> (referer: https://www.hebeos.com//)
2021-12-27 18:09:30 [scrapy.core.engine] DEBUG: Crawled (200) <GET https://www.hebeos.com/prom-dresses_p_63/> (referer: https://www.hebeos.com//)
2021-12-27 18:09:31 [scrapy.core.engine] DEBUG: Crawled (200) <GET https://www.hebeos.com/prom-dresses_p_62/> (referer: https://www.hebeos.com//)
2021-12-27 18:09:32 [scrapy.core.engine] DEBUG: Crawled (200) <GET https://www.hebeos.com/shoes_p_21/> (referer: https://www.hebeos.com//)
2021-12-27 18:09:33 [scrapy.core.engine] DEBUG: Crawled (200) <GET https://www.hebeos.com/a-line-princess-one-shoulder-sleeveless-beading-long-elastic-woven-satin-dresses-n13bdress11.html?catid=26> (referer: https://www.hebeos.com/prom-dresses_p_65/)
2021-12-27 18:09:34 [overseaSpider.util.item_check] WARNING: 注意: cat和detail_cat可能不匹配! 检查一下name或者cat中是否有/ 
cat:A-Line/Princess One Shoulder Sleeveless Beading Long Elastic Woven Satin Dresses
detail_cat:Home/A-Line/Princess One Shoulder Sleeveless Beading Long Elastic Woven Satin Dresses 

2021-12-27 18:09:34 [urllib3.connectionpool] DEBUG: Starting new HTTPS connection (1): image.hebeos.com:443
2021-12-27 18:09:34 [urllib3.connectionpool] DEBUG: https://image.hebeos.com:443 "GET /media/catalog/product/cache/1/image/9df78eab33525d08d6e5fb8d27136e95/n/1/n13bdress11-01.jpg HTTP/1.1" 200 48838
2021-12-27 18:09:35 [scrapy.core.engine] DEBUG: Crawled (200) <GET https://www.hebeos.com/a-line-princess-high-neck-beading-sleeveless-long-elastic-woven-satin-dresses-50143.html?catid=26> (referer: https://www.hebeos.com/prom-dresses_p_64/)
2021-12-27 18:09:35 [overseaSpider.util.item_check] WARNING: 注意: cat和detail_cat可能不匹配! 检查一下name或者cat中是否有/ 
cat:A-Line/Princess High Neck Beading Sleeveless Long Elastic Woven Satin Dresses
detail_cat:Home/A-Line/Princess High Neck Beading Sleeveless Long Elastic Woven Satin Dresses 

2021-12-27 18:09:35 [urllib3.connectionpool] DEBUG: Starting new HTTPS connection (1): image.hebeos.com:443
2021-12-27 18:09:36 [urllib3.connectionpool] DEBUG: https://image.hebeos.com:443 "GET /media/catalog/product/cache/1/image/9df78eab33525d08d6e5fb8d27136e95/5/0/50143-01.jpg HTTP/1.1" 200 53937
2021-12-27 18:09:36 [scrapy.crawler] INFO: Received SIGINT, shutting down gracefully. Send again to force 
2021-12-27 18:09:36 [scrapy.core.engine] DEBUG: Crawled (200) <GET https://www.hebeos.com/sheath-column-sleeveless-lace-tulle-spaghetti-straps-sweep-brush-train-dresses-mh0103.html?catid=26> (referer: https://www.hebeos.com/prom-dresses_p_63/)
2021-12-27 18:09:36 [scrapy.core.engine] INFO: Closing spider (shutdown)
2021-12-27 18:09:36 [overseaSpider.util.item_check] WARNING: 注意: cat和detail_cat可能不匹配! 检查一下name或者cat中是否有/ 
cat:Sheath/Column Sleeveless Lace Tulle Spaghetti Straps Sweep/Brush Train Dresses
detail_cat:Home/Sheath/Column Sleeveless Lace Tulle Spaghetti Straps Sweep/Brush Train Dresses 

2021-12-27 18:09:36 [urllib3.connectionpool] DEBUG: Starting new HTTPS connection (1): image.hebeos.com:443
