2021-12-29 14:42:49 [scrapy.utils.log] INFO: Scrapy 2.5.1 started (bot: overseaSpider)
2021-12-29 14:42:49 [scrapy.utils.log] INFO: Versions: lxml 4.7.1.0, libxml2 2.9.12, cssselect 1.1.0, parsel 1.6.0, w3lib 1.22.0, Twisted 21.7.0, Python 3.7.8 (tags/v3.7.8:4b47a5b6ba, Jun 28 2020, 08:53:46) [MSC v.1916 64 bit (AMD64)], pyOpenSSL 21.0.0 (OpenSSL 1.1.1m  14 Dec 2021), cryptography 36.0.1, Platform Windows-10-10.0.17763-SP0
2021-12-29 14:42:49 [scrapy.crawler] INFO: Overridden settings:
{'ASYNCIO_EVENT_LOOP': 'asyncio.SelectorEventLoop',
 'BOT_NAME': 'overseaSpider',
 'CLOSESPIDER_ITEMCOUNT': 5,
 'COMMANDS_MODULE': 'overseaSpider.commands',
 'CONCURRENT_REQUESTS': 4,
 'DOWNLOAD_DELAY': 1,
 'DOWNLOAD_TIMEOUT': 10,
 'HTTPCACHE_EXPIRATION_SECS': 604800,
 'HTTPCACHE_IGNORE_HTTP_CODES': [403, 301, 401, 500, 503],
 'HTTPCACHE_POLICY': 'overseaSpider.middlewares.DummyPolicy',
 'LOG_FILE': 'hoanhtao_1640760168816.log',
 'NEWSPIDER_MODULE': 'overseaSpider.spiders',
 'RETRY_ENABLED': False,
 'RETRY_TIMES': 1,
 'SPIDER_MODULES': ['overseaSpider.spiders'],
 'TEMPLATES_DIR': 'D:\\work\\overseaspider\\overseaSpider\\templates'}
2021-12-29 14:42:49 [scrapy.extensions.telnet] INFO: Telnet Password: 0f14eeebe654be08
2021-12-29 14:42:49 [scrapy.middleware] INFO: Enabled extensions:
['scrapy.extensions.corestats.CoreStats',
 'scrapy.extensions.telnet.TelnetConsole',
 'scrapy.extensions.closespider.CloseSpider',
 'scrapy.extensions.logstats.LogStats']
2021-12-29 14:42:49 [scrapy.middleware] INFO: Enabled downloader middlewares:
['overseaSpider.middlewares.OverseaspiderUserAgentMiddleware',
 'scrapy.downloadermiddlewares.httpauth.HttpAuthMiddleware',
 'scrapy.downloadermiddlewares.downloadtimeout.DownloadTimeoutMiddleware',
 'scrapy.downloadermiddlewares.defaultheaders.DefaultHeadersMiddleware',
 'scrapy.downloadermiddlewares.useragent.UserAgentMiddleware',
 'scrapy.downloadermiddlewares.redirect.MetaRefreshMiddleware',
 'scrapy.downloadermiddlewares.httpcompression.HttpCompressionMiddleware',
 'scrapy.downloadermiddlewares.redirect.RedirectMiddleware',
 'scrapy.downloadermiddlewares.cookies.CookiesMiddleware',
 'scrapy.downloadermiddlewares.httpproxy.HttpProxyMiddleware',
 'scrapy.downloadermiddlewares.stats.DownloaderStats']
2021-12-29 14:42:49 [scrapy.middleware] INFO: Enabled spider middlewares:
['scrapy.spidermiddlewares.httperror.HttpErrorMiddleware',
 'scrapy.spidermiddlewares.offsite.OffsiteMiddleware',
 'scrapy.spidermiddlewares.referer.RefererMiddleware',
 'scrapy.spidermiddlewares.urllength.UrlLengthMiddleware',
 'scrapy.spidermiddlewares.depth.DepthMiddleware']
2021-12-29 14:42:49 [scrapy.middleware] INFO: Enabled item pipelines:
['overseaSpider.pipelines.OverseaspiderPipeline']
2021-12-29 14:42:49 [scrapy.core.engine] INFO: Spider opened
2021-12-29 14:42:49 [scrapy.extensions.logstats] INFO: Crawled 0 pages (at 0 pages/min), scraped 0 items (at 0 items/min)
2021-12-29 14:42:49 [scrapy.extensions.telnet] INFO: Telnet console listening on 127.0.0.1:6023
2021-12-29 14:42:50 [scrapy.core.engine] DEBUG: Crawled (200) <GET https://www.hoanhtao.com/> (referer: None)
2021-12-29 14:42:51 [scrapy.core.engine] DEBUG: Crawled (200) <GET https://www.hoanhtao.com/lego-toys-deals/> (referer: https://www.hoanhtao.com/)
2021-12-29 14:42:53 [scrapy.core.engine] DEBUG: Crawled (200) <GET https://www.hoanhtao.com/thomas-friends-toys-clearance-sale/> (referer: https://www.hoanhtao.com/)
2021-12-29 14:42:54 [scrapy.core.engine] DEBUG: Crawled (200) <GET https://www.hoanhtao.com/barbie-the-toys-on-sale/> (referer: https://www.hoanhtao.com/)
2021-12-29 14:42:55 [scrapy.core.engine] DEBUG: Crawled (200) <GET https://www.hoanhtao.com/funko-toys-sale-on-us/> (referer: https://www.hoanhtao.com/)
2021-12-29 14:42:56 [scrapy.core.engine] DEBUG: Crawled (200) <GET https://www.hoanhtao.com/disney-toys-collection-sale/> (referer: https://www.hoanhtao.com/)
2021-12-29 14:42:57 [scrapy.core.engine] DEBUG: Crawled (200) <GET https://www.hoanhtao.com/lego-toys-deals/?p=2> (referer: https://www.hoanhtao.com/lego-toys-deals/)
2021-12-29 14:42:58 [scrapy.core.engine] DEBUG: Crawled (200) <GET https://www.hoanhtao.com/fisher-price-thomas-friends-trackmaster-cave-collapse.html> (referer: https://www.hoanhtao.com/thomas-friends-toys-clearance-sale/)
2021-12-29 14:42:58 [urllib3.connectionpool] DEBUG: Starting new HTTPS connection (1): www.hoanhtao.com:443
2021-12-29 14:42:59 [urllib3.connectionpool] DEBUG: https://www.hoanhtao.com:443 "GET /media/catalog/product/cache/1/small_image/1000x/9df78eab33525d08d6e5fb8d27136e95/0/5/0522181022_1195422_ZO69XV.jpg HTTP/1.1" 200 113246
2021-12-29 14:43:00 [scrapy.core.engine] DEBUG: Crawled (200) <GET https://www.hoanhtao.com/barbie-the-toys-on-sale/?p=2> (referer: https://www.hoanhtao.com/barbie-the-toys-on-sale/)
2021-12-29 14:43:01 [scrapy.core.engine] DEBUG: Crawled (200) <GET https://www.hoanhtao.com/funkoverse-board-game-dc-comics-100-base-set.html> (referer: https://www.hoanhtao.com/funko-toys-sale-on-us/)
2021-12-29 14:43:01 [urllib3.connectionpool] DEBUG: Starting new HTTPS connection (1): www.hoanhtao.com:443
2021-12-29 14:43:02 [urllib3.connectionpool] DEBUG: https://www.hoanhtao.com:443 "GET /media/catalog/product/cache/1/small_image/1000x/9df78eab33525d08d6e5fb8d27136e95/0/5/0511181011_1172711_ZO69XV.jpg HTTP/1.1" 200 193402
2021-12-29 14:43:04 [scrapy.core.engine] DEBUG: Crawled (200) <GET https://www.hoanhtao.com/disney-toys-collection-sale/?p=2> (referer: https://www.hoanhtao.com/disney-toys-collection-sale/)
2021-12-29 14:43:05 [scrapy.core.engine] DEBUG: Crawled (200) <GET https://www.hoanhtao.com/lego-toys-deals/?p=3> (referer: https://www.hoanhtao.com/lego-toys-deals/?p=2)
2021-12-29 14:43:06 [scrapy.core.engine] DEBUG: Crawled (200) <GET https://www.hoanhtao.com/lego-friends-emma-s-mobile-vet-clinic-41360.html> (referer: https://www.hoanhtao.com/lego-toys-deals/?p=2)
2021-12-29 14:43:06 [urllib3.connectionpool] DEBUG: Starting new HTTPS connection (1): www.hoanhtao.com:443
2021-12-29 14:43:07 [urllib3.connectionpool] DEBUG: https://www.hoanhtao.com:443 "GET /media/catalog/product/cache/1/small_image/1000x/9df78eab33525d08d6e5fb8d27136e95/0/9/0953181053_1570653_ZO69XV.jpg HTTP/1.1" 200 205313
2021-12-29 14:43:08 [scrapy.core.engine] DEBUG: Crawled (200) <GET https://www.hoanhtao.com/barbie-the-toys-on-sale/?p=3> (referer: https://www.hoanhtao.com/barbie-the-toys-on-sale/?p=2)
2021-12-29 14:43:09 [scrapy.core.engine] DEBUG: Crawled (200) <GET https://www.hoanhtao.com/barbie-travel-helicopter-toy-vehicle-playsets.html> (referer: https://www.hoanhtao.com/barbie-the-toys-on-sale/?p=2)
2021-12-29 14:43:09 [urllib3.connectionpool] DEBUG: Starting new HTTPS connection (1): www.hoanhtao.com:443
2021-12-29 14:43:10 [urllib3.connectionpool] DEBUG: https://www.hoanhtao.com:443 "GET /media/catalog/product/cache/1/small_image/1000x/9df78eab33525d08d6e5fb8d27136e95/0/8/0813181013_1394413_ZO69XV.jpg HTTP/1.1" 200 111280
2021-12-29 14:43:12 [scrapy.core.engine] DEBUG: Crawled (200) <GET https://www.hoanhtao.com/disney-toys-collection-sale/?p=3> (referer: https://www.hoanhtao.com/disney-toys-collection-sale/?p=2)
2021-12-29 14:43:12 [scrapy.core.engine] DEBUG: Crawled (200) <GET https://www.hoanhtao.com/lego-toys-deals/?p=4> (referer: https://www.hoanhtao.com/lego-toys-deals/?p=3)
2021-12-29 14:43:13 [scrapy.core.engine] DEBUG: Crawled (200) <GET https://www.hoanhtao.com/lego-star-wars-a-new-hope-death-star-cannon-75246-advanced-building-kit-with-death-star-droid.html> (referer: https://www.hoanhtao.com/lego-toys-deals/?p=3)
2021-12-29 14:43:14 [urllib3.connectionpool] DEBUG: Starting new HTTPS connection (1): www.hoanhtao.com:443
2021-12-29 14:43:14 [urllib3.connectionpool] DEBUG: https://www.hoanhtao.com:443 "GET /media/catalog/product/cache/1/small_image/1000x/9df78eab33525d08d6e5fb8d27136e95/2/1/2108181008_2004708_ZO69XV.jpg HTTP/1.1" 200 180852
2021-12-29 14:43:15 [scrapy.core.engine] DEBUG: Crawled (200) <GET https://www.hoanhtao.com/barbie-dentist-doll-playset-blonde.html> (referer: https://www.hoanhtao.com/barbie-the-toys-on-sale/?p=3)
2021-12-29 14:43:15 [urllib3.connectionpool] DEBUG: Starting new HTTPS connection (1): www.hoanhtao.com:443
2021-12-29 14:43:16 [urllib3.connectionpool] DEBUG: https://www.hoanhtao.com:443 "GET /media/catalog/product/cache/1/small_image/1000x/9df78eab33525d08d6e5fb8d27136e95/1/7/1729181029_1933329_ZO69XV.jpg HTTP/1.1" 200 108462
2021-12-29 14:43:16 [scrapy.crawler] INFO: Received SIGINT, shutting down gracefully. Send again to force 
2021-12-29 14:43:16 [scrapy.core.engine] DEBUG: Crawled (200) <GET https://www.hoanhtao.com/barbie-chicken-farmer-doll-playset.html> (referer: https://www.hoanhtao.com/barbie-the-toys-on-sale/?p=3)
2021-12-29 14:43:16 [scrapy.core.engine] INFO: Closing spider (shutdown)
