2021-12-17 11:20:50 [scrapy.utils.log] INFO: Scrapy 2.5.1 started (bot: overseaSpider)
2021-12-17 11:20:50 [scrapy.utils.log] INFO: Versions: lxml 4.7.1.0, libxml2 2.9.12, cssselect 1.1.0, parsel 1.6.0, w3lib 1.22.0, Twisted 21.7.0, Python 3.7.8 (tags/v3.7.8:4b47a5b6ba, Jun 28 2020, 08:53:46) [MSC v.1916 64 bit (AMD64)], pyOpenSSL 21.0.0 (OpenSSL 1.1.1m  14 Dec 2021), cryptography 36.0.1, Platform Windows-10-10.0.17763-SP0
2021-12-17 11:20:50 [scrapy.crawler] INFO: Overridden settings:
{'ASYNCIO_EVENT_LOOP': 'asyncio.SelectorEventLoop',
 'BOT_NAME': 'overseaSpider',
 'CLOSESPIDER_ITEMCOUNT': 5,
 'COMMANDS_MODULE': 'overseaSpider.commands',
 'CONCURRENT_REQUESTS': 4,
 'DOWNLOAD_DELAY': 1,
 'DOWNLOAD_TIMEOUT': 10,
 'HTTPCACHE_EXPIRATION_SECS': 604800,
 'HTTPCACHE_IGNORE_HTTP_CODES': [403, 301, 401, 500, 503],
 'HTTPCACHE_POLICY': 'overseaSpider.middlewares.DummyPolicy',
 'LOG_FILE': 'impactapologetics_1639711250086.log',
 'NEWSPIDER_MODULE': 'overseaSpider.spiders',
 'RETRY_ENABLED': False,
 'RETRY_TIMES': 1,
 'SPIDER_MODULES': ['overseaSpider.spiders'],
 'TEMPLATES_DIR': 'D:\\work\\overseaspider\\overseaSpider\\templates'}
2021-12-17 11:20:50 [scrapy.extensions.telnet] INFO: Telnet Password: bfd91e0e413beaf6
2021-12-17 11:20:50 [scrapy.middleware] INFO: Enabled extensions:
['scrapy.extensions.corestats.CoreStats',
 'scrapy.extensions.telnet.TelnetConsole',
 'scrapy.extensions.closespider.CloseSpider',
 'scrapy.extensions.logstats.LogStats']
2021-12-17 11:20:50 [scrapy.middleware] INFO: Enabled downloader middlewares:
['overseaSpider.middlewares.OverseaspiderUserAgentMiddleware',
 'scrapy.downloadermiddlewares.httpauth.HttpAuthMiddleware',
 'scrapy.downloadermiddlewares.downloadtimeout.DownloadTimeoutMiddleware',
 'scrapy.downloadermiddlewares.defaultheaders.DefaultHeadersMiddleware',
 'scrapy.downloadermiddlewares.useragent.UserAgentMiddleware',
 'scrapy.downloadermiddlewares.redirect.MetaRefreshMiddleware',
 'scrapy.downloadermiddlewares.httpcompression.HttpCompressionMiddleware',
 'scrapy.downloadermiddlewares.redirect.RedirectMiddleware',
 'scrapy.downloadermiddlewares.cookies.CookiesMiddleware',
 'scrapy.downloadermiddlewares.httpproxy.HttpProxyMiddleware',
 'scrapy.downloadermiddlewares.stats.DownloaderStats']
2021-12-17 11:20:50 [scrapy.middleware] INFO: Enabled spider middlewares:
['scrapy.spidermiddlewares.httperror.HttpErrorMiddleware',
 'scrapy.spidermiddlewares.offsite.OffsiteMiddleware',
 'scrapy.spidermiddlewares.referer.RefererMiddleware',
 'scrapy.spidermiddlewares.urllength.UrlLengthMiddleware',
 'scrapy.spidermiddlewares.depth.DepthMiddleware']
2021-12-17 11:20:50 [scrapy.middleware] INFO: Enabled item pipelines:
['overseaSpider.pipelines.OverseaspiderPipeline']
2021-12-17 11:20:50 [scrapy.core.engine] INFO: Spider opened
2021-12-17 11:20:50 [scrapy.extensions.logstats] INFO: Crawled 0 pages (at 0 pages/min), scraped 0 items (at 0 items/min)
2021-12-17 11:20:50 [scrapy.extensions.telnet] INFO: Telnet console listening on 127.0.0.1:6023
2021-12-17 11:20:51 [scrapy.downloadermiddlewares.redirect] DEBUG: Redirecting (301) to <GET https://impactapologetics.com/> from <GET https://www.impactapologetics.com/>
2021-12-17 11:20:52 [scrapy.core.engine] DEBUG: Crawled (200) <GET https://impactapologetics.com/> (referer: None)
2021-12-17 11:20:53 [scrapy.core.engine] DEBUG: Crawled (200) <GET https://impactapologetics.com/bible-studies-curriculum/> (referer: https://impactapologetics.com/)
2021-12-17 11:20:55 [scrapy.core.engine] DEBUG: Crawled (200) <GET https://impactapologetics.com/fun-stuff/> (referer: https://impactapologetics.com/)
2021-12-17 11:20:56 [scrapy.core.engine] DEBUG: Crawled (200) <GET https://impactapologetics.com/video/> (referer: https://impactapologetics.com/)
2021-12-17 11:20:56 [scrapy.dupefilters] DEBUG: Filtered duplicate request: <GET https://impactapologetics.com/why-i-still-dont-have-enough-faith-to-be-an-atheist-complete-dvd-series/> - no more duplicates will be shown (see DUPEFILTER_DEBUG to show all duplicates)
2021-12-17 11:20:56 [scrapy.core.engine] DEBUG: Crawled (200) <GET https://impactapologetics.com/audio/> (referer: https://impactapologetics.com/)
2021-12-17 11:20:58 [scrapy.core.engine] DEBUG: Crawled (200) <GET https://impactapologetics.com/books-1/> (referer: https://impactapologetics.com/)
2021-12-17 11:20:59 [scrapy.core.engine] DEBUG: Crawled (200) <GET https://impactapologetics.com/bible-studies-curriculum/?sort=bestselling&page=2> (referer: https://impactapologetics.com/bible-studies-curriculum/)
2021-12-17 11:21:00 [scrapy.core.engine] DEBUG: Crawled (200) <GET https://impactapologetics.com/images-gift-book-set-hardcover/> (referer: https://impactapologetics.com/fun-stuff/)
2021-12-17 11:21:01 [overseaSpider.util.item_check] WARNING: 注意: brand 是NoneType, 如果没有最好提换成'' 

2021-12-17 11:21:01 [urllib3.connectionpool] DEBUG: Starting new HTTPS connection (1): cdn11.bigcommerce.com:443
2021-12-17 11:21:01 [urllib3.connectionpool] DEBUG: https://cdn11.bigcommerce.com:443 "GET /s-a6f18/images/stencil/1280x1280/products/4273/5389/Images_Set__87057.1606237167.png?c=2?imbypass=on HTTP/1.1" 200 None
2021-12-17 11:21:02 [PIL.PngImagePlugin] DEBUG: STREAM b'IHDR' 16 13
2021-12-17 11:21:02 [PIL.PngImagePlugin] DEBUG: STREAM b'IDAT' 41 1749797
2021-12-17 11:21:02 [scrapy.core.scraper] DEBUG: Scraped from <200 https://impactapologetics.com/images-gift-book-set-hardcover/>
None
2021-12-17 11:21:03 [scrapy.core.engine] DEBUG: Crawled (200) <GET https://impactapologetics.com/video/?sort=bestselling&page=2> (referer: https://impactapologetics.com/video/)
2021-12-17 11:21:05 [scrapy.core.engine] DEBUG: Crawled (200) <GET https://impactapologetics.com/audio/?sort=bestselling&page=2> (referer: https://impactapologetics.com/audio/)
2021-12-17 11:21:06 [scrapy.core.engine] DEBUG: Crawled (200) <GET https://impactapologetics.com/books-1/?sort=bestselling&page=2> (referer: https://impactapologetics.com/books-1/)
2021-12-17 11:21:07 [scrapy.core.engine] DEBUG: Crawled (200) <GET https://impactapologetics.com/bible-studies-curriculum/?sort=bestselling&page=3> (referer: https://impactapologetics.com/bible-studies-curriculum/?sort=bestselling&page=2)
2021-12-17 11:21:08 [scrapy.core.engine] DEBUG: Crawled (200) <GET https://impactapologetics.com/jesus-you-the-essentials-of-christianity-dvd-complete-series/> (referer: https://impactapologetics.com/bible-studies-curriculum/?sort=bestselling&page=2)
2021-12-17 11:21:09 [urllib3.connectionpool] DEBUG: Starting new HTTPS connection (1): cdn11.bigcommerce.com:443
2021-12-17 11:21:09 [urllib3.connectionpool] DEBUG: https://cdn11.bigcommerce.com:443 "GET /s-a6f18/images/stencil/1280x1280/products/4161/4823/Front_-_DVD__37816.1561171600.png?c=2?imbypass=on HTTP/1.1" 200 None
2021-12-17 11:21:10 [PIL.PngImagePlugin] DEBUG: STREAM b'IHDR' 16 13
2021-12-17 11:21:10 [PIL.PngImagePlugin] DEBUG: STREAM b'IDAT' 41 1525025
2021-12-17 11:21:10 [scrapy.core.scraper] DEBUG: Scraped from <200 https://impactapologetics.com/jesus-you-the-essentials-of-christianity-dvd-complete-series/>
None
2021-12-17 11:21:10 [scrapy.core.engine] DEBUG: Crawled (200) <GET https://impactapologetics.com/video/?sort=bestselling&page=3> (referer: https://impactapologetics.com/video/?sort=bestselling&page=2)
2021-12-17 11:21:11 [scrapy.core.engine] DEBUG: Crawled (200) <GET https://impactapologetics.com/audio/?sort=bestselling&page=3> (referer: https://impactapologetics.com/audio/?sort=bestselling&page=2)
2021-12-17 11:21:12 [scrapy.core.engine] DEBUG: Crawled (200) <GET https://impactapologetics.com/books-1/?sort=bestselling&page=3> (referer: https://impactapologetics.com/books-1/?sort=bestselling&page=2)
2021-12-17 11:21:13 [scrapy.core.engine] DEBUG: Crawled (200) <GET https://impactapologetics.com/bible-studies-curriculum/?sort=bestselling&page=4> (referer: https://impactapologetics.com/bible-studies-curriculum/?sort=bestselling&page=3)
2021-12-17 11:21:14 [scrapy.core.engine] DEBUG: Crawled (200) <GET https://impactapologetics.com/proverbs-making-your-paths-straight-complete-9-part-dvd-series/> (referer: https://impactapologetics.com/bible-studies-curriculum/?sort=bestselling&page=3)
2021-12-17 11:21:14 [urllib3.connectionpool] DEBUG: Starting new HTTPS connection (1): cdn11.bigcommerce.com:443
2021-12-17 11:21:15 [urllib3.connectionpool] DEBUG: https://cdn11.bigcommerce.com:443 "GET /s-a6f18/images/stencil/1280x1280/products/4016/4661/30_-_DVD__71753.1559927692.png?c=2?imbypass=on HTTP/1.1" 200 None
2021-12-17 11:21:15 [PIL.PngImagePlugin] DEBUG: STREAM b'IHDR' 16 13
2021-12-17 11:21:15 [PIL.PngImagePlugin] DEBUG: STREAM b'IDAT' 41 1054938
2021-12-17 11:21:15 [scrapy.core.scraper] DEBUG: Scraped from <200 https://impactapologetics.com/proverbs-making-your-paths-straight-complete-9-part-dvd-series/>
None
2021-12-17 11:21:16 [scrapy.core.engine] DEBUG: Crawled (200) <GET https://impactapologetics.com/video/?sort=bestselling&page=4> (referer: https://impactapologetics.com/video/?sort=bestselling&page=3)
2021-12-17 11:21:17 [scrapy.core.engine] DEBUG: Crawled (200) <GET https://impactapologetics.com/audio/?sort=bestselling&page=4> (referer: https://impactapologetics.com/audio/?sort=bestselling&page=3)
2021-12-17 11:21:18 [scrapy.core.engine] DEBUG: Crawled (200) <GET https://impactapologetics.com/images-of-christ-a-celebration-hardcover/> (referer: https://impactapologetics.com/books-1/?sort=bestselling&page=3)
2021-12-17 11:21:18 [overseaSpider.util.item_check] WARNING: 注意: brand 是NoneType, 如果没有最好提换成'' 

2021-12-17 11:21:18 [urllib3.connectionpool] DEBUG: Starting new HTTPS connection (1): cdn11.bigcommerce.com:443
2021-12-17 11:21:19 [urllib3.connectionpool] DEBUG: https://cdn11.bigcommerce.com:443 "GET /s-a6f18/images/stencil/1280x1280/products/4268/5373/Images_of_Christ__28652.1606165702.jpg?c=2?imbypass=on HTTP/1.1" 200 None
2021-12-17 11:21:19 [scrapy.core.scraper] DEBUG: Scraped from <200 https://impactapologetics.com/images-of-christ-a-celebration-hardcover/>
None
2021-12-17 11:21:19 [scrapy.core.engine] DEBUG: Crawled (200) <GET https://impactapologetics.com/bible-studies-curriculum/?sort=bestselling&page=5> (referer: https://impactapologetics.com/bible-studies-curriculum/?sort=bestselling&page=4)
2021-12-17 11:21:20 [scrapy.core.engine] DEBUG: Crawled (200) <GET https://impactapologetics.com/if-god-why-evil-why-natural-disasters-powerpoint-download/> (referer: https://impactapologetics.com/bible-studies-curriculum/?sort=bestselling&page=4)
2021-12-17 11:21:20 [urllib3.connectionpool] DEBUG: Starting new HTTPS connection (1): cdn11.bigcommerce.com:443
2021-12-17 11:21:21 [urllib3.connectionpool] DEBUG: https://cdn11.bigcommerce.com:443 "GET /s-a6f18/images/stencil/1280x1280/products/2612/5307/PPT_download__27996.1583178626.png?c=2?imbypass=on HTTP/1.1" 200 None
2021-12-17 11:21:21 [PIL.PngImagePlugin] DEBUG: STREAM b'IHDR' 16 13
2021-12-17 11:21:21 [PIL.PngImagePlugin] DEBUG: STREAM b'IDAT' 41 32768
2021-12-17 11:21:21 [scrapy.core.scraper] DEBUG: Scraped from <200 https://impactapologetics.com/if-god-why-evil-why-natural-disasters-powerpoint-download/>
None
2021-12-17 11:21:21 [scrapy.core.engine] INFO: Closing spider (closespider_itemcount)
2021-12-17 11:21:22 [scrapy.core.engine] DEBUG: Crawled (200) <GET https://impactapologetics.com/video/?sort=bestselling&page=5> (referer: https://impactapologetics.com/video/?sort=bestselling&page=4)
2021-12-17 11:21:23 [scrapy.core.engine] DEBUG: Crawled (200) <GET https://impactapologetics.com/audio/?sort=bestselling&page=5> (referer: https://impactapologetics.com/audio/?sort=bestselling&page=4)
2021-12-17 11:21:24 [scrapy.crawler] INFO: Received SIGINT, shutting down gracefully. Send again to force 
