2022-02-22 09:54:39 [scrapy.utils.log] INFO: Scrapy 2.5.1 started (bot: overseaSpider)
2022-02-22 09:54:39 [scrapy.utils.log] INFO: Versions: lxml 4.7.1.0, libxml2 2.9.12, cssselect 1.1.0, parsel 1.6.0, w3lib 1.22.0, Twisted 21.2.0, Python 3.7.8 (tags/v3.7.8:4b47a5b6ba, Jun 28 2020, 08:53:46) [MSC v.1916 64 bit (AMD64)], pyOpenSSL 21.0.0 (OpenSSL 1.1.1m  14 Dec 2021), cryptography 36.0.1, Platform Windows-10-10.0.19041-SP0
2022-02-22 09:54:39 [scrapy.crawler] INFO: Overridden settings:
{'ASYNCIO_EVENT_LOOP': 'asyncio.SelectorEventLoop',
 'BOT_NAME': 'overseaSpider',
 'CLOSESPIDER_ITEMCOUNT': 5,
 'COMMANDS_MODULE': 'overseaSpider.commands',
 'CONCURRENT_REQUESTS': 4,
 'DOWNLOAD_DELAY': 1,
 'DOWNLOAD_TIMEOUT': 10,
 'HTTPCACHE_EXPIRATION_SECS': 604800,
 'HTTPCACHE_IGNORE_HTTP_CODES': [403, 301, 401, 500, 503],
 'HTTPCACHE_POLICY': 'overseaSpider.middlewares.DummyPolicy',
 'LOG_FILE': 'jdsports_1645494877722.log',
 'NEWSPIDER_MODULE': 'overseaSpider.spiders',
 'RETRY_ENABLED': False,
 'RETRY_TIMES': 1,
 'SPIDER_MODULES': ['overseaSpider.spiders'],
 'TEMPLATES_DIR': 'D:\\work\\overseaspider\\overseaSpider\\templates'}
2022-02-22 09:54:39 [scrapy.extensions.telnet] INFO: Telnet Password: b23d8c7510c94faf
2022-02-22 09:54:39 [scrapy.middleware] INFO: Enabled extensions:
['scrapy.extensions.corestats.CoreStats',
 'scrapy.extensions.telnet.TelnetConsole',
 'scrapy.extensions.closespider.CloseSpider',
 'scrapy.extensions.logstats.LogStats']
2022-02-22 09:54:39 [scrapy.middleware] INFO: Enabled downloader middlewares:
['overseaSpider.middlewares.OverseaspiderUserAgentMiddleware',
 'scrapy.downloadermiddlewares.httpauth.HttpAuthMiddleware',
 'scrapy.downloadermiddlewares.downloadtimeout.DownloadTimeoutMiddleware',
 'scrapy.downloadermiddlewares.defaultheaders.DefaultHeadersMiddleware',
 'scrapy.downloadermiddlewares.useragent.UserAgentMiddleware',
 'scrapy.downloadermiddlewares.redirect.MetaRefreshMiddleware',
 'scrapy.downloadermiddlewares.httpcompression.HttpCompressionMiddleware',
 'scrapy.downloadermiddlewares.redirect.RedirectMiddleware',
 'scrapy.downloadermiddlewares.cookies.CookiesMiddleware',
 'scrapy.downloadermiddlewares.httpproxy.HttpProxyMiddleware',
 'scrapy.downloadermiddlewares.stats.DownloaderStats']
2022-02-22 09:54:39 [scrapy.middleware] INFO: Enabled spider middlewares:
['scrapy.spidermiddlewares.httperror.HttpErrorMiddleware',
 'scrapy.spidermiddlewares.offsite.OffsiteMiddleware',
 'scrapy.spidermiddlewares.referer.RefererMiddleware',
 'scrapy.spidermiddlewares.urllength.UrlLengthMiddleware',
 'scrapy.spidermiddlewares.depth.DepthMiddleware']
2022-02-22 09:54:39 [scrapy.middleware] INFO: Enabled item pipelines:
['overseaSpider.pipelines.OverseaspiderPipeline']
2022-02-22 09:54:39 [scrapy.core.engine] INFO: Spider opened
2022-02-22 09:54:39 [scrapy.extensions.logstats] INFO: Crawled 0 pages (at 0 pages/min), scraped 0 items (at 0 items/min)
2022-02-22 09:54:39 [scrapy.extensions.telnet] INFO: Telnet console listening on 127.0.0.1:6023
2022-02-22 09:54:40 [scrapy.core.engine] DEBUG: Crawled (200) <GET https://www.jdsports.co.uk/> (referer: None)
2022-02-22 09:54:41 [scrapy.core.engine] DEBUG: Crawled (200) <GET https://www.jdsports.co.uk/kids/> (referer: https://www.jdsports.co.uk/)
2022-02-22 09:54:42 [scrapy.core.engine] DEBUG: Crawled (200) <GET https://www.jdsports.co.uk/women/> (referer: https://www.jdsports.co.uk/)
2022-02-22 09:54:44 [scrapy.downloadermiddlewares.redirect] DEBUG: Redirecting (301) to <GET https://www.jdsports.co.uk/men/> from <GET https://www.jdsports.co.uk/page/men/>
2022-02-22 09:54:45 [scrapy.core.engine] DEBUG: Crawled (200) <GET https://www.jdsports.co.uk/product/white-nike-air-force-1-low-junior/16269378/> (referer: https://www.jdsports.co.uk/kids/)
2022-02-22 09:54:45 [urllib3.connectionpool] DEBUG: Starting new HTTPS connection (1): i8.amplience.net:443
2022-02-22 09:54:46 [urllib3.connectionpool] DEBUG: https://i8.amplience.net:443 "GET /i/jpl/jd_506554_a?qlt=92&w=750&h=531&v=1&fmt=auto HTTP/1.1" 403 304
2022-02-22 09:54:46 [scrapy.core.engine] DEBUG: Crawled (200) <GET https://www.jdsports.co.uk/product/white-adidas-girls-linear-crop-hoodieleggings-set-children/16278324/> (referer: https://www.jdsports.co.uk/kids/)
2022-02-22 09:54:46 [overseaSpider.util.item_check] WARNING: 注意: cat和detail_cat可能不匹配! 检查一下name或者cat中是否有/ 
cat:adidas Girls' Linear Crop Hoodie/Leggings Set Children
detail_cat:Home/Kids/Childrens Clothing (3-7 Years)/Suits/adidas Girls' Linear Crop Hoodie/Leggings Set Children 

2022-02-22 09:54:46 [urllib3.connectionpool] DEBUG: Starting new HTTPS connection (1): i8.amplience.net:443
2022-02-22 09:54:47 [urllib3.connectionpool] DEBUG: https://i8.amplience.net:443 "GET /i/jpl/jd_511220_a?qlt=92&w=750&h=957&v=1&fmt=auto HTTP/1.1" 403 304
2022-02-22 09:54:49 [scrapy.core.engine] DEBUG: Crawled (200) <GET https://www.jdsports.co.uk/kids/?from=72> (referer: https://www.jdsports.co.uk/kids/)
2022-02-22 09:54:49 [scrapy.dupefilters] DEBUG: Filtered duplicate request: <GET https://www.jdsports.co.uk/product/pink-under-armour-girls-logo-crew-sweatshirtleggings-set-children/16278317/> - no more duplicates will be shown (see DUPEFILTER_DEBUG to show all duplicates)
2022-02-22 09:54:50 [scrapy.core.engine] DEBUG: Crawled (200) <GET https://www.jdsports.co.uk/men/> (referer: https://www.jdsports.co.uk/)
2022-02-22 09:54:50 [scrapy.core.engine] DEBUG: Crawled (200) <GET https://www.jdsports.co.uk/women/?from=72> (referer: https://www.jdsports.co.uk/women/)
2022-02-22 09:54:52 [scrapy.core.engine] DEBUG: Crawled (200) <GET https://www.jdsports.co.uk/product/black-nike-air-vapormax-2021-womens/16195280/> (referer: https://www.jdsports.co.uk/women/)
2022-02-22 09:54:53 [urllib3.connectionpool] DEBUG: Starting new HTTPS connection (1): i8.amplience.net:443
2022-02-22 09:54:53 [urllib3.connectionpool] DEBUG: https://i8.amplience.net:443 "GET /i/jpl/jd_455430_a?qlt=92&w=750&h=531&v=1&fmt=auto HTTP/1.1" 403 304
2022-02-22 09:54:54 [scrapy.core.engine] DEBUG: Crawled (200) <GET https://www.jdsports.co.uk/product/grey-nike-3-pack-everyday-essential-crew-socks/16447766/> (referer: https://www.jdsports.co.uk/women/)
2022-02-22 09:54:54 [overseaSpider.util.item_check] WARNING: 重要字段 detail_cat: Miscellaneous 没有空格,请判断是否把字段内容中的空格清洗掉,未清洗掉请跳过
2022-02-22 09:54:54 [urllib3.connectionpool] DEBUG: Starting new HTTPS connection (1): i8.amplience.net:443
2022-02-22 09:54:54 [urllib3.connectionpool] DEBUG: https://i8.amplience.net:443 "GET /i/jpl/jd_506509_a?qlt=92&w=750&h=957&v=1&fmt=auto HTTP/1.1" 403 304
2022-02-22 09:54:56 [scrapy.core.engine] DEBUG: Crawled (200) <GET https://www.jdsports.co.uk/kids/?from=144> (referer: https://www.jdsports.co.uk/kids/?from=72)
2022-02-22 09:54:57 [scrapy.core.engine] DEBUG: Crawled (200) <GET https://www.jdsports.co.uk/men/?from=72> (referer: https://www.jdsports.co.uk/men/)
2022-02-22 09:54:59 [scrapy.core.engine] DEBUG: Crawled (200) <GET https://www.jdsports.co.uk/women/?from=144> (referer: https://www.jdsports.co.uk/women/?from=72)
2022-02-22 09:54:59 [scrapy.core.engine] DEBUG: Crawled (200) <GET https://www.jdsports.co.uk/product/grey-nike-react-vision-womens/16235688/> (referer: https://www.jdsports.co.uk/women/?from=72)
2022-02-22 09:54:59 [urllib3.connectionpool] DEBUG: Starting new HTTPS connection (1): i8.amplience.net:443
2022-02-22 09:54:59 [urllib3.connectionpool] DEBUG: https://i8.amplience.net:443 "GET /i/jpl/jd_CI7523-105_a?qlt=92&w=750&h=531&v=1&fmt=auto HTTP/1.1" 403 312
