2021-12-17 11:44:24 [scrapy.utils.log] INFO: Scrapy 2.5.1 started (bot: overseaSpider)
2021-12-17 11:44:24 [scrapy.utils.log] INFO: Versions: lxml 4.7.1.0, libxml2 2.9.12, cssselect 1.1.0, parsel 1.6.0, w3lib 1.22.0, Twisted 21.7.0, Python 3.7.8 (tags/v3.7.8:4b47a5b6ba, Jun 28 2020, 08:53:46) [MSC v.1916 64 bit (AMD64)], pyOpenSSL 21.0.0 (OpenSSL 1.1.1m  14 Dec 2021), cryptography 36.0.1, Platform Windows-10-10.0.17763-SP0
2021-12-17 11:44:24 [scrapy.crawler] INFO: Overridden settings:
{'ASYNCIO_EVENT_LOOP': 'asyncio.SelectorEventLoop',
 'BOT_NAME': 'overseaSpider',
 'COMMANDS_MODULE': 'overseaSpider.commands',
 'CONCURRENT_REQUESTS': 4,
 'DOWNLOAD_DELAY': 1,
 'DOWNLOAD_TIMEOUT': 10,
 'HTTPCACHE_EXPIRATION_SECS': 604800,
 'HTTPCACHE_IGNORE_HTTP_CODES': [403, 301, 401, 500, 503],
 'HTTPCACHE_POLICY': 'overseaSpider.middlewares.DummyPolicy',
 'LOG_FILE': 'naptoyshop_1639712663763.log',
 'NEWSPIDER_MODULE': 'overseaSpider.spiders',
 'RETRY_ENABLED': False,
 'RETRY_TIMES': 1,
 'SPIDER_MODULES': ['overseaSpider.spiders'],
 'TEMPLATES_DIR': 'D:\\work\\overseaspider\\overseaSpider\\templates'}
2021-12-17 11:44:24 [scrapy.extensions.telnet] INFO: Telnet Password: cee7a7eddf2bc99e
2021-12-17 11:44:24 [scrapy.middleware] INFO: Enabled extensions:
['scrapy.extensions.corestats.CoreStats',
 'scrapy.extensions.telnet.TelnetConsole',
 'scrapy.extensions.logstats.LogStats']
2021-12-17 11:44:24 [scrapy.middleware] INFO: Enabled downloader middlewares:
['overseaSpider.middlewares.OverseaspiderUserAgentMiddleware',
 'scrapy.downloadermiddlewares.httpauth.HttpAuthMiddleware',
 'scrapy.downloadermiddlewares.downloadtimeout.DownloadTimeoutMiddleware',
 'scrapy.downloadermiddlewares.defaultheaders.DefaultHeadersMiddleware',
 'scrapy.downloadermiddlewares.useragent.UserAgentMiddleware',
 'scrapy.downloadermiddlewares.redirect.MetaRefreshMiddleware',
 'scrapy.downloadermiddlewares.httpcompression.HttpCompressionMiddleware',
 'scrapy.downloadermiddlewares.redirect.RedirectMiddleware',
 'scrapy.downloadermiddlewares.cookies.CookiesMiddleware',
 'scrapy.downloadermiddlewares.httpproxy.HttpProxyMiddleware',
 'scrapy.downloadermiddlewares.stats.DownloaderStats']
2021-12-17 11:44:24 [scrapy.middleware] INFO: Enabled spider middlewares:
['scrapy.spidermiddlewares.httperror.HttpErrorMiddleware',
 'scrapy.spidermiddlewares.offsite.OffsiteMiddleware',
 'scrapy.spidermiddlewares.referer.RefererMiddleware',
 'scrapy.spidermiddlewares.urllength.UrlLengthMiddleware',
 'scrapy.spidermiddlewares.depth.DepthMiddleware']
2021-12-17 11:44:24 [scrapy.middleware] INFO: Enabled item pipelines:
['overseaSpider.pipelines.OverseaspiderPipeline']
2021-12-17 11:44:24 [scrapy.core.engine] INFO: Spider opened
2021-12-17 11:44:24 [scrapy.extensions.logstats] INFO: Crawled 0 pages (at 0 pages/min), scraped 0 items (at 0 items/min)
2021-12-17 11:44:24 [scrapy.extensions.telnet] INFO: Telnet console listening on 127.0.0.1:6023
2021-12-17 11:44:25 [scrapy.core.engine] DEBUG: Crawled (200) <GET https://www.naptoyshop.com/> (referer: None)
2021-12-17 11:44:26 [scrapy.core.engine] DEBUG: Crawled (200) <GET https://www.naptoyshop.com/crybabies> (referer: https://www.naptoyshop.com/)
2021-12-17 11:44:27 [scrapy.core.engine] DEBUG: Crawled (200) <GET https://www.naptoyshop.com/inflatable-pools-accessories> (referer: https://www.naptoyshop.com/)
2021-12-17 11:44:28 [scrapy.core.engine] DEBUG: Crawled (200) <GET https://www.naptoyshop.com/board-games> (referer: https://www.naptoyshop.com/)
2021-12-17 11:44:29 [scrapy.core.engine] DEBUG: Crawled (200) <GET https://www.naptoyshop.com/pawpatrol> (referer: https://www.naptoyshop.com/)
2021-12-17 11:44:30 [scrapy.core.engine] DEBUG: Crawled (200) <GET https://www.naptoyshop.com/toddlertoys> (referer: https://www.naptoyshop.com/)
2021-12-17 11:44:30 [scrapy.dupefilters] DEBUG: Filtered duplicate request: <GET https://www.naptoyshop.com/product-page/bestway-flip-pillow-lounge> - no more duplicates will be shown (see DUPEFILTER_DEBUG to show all duplicates)
2021-12-17 11:44:32 [scrapy.core.engine] DEBUG: Crawled (200) <GET https://www.naptoyshop.com/product-page/cry-babies-tutti-frutty-mel> (referer: https://www.naptoyshop.com/crybabies)
2021-12-17 11:44:33 [urllib3.connectionpool] DEBUG: Starting new HTTPS connection (1): static.wixstatic.com:443
2021-12-17 11:44:34 [urllib3.connectionpool] DEBUG: https://static.wixstatic.com:443 "GET /media/eda1f5_5e226ef696944247886e8206922409ff~mv2.jpg/v1/fill/w_996,h_1330,al_c,q_85,usm_0.66_1.00_0.01/eda1f5_5e226ef696944247886e8206922409ff~mv2.jpg HTTP/1.1" 200 231505
2021-12-17 11:44:34 [PIL.TiffImagePlugin] DEBUG: tag: Orientation (274) - type: short (3) - value: b'\x01\x00'
2021-12-17 11:44:34 [PIL.TiffImagePlugin] DEBUG: tag: XResolution (282) - type: rational (5) Tag Location: 34 - Data Location: 86 - value: b'H\x00\x00\x00\x01\x00\x00\x00'
2021-12-17 11:44:34 [PIL.TiffImagePlugin] DEBUG: tag: YResolution (283) - type: rational (5) Tag Location: 46 - Data Location: 94 - value: b'H\x00\x00\x00\x01\x00\x00\x00'
2021-12-17 11:44:34 [PIL.TiffImagePlugin] DEBUG: tag: ResolutionUnit (296) - type: short (3) - value: b'\x02\x00'
2021-12-17 11:44:34 [PIL.TiffImagePlugin] DEBUG: tag: YCbCrPositioning (531) - type: short (3) - value: b'\x01\x00'
2021-12-17 11:44:34 [PIL.TiffImagePlugin] DEBUG: tag: ExifIFD (34665) - type: long (4) - value: b'f\x00\x00\x00'
2021-12-17 11:44:34 [scrapy.core.scraper] DEBUG: Scraped from <200 https://www.naptoyshop.com/product-page/cry-babies-tutti-frutty-mel>
None
2021-12-17 11:44:35 [scrapy.core.engine] DEBUG: Crawled (200) <GET https://www.naptoyshop.com/product-page/speak-out> (referer: https://www.naptoyshop.com/board-games)
2021-12-17 11:44:35 [scrapy.core.engine] DEBUG: Crawled (200) <GET https://www.naptoyshop.com/product-page/swimways-pack-n-float> (referer: https://www.naptoyshop.com/inflatable-pools-accessories)
2021-12-17 11:44:35 [urllib3.connectionpool] DEBUG: Starting new HTTPS connection (1): static.wixstatic.com:443
2021-12-17 11:44:36 [urllib3.connectionpool] DEBUG: https://static.wixstatic.com:443 "GET /media/eda1f5_442e6dd85b7a498e95810372a86b600b~mv2.jpg/v1/fill/w_996,h_996,al_c,q_85,usm_0.66_1.00_0.01/eda1f5_442e6dd85b7a498e95810372a86b600b~mv2.jpg HTTP/1.1" 200 254018
2021-12-17 11:44:36 [PIL.TiffImagePlugin] DEBUG: tag: Orientation (274) - type: short (3) - value: b'\x01\x00'
2021-12-17 11:44:36 [PIL.TiffImagePlugin] DEBUG: tag: XResolution (282) - type: rational (5) Tag Location: 34 - Data Location: 86 - value: b'H\x00\x00\x00\x01\x00\x00\x00'
2021-12-17 11:44:36 [PIL.TiffImagePlugin] DEBUG: tag: YResolution (283) - type: rational (5) Tag Location: 46 - Data Location: 94 - value: b'H\x00\x00\x00\x01\x00\x00\x00'
2021-12-17 11:44:36 [PIL.TiffImagePlugin] DEBUG: tag: ResolutionUnit (296) - type: short (3) - value: b'\x02\x00'
2021-12-17 11:44:36 [PIL.TiffImagePlugin] DEBUG: tag: YCbCrPositioning (531) - type: short (3) - value: b'\x01\x00'
2021-12-17 11:44:36 [PIL.TiffImagePlugin] DEBUG: tag: ExifIFD (34665) - type: long (4) - value: b'f\x00\x00\x00'
2021-12-17 11:44:36 [scrapy.core.scraper] DEBUG: Scraped from <200 https://www.naptoyshop.com/product-page/speak-out>
None
2021-12-17 11:44:36 [urllib3.connectionpool] DEBUG: Starting new HTTPS connection (1): static.wixstatic.com:443
2021-12-17 11:44:37 [urllib3.connectionpool] DEBUG: https://static.wixstatic.com:443 "GET /media/eda1f5_2adea18c9ed34ce7a0a2375883655c63~mv2.jpg/v1/fill/w_996,h_996,al_c,q_85,usm_0.66_1.00_0.01/eda1f5_2adea18c9ed34ce7a0a2375883655c63~mv2.jpg HTTP/1.1" 200 238824
2021-12-17 11:44:37 [PIL.TiffImagePlugin] DEBUG: tag: Orientation (274) - type: short (3) - value: b'\x01\x00'
2021-12-17 11:44:37 [PIL.TiffImagePlugin] DEBUG: tag: XResolution (282) - type: rational (5) Tag Location: 34 - Data Location: 86 - value: b'\xe0\x93\x04\x00\xe8\x03\x00\x00'
2021-12-17 11:44:37 [PIL.TiffImagePlugin] DEBUG: tag: YResolution (283) - type: rational (5) Tag Location: 46 - Data Location: 94 - value: b'\xe0\x93\x04\x00\xe8\x03\x00\x00'
2021-12-17 11:44:37 [PIL.TiffImagePlugin] DEBUG: tag: ResolutionUnit (296) - type: short (3) - value: b'\x02\x00'
2021-12-17 11:44:37 [PIL.TiffImagePlugin] DEBUG: tag: YCbCrPositioning (531) - type: short (3) - value: b'\x01\x00'
2021-12-17 11:44:37 [PIL.TiffImagePlugin] DEBUG: tag: ExifIFD (34665) - type: long (4) - value: b'f\x00\x00\x00'
2021-12-17 11:44:37 [scrapy.core.scraper] DEBUG: Scraped from <200 https://www.naptoyshop.com/product-page/swimways-pack-n-float>
None
2021-12-17 11:44:37 [scrapy.core.engine] DEBUG: Crawled (200) <GET https://www.naptoyshop.com/product-page/paw-patrol-vehicles-chase> (referer: https://www.naptoyshop.com/pawpatrol)
2021-12-17 11:44:38 [scrapy.core.engine] DEBUG: Crawled (200) <GET https://www.naptoyshop.com/product-page/peppa-suzy-playground-fun-playtime-set> (referer: https://www.naptoyshop.com/toddlertoys)
2021-12-17 11:44:38 [urllib3.connectionpool] DEBUG: Starting new HTTPS connection (1): static.wixstatic.com:443
2021-12-17 11:44:38 [urllib3.connectionpool] DEBUG: https://static.wixstatic.com:443 "GET /media/eda1f5_c08257bfdb19491e93cc66e413a40c83~mv2.jpg/v1/fill/w_996,h_996,al_c,q_85,usm_0.66_1.00_0.01/eda1f5_c08257bfdb19491e93cc66e413a40c83~mv2.jpg HTTP/1.1" 200 254155
2021-12-17 11:44:39 [PIL.TiffImagePlugin] DEBUG: tag: Orientation (274) - type: short (3) - value: b'\x01\x00'
2021-12-17 11:44:39 [PIL.TiffImagePlugin] DEBUG: tag: XResolution (282) - type: rational (5) Tag Location: 34 - Data Location: 86 - value: b'\xe0\x93\x04\x00\xe8\x03\x00\x00'
2021-12-17 11:44:39 [PIL.TiffImagePlugin] DEBUG: tag: YResolution (283) - type: rational (5) Tag Location: 46 - Data Location: 94 - value: b'\xe0\x93\x04\x00\xe8\x03\x00\x00'
2021-12-17 11:44:39 [PIL.TiffImagePlugin] DEBUG: tag: ResolutionUnit (296) - type: short (3) - value: b'\x02\x00'
2021-12-17 11:44:39 [PIL.TiffImagePlugin] DEBUG: tag: YCbCrPositioning (531) - type: short (3) - value: b'\x01\x00'
2021-12-17 11:44:39 [PIL.TiffImagePlugin] DEBUG: tag: ExifIFD (34665) - type: long (4) - value: b'f\x00\x00\x00'
2021-12-17 11:44:39 [scrapy.core.scraper] DEBUG: Scraped from <200 https://www.naptoyshop.com/product-page/paw-patrol-vehicles-chase>
None
2021-12-17 11:44:39 [urllib3.connectionpool] DEBUG: Starting new HTTPS connection (1): static.wixstatic.com:443
2021-12-17 11:44:40 [urllib3.connectionpool] DEBUG: https://static.wixstatic.com:443 "GET /media/eda1f5_bca2e600bf9647538185e3ce7d2ead06~mv2.jpeg/v1/fill/w_586,h_586,al_c,lg_1,q_85/eda1f5_bca2e600bf9647538185e3ce7d2ead06~mv2.jpeg HTTP/1.1" 200 69287
2021-12-17 11:44:40 [PIL.TiffImagePlugin] DEBUG: tag: Orientation (274) - type: short (3) - value: b'\x01\x00'
2021-12-17 11:44:40 [PIL.TiffImagePlugin] DEBUG: tag: XResolution (282) - type: rational (5) Tag Location: 34 - Data Location: 86 - value: b'\x00w\x01\x00\xe8\x03\x00\x00'
2021-12-17 11:44:40 [PIL.TiffImagePlugin] DEBUG: tag: YResolution (283) - type: rational (5) Tag Location: 46 - Data Location: 94 - value: b'\x00w\x01\x00\xe8\x03\x00\x00'
2021-12-17 11:44:40 [PIL.TiffImagePlugin] DEBUG: tag: ResolutionUnit (296) - type: short (3) - value: b'\x02\x00'
2021-12-17 11:44:40 [PIL.TiffImagePlugin] DEBUG: tag: YCbCrPositioning (531) - type: short (3) - value: b'\x01\x00'
2021-12-17 11:44:40 [PIL.TiffImagePlugin] DEBUG: tag: ExifIFD (34665) - type: long (4) - value: b'f\x00\x00\x00'
2021-12-17 11:44:40 [scrapy.core.scraper] DEBUG: Scraped from <200 https://www.naptoyshop.com/product-page/peppa-suzy-playground-fun-playtime-set>
None
2021-12-17 11:44:40 [scrapy.core.engine] DEBUG: Crawled (200) <GET https://www.naptoyshop.com/product-page/peppa-george-camping-trip-playset> (referer: https://www.naptoyshop.com/toddlertoys)
2021-12-17 11:44:40 [urllib3.connectionpool] DEBUG: Starting new HTTPS connection (1): static.wixstatic.com:443
2021-12-17 11:44:41 [urllib3.connectionpool] DEBUG: https://static.wixstatic.com:443 "GET /media/eda1f5_eb0716857e5c475d8f52608baa7379af~mv2.jpg/v1/fill/w_996,h_746,al_c,q_85,usm_0.66_1.00_0.01/eda1f5_eb0716857e5c475d8f52608baa7379af~mv2.jpg HTTP/1.1" 200 151449
2021-12-17 11:44:41 [PIL.TiffImagePlugin] DEBUG: tag: Orientation (274) - type: short (3) - value: b'\x01\x00'
2021-12-17 11:44:41 [PIL.TiffImagePlugin] DEBUG: tag: XResolution (282) - type: rational (5) Tag Location: 34 - Data Location: 86 - value: b'H\x00\x00\x00\x01\x00\x00\x00'
2021-12-17 11:44:41 [PIL.TiffImagePlugin] DEBUG: tag: YResolution (283) - type: rational (5) Tag Location: 46 - Data Location: 94 - value: b'H\x00\x00\x00\x01\x00\x00\x00'
2021-12-17 11:44:41 [PIL.TiffImagePlugin] DEBUG: tag: ResolutionUnit (296) - type: short (3) - value: b'\x02\x00'
2021-12-17 11:44:41 [PIL.TiffImagePlugin] DEBUG: tag: YCbCrPositioning (531) - type: short (3) - value: b'\x01\x00'
2021-12-17 11:44:41 [PIL.TiffImagePlugin] DEBUG: tag: ExifIFD (34665) - type: long (4) - value: b'f\x00\x00\x00'
2021-12-17 11:44:41 [scrapy.core.scraper] DEBUG: Scraped from <200 https://www.naptoyshop.com/product-page/peppa-george-camping-trip-playset>
None
2021-12-17 11:44:42 [scrapy.core.engine] DEBUG: Crawled (200) <GET https://www.naptoyshop.com/product-page/baby-twist-pink> (referer: https://www.naptoyshop.com/toddlertoys)
2021-12-17 11:44:42 [urllib3.connectionpool] DEBUG: Starting new HTTPS connection (1): static.wixstatic.com:443
2021-12-17 11:44:42 [urllib3.connectionpool] DEBUG: https://static.wixstatic.com:443 "GET /media/eda1f5_5865122cb0984851b633d54f43dcf51e~mv2.jpg/v1/fill/w_767,h_1024,al_c,q_85/eda1f5_5865122cb0984851b633d54f43dcf51e~mv2.jpg HTTP/1.1" 200 103756
2021-12-17 11:44:43 [PIL.TiffImagePlugin] DEBUG: tag: Orientation (274) - type: short (3) - value: b'\x01\x00'
2021-12-17 11:44:43 [PIL.TiffImagePlugin] DEBUG: tag: XResolution (282) - type: rational (5) Tag Location: 34 - Data Location: 86 - value: b'H\x00\x00\x00\x01\x00\x00\x00'
2021-12-17 11:44:43 [PIL.TiffImagePlugin] DEBUG: tag: YResolution (283) - type: rational (5) Tag Location: 46 - Data Location: 94 - value: b'H\x00\x00\x00\x01\x00\x00\x00'
2021-12-17 11:44:43 [PIL.TiffImagePlugin] DEBUG: tag: ResolutionUnit (296) - type: short (3) - value: b'\x02\x00'
2021-12-17 11:44:43 [PIL.TiffImagePlugin] DEBUG: tag: YCbCrPositioning (531) - type: short (3) - value: b'\x01\x00'
2021-12-17 11:44:43 [PIL.TiffImagePlugin] DEBUG: tag: ExifIFD (34665) - type: long (4) - value: b'f\x00\x00\x00'
2021-12-17 11:44:43 [scrapy.core.scraper] DEBUG: Scraped from <200 https://www.naptoyshop.com/product-page/baby-twist-pink>
None
2021-12-17 11:44:43 [scrapy.core.engine] DEBUG: Crawled (200) <GET https://www.naptoyshop.com/product-page/baby-twist-blue> (referer: https://www.naptoyshop.com/toddlertoys)
2021-12-17 11:44:43 [urllib3.connectionpool] DEBUG: Starting new HTTPS connection (1): static.wixstatic.com:443
2021-12-17 11:44:43 [urllib3.connectionpool] DEBUG: https://static.wixstatic.com:443 "GET /media/eda1f5_c9e5e9a1a5d84e8e8201e58fcb8e8ccb~mv2.jpg/v1/fill/w_517,h_517,al_c,lg_1,q_85/eda1f5_c9e5e9a1a5d84e8e8201e58fcb8e8ccb~mv2.jpg HTTP/1.1" 200 53068
2021-12-17 11:44:43 [PIL.TiffImagePlugin] DEBUG: tag: Orientation (274) - type: short (3) - value: b'\x01\x00'
2021-12-17 11:44:43 [PIL.TiffImagePlugin] DEBUG: tag: XResolution (282) - type: rational (5) Tag Location: 34 - Data Location: 86 - value: b'H\x00\x00\x00\x01\x00\x00\x00'
2021-12-17 11:44:43 [PIL.TiffImagePlugin] DEBUG: tag: YResolution (283) - type: rational (5) Tag Location: 46 - Data Location: 94 - value: b'H\x00\x00\x00\x01\x00\x00\x00'
2021-12-17 11:44:43 [PIL.TiffImagePlugin] DEBUG: tag: ResolutionUnit (296) - type: short (3) - value: b'\x02\x00'
2021-12-17 11:44:43 [PIL.TiffImagePlugin] DEBUG: tag: YCbCrPositioning (531) - type: short (3) - value: b'\x01\x00'
2021-12-17 11:44:43 [PIL.TiffImagePlugin] DEBUG: tag: ExifIFD (34665) - type: long (4) - value: b'f\x00\x00\x00'
2021-12-17 11:44:43 [scrapy.core.scraper] DEBUG: Scraped from <200 https://www.naptoyshop.com/product-page/baby-twist-blue>
None
2021-12-17 11:44:44 [scrapy.core.engine] DEBUG: Crawled (200) <GET https://www.naptoyshop.com/product-page/play-doh-town-fire-truck> (referer: https://www.naptoyshop.com/toddlertoys)
2021-12-17 11:44:44 [urllib3.connectionpool] DEBUG: Starting new HTTPS connection (1): static.wixstatic.com:443
2021-12-17 11:44:45 [urllib3.connectionpool] DEBUG: https://static.wixstatic.com:443 "GET /media/eda1f5_fd6838fa3cdd440198203720a4bdf6f2~mv2.jpeg/v1/fill/w_540,h_540,al_c,lg_1,q_85/eda1f5_fd6838fa3cdd440198203720a4bdf6f2~mv2.jpeg HTTP/1.1" 200 73222
2021-12-17 11:44:45 [PIL.TiffImagePlugin] DEBUG: tag: Orientation (274) - type: short (3) - value: b'\x01\x00'
2021-12-17 11:44:45 [PIL.TiffImagePlugin] DEBUG: tag: XResolution (282) - type: rational (5) Tag Location: 34 - Data Location: 86 - value: b'H\x00\x00\x00\x01\x00\x00\x00'
2021-12-17 11:44:45 [PIL.TiffImagePlugin] DEBUG: tag: YResolution (283) - type: rational (5) Tag Location: 46 - Data Location: 94 - value: b'H\x00\x00\x00\x01\x00\x00\x00'
2021-12-17 11:44:45 [PIL.TiffImagePlugin] DEBUG: tag: ResolutionUnit (296) - type: short (3) - value: b'\x02\x00'
2021-12-17 11:44:45 [PIL.TiffImagePlugin] DEBUG: tag: YCbCrPositioning (531) - type: short (3) - value: b'\x01\x00'
2021-12-17 11:44:45 [PIL.TiffImagePlugin] DEBUG: tag: ExifIFD (34665) - type: long (4) - value: b'f\x00\x00\x00'
2021-12-17 11:44:45 [scrapy.core.scraper] DEBUG: Scraped from <200 https://www.naptoyshop.com/product-page/play-doh-town-fire-truck>
None
2021-12-17 11:44:45 [scrapy.core.engine] DEBUG: Crawled (200) <GET https://www.naptoyshop.com/product-page/play-doh-town-pizza-delivery> (referer: https://www.naptoyshop.com/toddlertoys)
2021-12-17 11:44:45 [urllib3.connectionpool] DEBUG: Starting new HTTPS connection (1): static.wixstatic.com:443
2021-12-17 11:44:46 [urllib3.connectionpool] DEBUG: https://static.wixstatic.com:443 "GET /media/eda1f5_fa92787d26fb46a08f1c16fe94c8e573~mv2_d_1500_1500_s_2.jpg/v1/fill/w_996,h_996,al_c,q_85,usm_0.66_1.00_0.01/eda1f5_fa92787d26fb46a08f1c16fe94c8e573~mv2_d_1500_1500_s_2.jpg HTTP/1.1" 200 322285
2021-12-17 11:44:46 [PIL.TiffImagePlugin] DEBUG: tag: Orientation (274) - type: short (3) - value: b'\x01\x00'
2021-12-17 11:44:46 [PIL.TiffImagePlugin] DEBUG: tag: XResolution (282) - type: rational (5) Tag Location: 34 - Data Location: 86 - value: b'H\x00\x00\x00\x01\x00\x00\x00'
2021-12-17 11:44:46 [PIL.TiffImagePlugin] DEBUG: tag: YResolution (283) - type: rational (5) Tag Location: 46 - Data Location: 94 - value: b'H\x00\x00\x00\x01\x00\x00\x00'
2021-12-17 11:44:46 [PIL.TiffImagePlugin] DEBUG: tag: ResolutionUnit (296) - type: short (3) - value: b'\x02\x00'
2021-12-17 11:44:46 [PIL.TiffImagePlugin] DEBUG: tag: YCbCrPositioning (531) - type: short (3) - value: b'\x01\x00'
2021-12-17 11:44:46 [PIL.TiffImagePlugin] DEBUG: tag: ExifIFD (34665) - type: long (4) - value: b'f\x00\x00\x00'
2021-12-17 11:44:46 [scrapy.core.scraper] DEBUG: Scraped from <200 https://www.naptoyshop.com/product-page/play-doh-town-pizza-delivery>
None
2021-12-17 11:44:47 [scrapy.core.engine] DEBUG: Crawled (200) <GET https://www.naptoyshop.com/product-page/play-doh-doctor-drill-n-fill> (referer: https://www.naptoyshop.com/toddlertoys)
2021-12-17 11:44:47 [urllib3.connectionpool] DEBUG: Starting new HTTPS connection (1): static.wixstatic.com:443
2021-12-17 11:44:47 [urllib3.connectionpool] DEBUG: https://static.wixstatic.com:443 "GET /media/eda1f5_dc0672ef210e4fdb96b1a36acb4f6bb1~mv2.jpg/v1/fill/w_661,h_661,al_c,lg_1,q_85/eda1f5_dc0672ef210e4fdb96b1a36acb4f6bb1~mv2.jpg HTTP/1.1" 200 133204
2021-12-17 11:44:48 [PIL.TiffImagePlugin] DEBUG: tag: Orientation (274) - type: short (3) - value: b'\x01\x00'
2021-12-17 11:44:48 [PIL.TiffImagePlugin] DEBUG: tag: XResolution (282) - type: rational (5) Tag Location: 34 - Data Location: 86 - value: b'H\x00\x00\x00\x01\x00\x00\x00'
2021-12-17 11:44:48 [PIL.TiffImagePlugin] DEBUG: tag: YResolution (283) - type: rational (5) Tag Location: 46 - Data Location: 94 - value: b'H\x00\x00\x00\x01\x00\x00\x00'
2021-12-17 11:44:48 [PIL.TiffImagePlugin] DEBUG: tag: ResolutionUnit (296) - type: short (3) - value: b'\x02\x00'
2021-12-17 11:44:48 [PIL.TiffImagePlugin] DEBUG: tag: YCbCrPositioning (531) - type: short (3) - value: b'\x01\x00'
2021-12-17 11:44:48 [PIL.TiffImagePlugin] DEBUG: tag: ExifIFD (34665) - type: long (4) - value: b'f\x00\x00\x00'
2021-12-17 11:44:48 [scrapy.core.scraper] DEBUG: Scraped from <200 https://www.naptoyshop.com/product-page/play-doh-doctor-drill-n-fill>
None
2021-12-17 11:44:48 [scrapy.core.engine] DEBUG: Crawled (200) <GET https://www.naptoyshop.com/product-page/play-doh-town-ice-cream-truck> (referer: https://www.naptoyshop.com/toddlertoys)
2021-12-17 11:44:48 [urllib3.connectionpool] DEBUG: Starting new HTTPS connection (1): static.wixstatic.com:443
2021-12-17 11:44:49 [urllib3.connectionpool] DEBUG: https://static.wixstatic.com:443 "GET /media/eda1f5_7010c78832f0461886a7833ecd6e50c2~mv2.jpeg/v1/fill/w_540,h_540,al_c,lg_1,q_85/eda1f5_7010c78832f0461886a7833ecd6e50c2~mv2.jpeg HTTP/1.1" 200 90133
2021-12-17 11:44:49 [PIL.TiffImagePlugin] DEBUG: tag: Orientation (274) - type: short (3) - value: b'\x01\x00'
2021-12-17 11:44:49 [PIL.TiffImagePlugin] DEBUG: tag: XResolution (282) - type: rational (5) Tag Location: 34 - Data Location: 86 - value: b'H\x00\x00\x00\x01\x00\x00\x00'
2021-12-17 11:44:49 [PIL.TiffImagePlugin] DEBUG: tag: YResolution (283) - type: rational (5) Tag Location: 46 - Data Location: 94 - value: b'H\x00\x00\x00\x01\x00\x00\x00'
2021-12-17 11:44:49 [PIL.TiffImagePlugin] DEBUG: tag: ResolutionUnit (296) - type: short (3) - value: b'\x02\x00'
2021-12-17 11:44:49 [PIL.TiffImagePlugin] DEBUG: tag: YCbCrPositioning (531) - type: short (3) - value: b'\x01\x00'
2021-12-17 11:44:49 [PIL.TiffImagePlugin] DEBUG: tag: ExifIFD (34665) - type: long (4) - value: b'f\x00\x00\x00'
2021-12-17 11:44:49 [scrapy.core.scraper] DEBUG: Scraped from <200 https://www.naptoyshop.com/product-page/play-doh-town-ice-cream-truck>
None
2021-12-17 11:44:50 [scrapy.core.engine] DEBUG: Crawled (200) <GET https://www.naptoyshop.com/product-page/playskool-stack-n-stow-cups> (referer: https://www.naptoyshop.com/toddlertoys)
2021-12-17 11:44:50 [urllib3.connectionpool] DEBUG: Starting new HTTPS connection (1): static.wixstatic.com:443
2021-12-17 11:44:50 [urllib3.connectionpool] DEBUG: https://static.wixstatic.com:443 "GET /media/eda1f5_596486ce187e4031b1542bcaf4502152~mv2_d_1500_1500_s_2.jpg/v1/fill/w_996,h_996,al_c,q_85,usm_0.66_1.00_0.01/eda1f5_596486ce187e4031b1542bcaf4502152~mv2_d_1500_1500_s_2.jpg HTTP/1.1" 200 242028
2021-12-17 11:44:50 [PIL.TiffImagePlugin] DEBUG: tag: Orientation (274) - type: short (3) - value: b'\x01\x00'
2021-12-17 11:44:50 [PIL.TiffImagePlugin] DEBUG: tag: XResolution (282) - type: rational (5) Tag Location: 34 - Data Location: 86 - value: b'H\x00\x00\x00\x01\x00\x00\x00'
2021-12-17 11:44:50 [PIL.TiffImagePlugin] DEBUG: tag: YResolution (283) - type: rational (5) Tag Location: 46 - Data Location: 94 - value: b'H\x00\x00\x00\x01\x00\x00\x00'
2021-12-17 11:44:50 [PIL.TiffImagePlugin] DEBUG: tag: ResolutionUnit (296) - type: short (3) - value: b'\x02\x00'
2021-12-17 11:44:50 [PIL.TiffImagePlugin] DEBUG: tag: YCbCrPositioning (531) - type: short (3) - value: b'\x01\x00'
2021-12-17 11:44:50 [PIL.TiffImagePlugin] DEBUG: tag: ExifIFD (34665) - type: long (4) - value: b'f\x00\x00\x00'
2021-12-17 11:44:50 [scrapy.core.scraper] DEBUG: Scraped from <200 https://www.naptoyshop.com/product-page/playskool-stack-n-stow-cups>
None
2021-12-17 11:44:51 [scrapy.core.engine] DEBUG: Crawled (200) <GET https://www.naptoyshop.com/product-page/play-doh-aprendo-colores-y-formas> (referer: https://www.naptoyshop.com/toddlertoys)
2021-12-17 11:44:51 [urllib3.connectionpool] DEBUG: Starting new HTTPS connection (1): static.wixstatic.com:443
2021-12-17 11:44:52 [urllib3.connectionpool] DEBUG: https://static.wixstatic.com:443 "GET /media/eda1f5_f72c2d40475b4307b36bb2ea52efaaea~mv2.jpg/v1/fill/w_924,h_924,al_c,q_85/eda1f5_f72c2d40475b4307b36bb2ea52efaaea~mv2.jpg HTTP/1.1" 200 231495
2021-12-17 11:44:52 [PIL.TiffImagePlugin] DEBUG: tag: Orientation (274) - type: short (3) - value: b'\x01\x00'
2021-12-17 11:44:52 [PIL.TiffImagePlugin] DEBUG: tag: XResolution (282) - type: rational (5) Tag Location: 34 - Data Location: 86 - value: b'H\x00\x00\x00\x01\x00\x00\x00'
2021-12-17 11:44:52 [PIL.TiffImagePlugin] DEBUG: tag: YResolution (283) - type: rational (5) Tag Location: 46 - Data Location: 94 - value: b'H\x00\x00\x00\x01\x00\x00\x00'
2021-12-17 11:44:52 [PIL.TiffImagePlugin] DEBUG: tag: ResolutionUnit (296) - type: short (3) - value: b'\x02\x00'
2021-12-17 11:44:52 [PIL.TiffImagePlugin] DEBUG: tag: YCbCrPositioning (531) - type: short (3) - value: b'\x01\x00'
2021-12-17 11:44:52 [PIL.TiffImagePlugin] DEBUG: tag: ExifIFD (34665) - type: long (4) - value: b'f\x00\x00\x00'
2021-12-17 11:44:52 [scrapy.core.scraper] DEBUG: Scraped from <200 https://www.naptoyshop.com/product-page/play-doh-aprendo-colores-y-formas>
None
2021-12-17 11:44:52 [scrapy.core.engine] DEBUG: Crawled (200) <GET https://www.naptoyshop.com/product-page/play-doh-play-doh-star-wars-endor-forest-battle-action-figure> (referer: https://www.naptoyshop.com/toddlertoys)
2021-12-17 11:44:53 [urllib3.connectionpool] DEBUG: Starting new HTTPS connection (1): static.wixstatic.com:443
2021-12-17 11:44:53 [urllib3.connectionpool] DEBUG: https://static.wixstatic.com:443 "GET /media/eda1f5_1bc362f75a5d42ba9d46e8729a6f8727~mv2_d_1500_1500_s_2.jpg/v1/fill/w_996,h_996,al_c,q_85,usm_0.66_1.00_0.01/eda1f5_1bc362f75a5d42ba9d46e8729a6f8727~mv2_d_1500_1500_s_2.jpg HTTP/1.1" 200 303357
2021-12-17 11:44:53 [PIL.TiffImagePlugin] DEBUG: tag: Orientation (274) - type: short (3) - value: b'\x01\x00'
2021-12-17 11:44:53 [PIL.TiffImagePlugin] DEBUG: tag: XResolution (282) - type: rational (5) Tag Location: 34 - Data Location: 86 - value: b'H\x00\x00\x00\x01\x00\x00\x00'
2021-12-17 11:44:53 [PIL.TiffImagePlugin] DEBUG: tag: YResolution (283) - type: rational (5) Tag Location: 46 - Data Location: 94 - value: b'H\x00\x00\x00\x01\x00\x00\x00'
2021-12-17 11:44:53 [PIL.TiffImagePlugin] DEBUG: tag: ResolutionUnit (296) - type: short (3) - value: b'\x02\x00'
2021-12-17 11:44:53 [PIL.TiffImagePlugin] DEBUG: tag: YCbCrPositioning (531) - type: short (3) - value: b'\x01\x00'
2021-12-17 11:44:53 [PIL.TiffImagePlugin] DEBUG: tag: ExifIFD (34665) - type: long (4) - value: b'f\x00\x00\x00'
2021-12-17 11:44:53 [scrapy.core.scraper] DEBUG: Scraped from <200 https://www.naptoyshop.com/product-page/play-doh-play-doh-star-wars-endor-forest-battle-action-figure>
None
2021-12-17 11:44:54 [scrapy.core.engine] DEBUG: Crawled (200) <GET https://www.naptoyshop.com/product-page/maisto-double-loop-playset> (referer: https://www.naptoyshop.com/toddlertoys)
2021-12-17 11:44:54 [urllib3.connectionpool] DEBUG: Starting new HTTPS connection (1): static.wixstatic.com:443
2021-12-17 11:44:55 [urllib3.connectionpool] DEBUG: https://static.wixstatic.com:443 "GET /media/eda1f5_defd7e7de131419b808f1620342adaeb~mv2.jpg/v1/fill/w_996,h_746,al_c,q_85,usm_0.66_1.00_0.01/eda1f5_defd7e7de131419b808f1620342adaeb~mv2.jpg HTTP/1.1" 200 186996
2021-12-17 11:44:55 [PIL.TiffImagePlugin] DEBUG: tag: Orientation (274) - type: short (3) - value: b'\x01\x00'
2021-12-17 11:44:55 [PIL.TiffImagePlugin] DEBUG: tag: XResolution (282) - type: rational (5) Tag Location: 34 - Data Location: 86 - value: b'H\x00\x00\x00\x01\x00\x00\x00'
2021-12-17 11:44:55 [PIL.TiffImagePlugin] DEBUG: tag: YResolution (283) - type: rational (5) Tag Location: 46 - Data Location: 94 - value: b'H\x00\x00\x00\x01\x00\x00\x00'
2021-12-17 11:44:55 [PIL.TiffImagePlugin] DEBUG: tag: ResolutionUnit (296) - type: short (3) - value: b'\x02\x00'
2021-12-17 11:44:55 [PIL.TiffImagePlugin] DEBUG: tag: YCbCrPositioning (531) - type: short (3) - value: b'\x01\x00'
2021-12-17 11:44:55 [PIL.TiffImagePlugin] DEBUG: tag: ExifIFD (34665) - type: long (4) - value: b'f\x00\x00\x00'
2021-12-17 11:44:55 [scrapy.core.scraper] DEBUG: Scraped from <200 https://www.naptoyshop.com/product-page/maisto-double-loop-playset>
None
2021-12-17 11:44:55 [scrapy.core.engine] DEBUG: Crawled (200) <GET https://www.naptoyshop.com/product-page/play-doh-single-can> (referer: https://www.naptoyshop.com/toddlertoys)
2021-12-17 11:44:55 [urllib3.connectionpool] DEBUG: Starting new HTTPS connection (1): static.wixstatic.com:443
2021-12-17 11:44:56 [scrapy.crawler] INFO: Received SIGINT, shutting down gracefully. Send again to force 
