2021-12-28 11:51:54 [scrapy.utils.log] INFO: Scrapy 2.5.1 started (bot: overseaSpider)
2021-12-28 11:51:54 [scrapy.utils.log] INFO: Versions: lxml 4.7.1.0, libxml2 2.9.12, cssselect 1.1.0, parsel 1.6.0, w3lib 1.22.0, Twisted 21.7.0, Python 3.7.8 (tags/v3.7.8:4b47a5b6ba, Jun 28 2020, 08:53:46) [MSC v.1916 64 bit (AMD64)], pyOpenSSL 21.0.0 (OpenSSL 1.1.1m  14 Dec 2021), cryptography 36.0.1, Platform Windows-10-10.0.17763-SP0
2021-12-28 11:51:54 [scrapy.crawler] INFO: Overridden settings:
{'ASYNCIO_EVENT_LOOP': 'asyncio.SelectorEventLoop',
 'BOT_NAME': 'overseaSpider',
 'CLOSESPIDER_ITEMCOUNT': 5,
 'COMMANDS_MODULE': 'overseaSpider.commands',
 'CONCURRENT_REQUESTS': 4,
 'DOWNLOAD_DELAY': 1,
 'DOWNLOAD_TIMEOUT': 10,
 'HTTPCACHE_EXPIRATION_SECS': 604800,
 'HTTPCACHE_IGNORE_HTTP_CODES': [403, 301, 401, 500, 503],
 'HTTPCACHE_POLICY': 'overseaSpider.middlewares.DummyPolicy',
 'LOG_FILE': 'pescaplanet_1640663514180.log',
 'NEWSPIDER_MODULE': 'overseaSpider.spiders',
 'RETRY_ENABLED': False,
 'RETRY_TIMES': 1,
 'SPIDER_MODULES': ['overseaSpider.spiders'],
 'TEMPLATES_DIR': 'D:\\work\\overseaspider\\overseaSpider\\templates'}
2021-12-28 11:51:54 [scrapy.extensions.telnet] INFO: Telnet Password: abd505be9ee8291b
2021-12-28 11:51:54 [scrapy.middleware] INFO: Enabled extensions:
['scrapy.extensions.corestats.CoreStats',
 'scrapy.extensions.telnet.TelnetConsole',
 'scrapy.extensions.closespider.CloseSpider',
 'scrapy.extensions.logstats.LogStats']
2021-12-28 11:51:54 [scrapy.middleware] INFO: Enabled downloader middlewares:
['overseaSpider.middlewares.OverseaspiderUserAgentMiddleware',
 'scrapy.downloadermiddlewares.httpauth.HttpAuthMiddleware',
 'scrapy.downloadermiddlewares.downloadtimeout.DownloadTimeoutMiddleware',
 'scrapy.downloadermiddlewares.defaultheaders.DefaultHeadersMiddleware',
 'scrapy.downloadermiddlewares.useragent.UserAgentMiddleware',
 'scrapy.downloadermiddlewares.redirect.MetaRefreshMiddleware',
 'scrapy.downloadermiddlewares.httpcompression.HttpCompressionMiddleware',
 'scrapy.downloadermiddlewares.redirect.RedirectMiddleware',
 'scrapy.downloadermiddlewares.cookies.CookiesMiddleware',
 'scrapy.downloadermiddlewares.httpproxy.HttpProxyMiddleware',
 'scrapy.downloadermiddlewares.stats.DownloaderStats']
2021-12-28 11:51:54 [scrapy.middleware] INFO: Enabled spider middlewares:
['scrapy.spidermiddlewares.httperror.HttpErrorMiddleware',
 'scrapy.spidermiddlewares.offsite.OffsiteMiddleware',
 'scrapy.spidermiddlewares.referer.RefererMiddleware',
 'scrapy.spidermiddlewares.urllength.UrlLengthMiddleware',
 'scrapy.spidermiddlewares.depth.DepthMiddleware']
2021-12-28 11:51:54 [scrapy.middleware] INFO: Enabled item pipelines:
['overseaSpider.pipelines.OverseaspiderPipeline']
2021-12-28 11:51:54 [scrapy.core.engine] INFO: Spider opened
2021-12-28 11:51:54 [scrapy.extensions.logstats] INFO: Crawled 0 pages (at 0 pages/min), scraped 0 items (at 0 items/min)
2021-12-28 11:51:54 [scrapy.extensions.telnet] INFO: Telnet console listening on 127.0.0.1:6023
2021-12-28 11:51:55 [scrapy.downloadermiddlewares.redirect] DEBUG: Redirecting (302) to <GET https://www.pescaplanet.com/shop/index.php> from <GET https://www.pescaplanet.com/>
2021-12-28 11:51:57 [scrapy.core.engine] DEBUG: Crawled (200) <GET https://www.pescaplanet.com/shop/index.php> (referer: None)
2021-12-28 11:51:59 [scrapy.core.engine] DEBUG: Crawled (200) <GET https://www.pescaplanet.com/shop/mulinelli-c-31.html?osCsid=28bqelat6r7j98av2u8ebg3ec5> (referer: https://www.pescaplanet.com/shop/index.php)
2021-12-28 11:52:00 [scrapy.core.engine] DEBUG: Crawled (200) <GET https://www.pescaplanet.com/shop/motorielettrici-c-105.html?osCsid=28bqelat6r7j98av2u8ebg3ec5> (referer: https://www.pescaplanet.com/shop/index.php)
2021-12-28 11:52:02 [scrapy.core.engine] DEBUG: Crawled (200) <GET https://www.pescaplanet.com/shop/guadini-c-132.html?osCsid=28bqelat6r7j98av2u8ebg3ec5> (referer: https://www.pescaplanet.com/shop/index.php)
2021-12-28 11:52:03 [scrapy.core.engine] DEBUG: Crawled (200) <GET https://www.pescaplanet.com/shop/grandilotti-c-178.html?osCsid=28bqelat6r7j98av2u8ebg3ec5> (referer: https://www.pescaplanet.com/shop/index.php)
2021-12-28 11:52:04 [scrapy.core.engine] DEBUG: Crawled (200) <GET https://www.pescaplanet.com/shop/subacquea-c-66.html?osCsid=28bqelat6r7j98av2u8ebg3ec5> (referer: https://www.pescaplanet.com/shop/index.php)
2021-12-28 11:52:05 [scrapy.core.engine] DEBUG: Crawled (200) <GET https://www.pescaplanet.com/shop/bobinasupplementarexmulinelloshamal80008bbeshimano-p-12407.html?osCsid=28bqelat6r7j98av2u8ebg3ec5> (referer: https://www.pescaplanet.com/shop/mulinelli-c-31.html?osCsid=28bqelat6r7j98av2u8ebg3ec5)
2021-12-28 11:52:05 [urllib3.connectionpool] DEBUG: Starting new HTTPS connection (1): www.pescaplanet.com:443
2021-12-28 11:52:07 [urllib3.connectionpool] DEBUG: https://www.pescaplanet.com:443 "GET /shop/images/3000100/3000100.jpg?osCsid=28bqelat6r7j98av2u8ebg3ec5 HTTP/1.1" 200 336359
2021-12-28 11:52:08 [PIL.TiffImagePlugin] DEBUG: tag: ImageWidth (256) - type: short (3) - value: b'\xc0\x0c'
2021-12-28 11:52:08 [PIL.TiffImagePlugin] DEBUG: tag: ImageLength (257) - type: short (3) - value: b'\x90\t'
2021-12-28 11:52:08 [PIL.TiffImagePlugin] DEBUG: tag: BitsPerSample (258) - type: short (3) Tag Location: 46 - Data Location: 194 - value: b'\x08\x00\x08\x00\x08\x00'
2021-12-28 11:52:08 [PIL.TiffImagePlugin] DEBUG: tag: PhotometricInterpretation (262) - type: short (3) - value: b'\x02\x00'
2021-12-28 11:52:08 [PIL.TiffImagePlugin] DEBUG: tag: Make (271) - type: string (2) Tag Location: 70 - Data Location: 200 - value: b'Canon\x00'
2021-12-28 11:52:08 [PIL.TiffImagePlugin] DEBUG: tag: Model (272) - type: string (2) Tag Location: 82 - Data Location: 206 - value: b'Canon DIGITAL IXUS 80 IS\x00'
2021-12-28 11:52:08 [PIL.TiffImagePlugin] DEBUG: tag: Orientation (274) - type: short (3) - value: b'\x01\x00'
2021-12-28 11:52:08 [PIL.TiffImagePlugin] DEBUG: tag: SamplesPerPixel (277) - type: short (3) - value: b'\x03\x00'
2021-12-28 11:52:08 [PIL.TiffImagePlugin] DEBUG: tag: XResolution (282) - type: rational (5) Tag Location: 118 - Data Location: 231 - value: b"@w\x1b\x00\x10'\x00\x00"
2021-12-28 11:52:08 [PIL.TiffImagePlugin] DEBUG: tag: YResolution (283) - type: rational (5) Tag Location: 130 - Data Location: 239 - value: b"@w\x1b\x00\x10'\x00\x00"
2021-12-28 11:52:08 [PIL.TiffImagePlugin] DEBUG: tag: ResolutionUnit (296) - type: short (3) - value: b'\x02\x00'
2021-12-28 11:52:08 [PIL.TiffImagePlugin] DEBUG: tag: Software (305) - type: string (2) Tag Location: 154 - Data Location: 247 - value: b'Adobe Photoshop CS6 (Macintosh)\x00'
2021-12-28 11:52:08 [PIL.TiffImagePlugin] DEBUG: tag: DateTime (306) - type: string (2) Tag Location: 166 - Data Location: 279 - value: b'2017:02:14 11:43:14\x00'
2021-12-28 11:52:08 [PIL.TiffImagePlugin] DEBUG: tag: YCbCrPositioning (531) - type: short (3) - value: b'\x01\x00'
2021-12-28 11:52:08 [PIL.TiffImagePlugin] DEBUG: tag: ExifIFD (34665) - type: long (4) - value: b',\x01\x00\x00'
2021-12-28 11:52:08 [scrapy.core.engine] DEBUG: Crawled (200) <GET https://www.pescaplanet.com/shop/mulinelli-c-31.html?page=2&op=list&osCsid=28bqelat6r7j98av2u8ebg3ec5> (referer: https://www.pescaplanet.com/shop/mulinelli-c-31.html?osCsid=28bqelat6r7j98av2u8ebg3ec5)
2021-12-28 11:52:09 [scrapy.core.engine] DEBUG: Crawled (200) <GET https://www.pescaplanet.com/shop/guadini-c-132.html?page=2&op=list&osCsid=28bqelat6r7j98av2u8ebg3ec5> (referer: https://www.pescaplanet.com/shop/guadini-c-132.html?osCsid=28bqelat6r7j98av2u8ebg3ec5)
2021-12-28 11:52:09 [scrapy.core.engine] DEBUG: Crawled (200) <GET https://www.pescaplanet.com/shop/trabuccotestaguadinotrpronet-p-21093.html?osCsid=28bqelat6r7j98av2u8ebg3ec5> (referer: https://www.pescaplanet.com/shop/guadini-c-132.html?osCsid=28bqelat6r7j98av2u8ebg3ec5)
2021-12-28 11:52:10 [urllib3.connectionpool] DEBUG: Starting new HTTPS connection (1): www.pescaplanet.com:443
2021-12-28 11:52:11 [urllib3.connectionpool] DEBUG: https://www.pescaplanet.com:443 "GET /shop/images/TR-PRO-NET/08366830.jpg?osCsid=28bqelat6r7j98av2u8ebg3ec5 HTTP/1.1" 200 108760
2021-12-28 11:52:11 [scrapy.core.engine] DEBUG: Crawled (200) <GET https://www.pescaplanet.com/shop/mascherasubinsiliconetrasparenteapneamare-p-3679.html?osCsid=28bqelat6r7j98av2u8ebg3ec5> (referer: https://www.pescaplanet.com/shop/subacquea-c-66.html?osCsid=28bqelat6r7j98av2u8ebg3ec5)
2021-12-28 11:52:11 [urllib3.connectionpool] DEBUG: Starting new HTTPS connection (1): www.pescaplanet.com:443
2021-12-28 11:52:12 [urllib3.connectionpool] DEBUG: https://www.pescaplanet.com:443 "GET /shop/images/220916/50024.jpg?osCsid=28bqelat6r7j98av2u8ebg3ec5 HTTP/1.1" 200 27149
2021-12-28 11:52:12 [PIL.TiffImagePlugin] DEBUG: tag: ImageWidth (256) - type: short (3) - value: b'\x01\xf4'
2021-12-28 11:52:12 [PIL.TiffImagePlugin] DEBUG: tag: ImageLength (257) - type: short (3) - value: b'\x01\x7f'
2021-12-28 11:52:12 [PIL.TiffImagePlugin] DEBUG: tag: BitsPerSample (258) - type: short (3) Tag Location: 46 - Data Location: 158 - value: b'\x00\x08\x00\x08\x00\x08'
2021-12-28 11:52:12 [PIL.TiffImagePlugin] DEBUG: tag: PhotometricInterpretation (262) - type: short (3) - value: b'\x00\x02'
2021-12-28 11:52:12 [PIL.TiffImagePlugin] DEBUG: tag: Orientation (274) - type: short (3) - value: b'\x00\x01'
2021-12-28 11:52:12 [PIL.TiffImagePlugin] DEBUG: tag: SamplesPerPixel (277) - type: short (3) - value: b'\x00\x03'
2021-12-28 11:52:12 [PIL.TiffImagePlugin] DEBUG: tag: XResolution (282) - type: rational (5) Tag Location: 94 - Data Location: 164 - value: b"\x00\n\xfc\x80\x00\x00'\x10"
2021-12-28 11:52:12 [PIL.TiffImagePlugin] DEBUG: tag: YResolution (283) - type: rational (5) Tag Location: 106 - Data Location: 172 - value: b"\x00\n\xfc\x80\x00\x00'\x10"
2021-12-28 11:52:12 [PIL.TiffImagePlugin] DEBUG: tag: ResolutionUnit (296) - type: short (3) - value: b'\x00\x02'
2021-12-28 11:52:12 [PIL.TiffImagePlugin] DEBUG: tag: Software (305) - type: string (2) Tag Location: 130 - Data Location: 180 - value: b'Adobe Photoshop CS6 (Windows)\x00'
2021-12-28 11:52:12 [PIL.TiffImagePlugin] DEBUG: tag: DateTime (306) - type: string (2) Tag Location: 142 - Data Location: 210 - value: b'2016:09:22 10:38:26\x00'
2021-12-28 11:52:12 [PIL.TiffImagePlugin] DEBUG: tag: ExifIFD (34665) - type: long (4) - value: b'\x00\x00\x00\xe8'
2021-12-28 11:52:13 [scrapy.core.engine] DEBUG: Crawled (200) <GET https://www.pescaplanet.com/shop/mutasubneopreneshortymaresapneatagliaxxlsnorkeling-p-5887.html?osCsid=28bqelat6r7j98av2u8ebg3ec5> (referer: https://www.pescaplanet.com/shop/subacquea-c-66.html?osCsid=28bqelat6r7j98av2u8ebg3ec5)
2021-12-28 11:52:13 [urllib3.connectionpool] DEBUG: Starting new HTTPS connection (1): www.pescaplanet.com:443
2021-12-28 11:52:14 [urllib3.connectionpool] DEBUG: https://www.pescaplanet.com:443 "GET /shop/images/220916/shorty-mares.jpg?osCsid=28bqelat6r7j98av2u8ebg3ec5 HTTP/1.1" 200 49633
2021-12-28 11:52:15 [PIL.TiffImagePlugin] DEBUG: tag: ImageWidth (256) - type: short (3) - value: b'\x03\x84'
2021-12-28 11:52:15 [PIL.TiffImagePlugin] DEBUG: tag: ImageLength (257) - type: short (3) - value: b'\x03\x84'
2021-12-28 11:52:15 [PIL.TiffImagePlugin] DEBUG: tag: BitsPerSample (258) - type: short (3) Tag Location: 46 - Data Location: 158 - value: b'\x00\x08\x00\x08\x00\x08'
2021-12-28 11:52:15 [PIL.TiffImagePlugin] DEBUG: tag: PhotometricInterpretation (262) - type: short (3) - value: b'\x00\x02'
2021-12-28 11:52:15 [PIL.TiffImagePlugin] DEBUG: tag: Orientation (274) - type: short (3) - value: b'\x00\x01'
2021-12-28 11:52:15 [PIL.TiffImagePlugin] DEBUG: tag: SamplesPerPixel (277) - type: short (3) - value: b'\x00\x03'
2021-12-28 11:52:15 [PIL.TiffImagePlugin] DEBUG: tag: XResolution (282) - type: rational (5) Tag Location: 94 - Data Location: 164 - value: b"\x00\n`@\x00\x00'\x10"
2021-12-28 11:52:15 [PIL.TiffImagePlugin] DEBUG: tag: YResolution (283) - type: rational (5) Tag Location: 106 - Data Location: 172 - value: b"\x00\n`@\x00\x00'\x10"
2021-12-28 11:52:15 [PIL.TiffImagePlugin] DEBUG: tag: ResolutionUnit (296) - type: short (3) - value: b'\x00\x02'
2021-12-28 11:52:15 [PIL.TiffImagePlugin] DEBUG: tag: Software (305) - type: string (2) Tag Location: 130 - Data Location: 180 - value: b'Adobe Photoshop CS6 (Windows)\x00'
2021-12-28 11:52:15 [PIL.TiffImagePlugin] DEBUG: tag: DateTime (306) - type: string (2) Tag Location: 142 - Data Location: 210 - value: b'2016:09:22 10:48:24\x00'
2021-12-28 11:52:15 [PIL.TiffImagePlugin] DEBUG: tag: ExifIFD (34665) - type: long (4) - value: b'\x00\x00\x00\xe8'
2021-12-28 11:52:15 [scrapy.core.engine] DEBUG: Crawled (200) <GET https://www.pescaplanet.com/shop/mulinelli-c-31.html?page=3&op=list&osCsid=28bqelat6r7j98av2u8ebg3ec5> (referer: https://www.pescaplanet.com/shop/mulinelli-c-31.html?page=2&op=list&osCsid=28bqelat6r7j98av2u8ebg3ec5)
2021-12-28 11:52:17 [scrapy.core.engine] DEBUG: Crawled (200) <GET https://www.pescaplanet.com/shop/mulinellonomuraaikodh2000fd-p-14281.html?osCsid=28bqelat6r7j98av2u8ebg3ec5> (referer: https://www.pescaplanet.com/shop/mulinelli-c-31.html?page=2&op=list&osCsid=28bqelat6r7j98av2u8ebg3ec5)
2021-12-28 11:52:17 [urllib3.connectionpool] DEBUG: Starting new HTTPS connection (1): www.pescaplanet.com:443
2021-12-28 11:52:18 [urllib3.connectionpool] DEBUG: https://www.pescaplanet.com:443 "GET /shop/images/NM10210920/NM_Aiko_DH.jpg?osCsid=28bqelat6r7j98av2u8ebg3ec5 HTTP/1.1" 200 137207
2021-12-28 11:52:18 [scrapy.core.engine] DEBUG: Crawled (200) <GET https://www.pescaplanet.com/shop/guadini-c-132.html?page=3&op=list&osCsid=28bqelat6r7j98av2u8ebg3ec5> (referer: https://www.pescaplanet.com/shop/guadini-c-132.html?page=2&op=list&osCsid=28bqelat6r7j98av2u8ebg3ec5)
2021-12-28 11:52:19 [scrapy.crawler] INFO: Received SIGINT, shutting down gracefully. Send again to force 
2021-12-28 11:52:19 [scrapy.core.engine] INFO: Closing spider (shutdown)
