2021-12-28 17:45:27 [scrapy.utils.log] INFO: Scrapy 2.5.1 started (bot: overseaSpider)
2021-12-28 17:45:27 [scrapy.utils.log] INFO: Versions: lxml 4.7.1.0, libxml2 2.9.12, cssselect 1.1.0, parsel 1.6.0, w3lib 1.22.0, Twisted 21.7.0, Python 3.7.8 (tags/v3.7.8:4b47a5b6ba, Jun 28 2020, 08:53:46) [MSC v.1916 64 bit (AMD64)], pyOpenSSL 21.0.0 (OpenSSL 1.1.1m  14 Dec 2021), cryptography 36.0.1, Platform Windows-10-10.0.17763-SP0
2021-12-28 17:45:27 [scrapy.crawler] INFO: Overridden settings:
{'ASYNCIO_EVENT_LOOP': 'asyncio.SelectorEventLoop',
 'BOT_NAME': 'overseaSpider',
 'CLOSESPIDER_ITEMCOUNT': 5,
 'COMMANDS_MODULE': 'overseaSpider.commands',
 'CONCURRENT_REQUESTS': 4,
 'DOWNLOAD_DELAY': 1,
 'DOWNLOAD_TIMEOUT': 10,
 'HTTPCACHE_EXPIRATION_SECS': 604800,
 'HTTPCACHE_IGNORE_HTTP_CODES': [403, 301, 401, 500, 503],
 'HTTPCACHE_POLICY': 'overseaSpider.middlewares.DummyPolicy',
 'LOG_FILE': 'summitbrands_1640684726747.log',
 'NEWSPIDER_MODULE': 'overseaSpider.spiders',
 'RETRY_ENABLED': False,
 'RETRY_TIMES': 1,
 'SPIDER_MODULES': ['overseaSpider.spiders'],
 'TEMPLATES_DIR': 'D:\\work\\overseaspider\\overseaSpider\\templates'}
2021-12-28 17:45:27 [scrapy.extensions.telnet] INFO: Telnet Password: a91bd8999cb64424
2021-12-28 17:45:27 [scrapy.middleware] INFO: Enabled extensions:
['scrapy.extensions.corestats.CoreStats',
 'scrapy.extensions.telnet.TelnetConsole',
 'scrapy.extensions.closespider.CloseSpider',
 'scrapy.extensions.logstats.LogStats']
2021-12-28 17:45:27 [scrapy.middleware] INFO: Enabled downloader middlewares:
['overseaSpider.middlewares.OverseaspiderUserAgentMiddleware',
 'scrapy.downloadermiddlewares.httpauth.HttpAuthMiddleware',
 'scrapy.downloadermiddlewares.downloadtimeout.DownloadTimeoutMiddleware',
 'scrapy.downloadermiddlewares.defaultheaders.DefaultHeadersMiddleware',
 'scrapy.downloadermiddlewares.useragent.UserAgentMiddleware',
 'scrapy.downloadermiddlewares.redirect.MetaRefreshMiddleware',
 'scrapy.downloadermiddlewares.httpcompression.HttpCompressionMiddleware',
 'scrapy.downloadermiddlewares.redirect.RedirectMiddleware',
 'scrapy.downloadermiddlewares.cookies.CookiesMiddleware',
 'scrapy.downloadermiddlewares.httpproxy.HttpProxyMiddleware',
 'scrapy.downloadermiddlewares.stats.DownloaderStats']
2021-12-28 17:45:27 [scrapy.middleware] INFO: Enabled spider middlewares:
['scrapy.spidermiddlewares.httperror.HttpErrorMiddleware',
 'scrapy.spidermiddlewares.offsite.OffsiteMiddleware',
 'scrapy.spidermiddlewares.referer.RefererMiddleware',
 'scrapy.spidermiddlewares.urllength.UrlLengthMiddleware',
 'scrapy.spidermiddlewares.depth.DepthMiddleware']
2021-12-28 17:45:27 [scrapy.middleware] INFO: Enabled item pipelines:
['overseaSpider.pipelines.OverseaspiderPipeline']
2021-12-28 17:45:27 [scrapy.core.engine] INFO: Spider opened
2021-12-28 17:45:27 [scrapy.extensions.logstats] INFO: Crawled 0 pages (at 0 pages/min), scraped 0 items (at 0 items/min)
2021-12-28 17:45:27 [scrapy.extensions.telnet] INFO: Telnet console listening on 127.0.0.1:6023
2021-12-28 17:45:37 [scrapy.core.scraper] ERROR: Error downloading <GET https://www.summitbrands.com/>
Traceback (most recent call last):
  File "C:\Users\raccoon\AppData\Local\Programs\Python\Python37\lib\site-packages\twisted\internet\defer.py", line 1658, in _inlineCallbacks
    cast(Failure, result).throwExceptionIntoGenerator, gen
  File "C:\Users\raccoon\AppData\Local\Programs\Python\Python37\lib\site-packages\twisted\python\failure.py", line 500, in throwExceptionIntoGenerator
    return g.throw(self.type, self.value, self.tb)
  File "C:\Users\raccoon\AppData\Local\Programs\Python\Python37\lib\site-packages\scrapy\core\downloader\middleware.py", line 44, in process_request
    return (yield download_func(request=request, spider=spider))
  File "C:\Users\raccoon\AppData\Local\Programs\Python\Python37\lib\site-packages\twisted\internet\defer.py", line 859, in _runCallbacks
    current.result, *args, **kwargs
  File "C:\Users\raccoon\AppData\Local\Programs\Python\Python37\lib\site-packages\scrapy\core\downloader\handlers\http11.py", line 355, in _cb_timeout
    raise TimeoutError(f"Getting {url} took longer than {timeout} seconds.")
twisted.internet.error.TimeoutError: User timeout caused connection failure: Getting https://www.summitbrands.com/ took longer than 10.0 seconds..
2021-12-28 17:45:38 [scrapy.core.engine] INFO: Closing spider (finished)
2021-12-28 17:45:38 [scrapy.statscollectors] INFO: Dumping Scrapy stats:
{'downloader/exception_count': 1,
 'downloader/exception_type_count/twisted.internet.error.TimeoutError': 1,
 'downloader/request_bytes': 298,
 'downloader/request_count': 1,
 'downloader/request_method_count/GET': 1,
 'elapsed_time_seconds': 10.236979,
 'finish_reason': 'finished',
 'finish_time': datetime.datetime(2021, 12, 28, 9, 45, 38, 94862),
 'log_count/ERROR': 1,
 'log_count/INFO': 10,
 'scheduler/dequeued': 1,
 'scheduler/dequeued/memory': 1,
 'scheduler/enqueued': 1,
 'scheduler/enqueued/memory': 1,
 'start_time': datetime.datetime(2021, 12, 28, 9, 45, 27, 857883)}
2021-12-28 17:45:38 [scrapy.core.engine] INFO: Spider closed (finished)
