2021-12-20 15:07:54 [scrapy.utils.log] INFO: Scrapy 2.5.1 started (bot: overseaSpider)
2021-12-20 15:07:54 [scrapy.utils.log] INFO: Versions: lxml 4.7.1.0, libxml2 2.9.12, cssselect 1.1.0, parsel 1.6.0, w3lib 1.22.0, Twisted 21.7.0, Python 3.7.8 (tags/v3.7.8:4b47a5b6ba, Jun 28 2020, 08:53:46) [MSC v.1916 64 bit (AMD64)], pyOpenSSL 21.0.0 (OpenSSL 1.1.1m  14 Dec 2021), cryptography 36.0.1, Platform Windows-10-10.0.17763-SP0
2021-12-20 15:07:54 [scrapy.crawler] INFO: Overridden settings:
{'ASYNCIO_EVENT_LOOP': 'asyncio.SelectorEventLoop',
 'BOT_NAME': 'overseaSpider',
 'CLOSESPIDER_ITEMCOUNT': 10,
 'COMMANDS_MODULE': 'overseaSpider.commands',
 'CONCURRENT_REQUESTS': 4,
 'DOWNLOAD_DELAY': 1,
 'DOWNLOAD_TIMEOUT': 10,
 'HTTPCACHE_EXPIRATION_SECS': 604800,
 'HTTPCACHE_IGNORE_HTTP_CODES': [403, 301, 401, 500, 503],
 'HTTPCACHE_POLICY': 'overseaSpider.middlewares.DummyPolicy',
 'LOG_FILE': 'thebookstall_1639984073853.log',
 'NEWSPIDER_MODULE': 'overseaSpider.spiders',
 'RETRY_ENABLED': False,
 'RETRY_TIMES': 1,
 'SPIDER_MODULES': ['overseaSpider.spiders'],
 'TEMPLATES_DIR': 'D:\\work\\overseaspider\\overseaSpider\\templates'}
2021-12-20 15:07:54 [scrapy.extensions.telnet] INFO: Telnet Password: ecc5d3a415056619
2021-12-20 15:07:54 [scrapy.middleware] INFO: Enabled extensions:
['scrapy.extensions.corestats.CoreStats',
 'scrapy.extensions.telnet.TelnetConsole',
 'scrapy.extensions.closespider.CloseSpider',
 'scrapy.extensions.logstats.LogStats']
2021-12-20 15:07:54 [scrapy.middleware] INFO: Enabled downloader middlewares:
['overseaSpider.middlewares.OverseaspiderUserAgentMiddleware',
 'scrapy.downloadermiddlewares.httpauth.HttpAuthMiddleware',
 'scrapy.downloadermiddlewares.downloadtimeout.DownloadTimeoutMiddleware',
 'scrapy.downloadermiddlewares.defaultheaders.DefaultHeadersMiddleware',
 'scrapy.downloadermiddlewares.useragent.UserAgentMiddleware',
 'scrapy.downloadermiddlewares.redirect.MetaRefreshMiddleware',
 'scrapy.downloadermiddlewares.httpcompression.HttpCompressionMiddleware',
 'scrapy.downloadermiddlewares.redirect.RedirectMiddleware',
 'scrapy.downloadermiddlewares.cookies.CookiesMiddleware',
 'scrapy.downloadermiddlewares.httpproxy.HttpProxyMiddleware',
 'scrapy.downloadermiddlewares.stats.DownloaderStats']
2021-12-20 15:07:54 [scrapy.middleware] INFO: Enabled spider middlewares:
['scrapy.spidermiddlewares.httperror.HttpErrorMiddleware',
 'scrapy.spidermiddlewares.offsite.OffsiteMiddleware',
 'scrapy.spidermiddlewares.referer.RefererMiddleware',
 'scrapy.spidermiddlewares.urllength.UrlLengthMiddleware',
 'scrapy.spidermiddlewares.depth.DepthMiddleware']
2021-12-20 15:07:54 [scrapy.middleware] INFO: Enabled item pipelines:
['overseaSpider.pipelines.OverseaspiderPipeline']
2021-12-20 15:07:54 [scrapy.core.engine] INFO: Spider opened
2021-12-20 15:07:54 [scrapy.extensions.logstats] INFO: Crawled 0 pages (at 0 pages/min), scraped 0 items (at 0 items/min)
2021-12-20 15:07:54 [scrapy.extensions.telnet] INFO: Telnet console listening on 127.0.0.1:6023
2021-12-20 15:07:55 [scrapy.core.engine] DEBUG: Crawled (200) <GET https://www.thebookstall.com/> (referer: None)
2021-12-20 15:07:56 [scrapy.core.engine] DEBUG: Crawled (200) <GET https://www.thebookstall.com/book-stall-selections> (referer: https://www.thebookstall.com/)
2021-12-20 15:07:58 [scrapy.core.engine] DEBUG: Crawled (200) <GET https://www.thebookstall.com//gifts-and-games> (referer: https://www.thebookstall.com/book-stall-selections)
2021-12-20 15:07:59 [scrapy.core.engine] DEBUG: Crawled (200) <GET https://www.thebookstall.com//staff-recommends> (referer: https://www.thebookstall.com/book-stall-selections)
2021-12-20 15:08:00 [scrapy.downloadermiddlewares.redirect] DEBUG: Redirecting (301) to <GET https://www.thebookstall.com/childrens-books> from <GET https://www.thebookstall.com//node/18210>
2021-12-20 15:08:01 [scrapy.core.engine] DEBUG: Crawled (200) <GET https://www.thebookstall.com//books-adults-0> (referer: https://www.thebookstall.com/book-stall-selections)
2021-12-20 15:08:02 [scrapy.downloadermiddlewares.redirect] DEBUG: Redirecting (301) to <GET https://www.thebookstall.com/notebooks-and-planners> from <GET https://www.thebookstall.com//node/25413>
2021-12-20 15:08:03 [scrapy.downloadermiddlewares.redirect] DEBUG: Redirecting (301) to <GET https://www.thebookstall.com/games-and-puzzles> from <GET https://www.thebookstall.com//node/25411>
2021-12-20 15:08:04 [scrapy.core.engine] DEBUG: Crawled (200) <GET https://www.thebookstall.com/childrens-books> (referer: https://www.thebookstall.com/book-stall-selections)
2021-12-20 15:08:05 [scrapy.downloadermiddlewares.redirect] DEBUG: Redirecting (301) to <GET https://www.thebookstall.com/stephanie-recommends> from <GET https://www.thebookstall.com//node/5428>
2021-12-20 15:08:06 [scrapy.core.engine] DEBUG: Crawled (200) <GET https://www.thebookstall.com/notebooks-and-planners> (referer: https://www.thebookstall.com//gifts-and-games)
2021-12-20 15:08:08 [scrapy.core.engine] DEBUG: Crawled (200) <GET https://www.thebookstall.com/games-and-puzzles> (referer: https://www.thebookstall.com//gifts-and-games)
2021-12-20 15:08:09 [scrapy.core.engine] DEBUG: Crawled (200) <GET https://www.thebookstall.com//cookbooks> (referer: https://www.thebookstall.com//books-adults-0)
2021-12-20 15:08:10 [scrapy.core.engine] DEBUG: Crawled (200) <GET https://www.thebookstall.com/stephanie-recommends> (referer: https://www.thebookstall.com//staff-recommends)
2021-12-20 15:08:11 [scrapy.core.engine] DEBUG: Crawled (200) <GET https://www.thebookstall.com//young-adult> (referer: https://www.thebookstall.com/childrens-books)
2021-12-20 15:08:13 [scrapy.core.engine] DEBUG: Crawled (200) <GET https://www.thebookstall.com//book/9788862930345> (referer: https://www.thebookstall.com/notebooks-and-planners)
2021-12-20 15:08:13 [urllib3.connectionpool] DEBUG: Starting new HTTPS connection (1): images.booksense.com:443
2021-12-20 15:08:13 [urllib3.connectionpool] DEBUG: https://images.booksense.com:443 "GET /images/345/930/9788862930345.jpg HTTP/1.1" 200 12702
2021-12-20 15:08:15 [scrapy.core.engine] DEBUG: Crawled (200) <GET https://www.thebookstall.com//product/blind-date-puzzle-500-750-pieces> (referer: https://www.thebookstall.com/games-and-puzzles)
2021-12-20 15:08:15 [overseaSpider.util.item_check] ERROR: error processing item:
{'brand': '',
 'cat': 'Blind Date With a Puzzle! (500 - 750 pieces)',
 'created': 1639984095,
 'current_price': '20.00',
 'description': '',
 'detail_cat': 'Home/Gifts and Games/Games and Puzzles/Blind Date With a '
               'Puzzle! (500 - 750 pieces)',
 'id': '0b736d791cb567ef26626252575c3424',
 'images': [],
 'is_deleted': 0,
 'lastCrawlTime': '2021-12-20 15:08:15',
 'measurements': ['Weight: None',
                  'Height: None',
                  'Length: None',
                  'Depth: None'],
 'name': 'Blind Date With a Puzzle! (500 - 750 pieces)',
 'original_price': '20.00',
 'sku_list': [],
 'source': 'thebookstall.com',
 'updated': 1639984095,
 'url': 'https://www.thebookstall.com//product/blind-date-puzzle-500-750-pieces'}
2021-12-20 15:08:16 [scrapy.core.engine] DEBUG: Crawled (200) <GET https://www.thebookstall.com//book/9781572842991> (referer: https://www.thebookstall.com//cookbooks)
2021-12-20 15:08:16 [urllib3.connectionpool] DEBUG: Starting new HTTPS connection (1): images.booksense.com:443
2021-12-20 15:08:17 [urllib3.connectionpool] DEBUG: https://images.booksense.com:443 "GET /images/991/842/9781572842991.jpg HTTP/1.1" 200 268132
2021-12-20 15:08:19 [scrapy.core.engine] DEBUG: Crawled (200) <GET https://www.thebookstall.com//book/9780525657606> (referer: https://www.thebookstall.com/stephanie-recommends)
2021-12-20 15:08:19 [urllib3.connectionpool] DEBUG: Starting new HTTPS connection (1): images.booksense.com:443
2021-12-20 15:08:21 [urllib3.connectionpool] DEBUG: https://images.booksense.com:443 "GET /images/606/657/9780525657606.jpg HTTP/1.1" 200 143661
2021-12-20 15:08:24 [scrapy.core.engine] DEBUG: Crawled (200) <GET https://www.thebookstall.com//book/9780062885050> (referer: https://www.thebookstall.com//young-adult)
2021-12-20 15:08:24 [urllib3.connectionpool] DEBUG: Starting new HTTPS connection (1): images.booksense.com:443
2021-12-20 15:08:25 [urllib3.connectionpool] DEBUG: https://images.booksense.com:443 "GET /images/050/885/9780062885050.jpg HTTP/1.1" 200 170413
2021-12-20 15:08:26 [scrapy.core.engine] DEBUG: Crawled (200) <GET https://www.thebookstall.com//book/9780759557635> (referer: https://www.thebookstall.com//young-adult)
2021-12-20 15:08:26 [urllib3.connectionpool] DEBUG: Starting new HTTPS connection (1): images.booksense.com:443
2021-12-20 15:08:27 [urllib3.connectionpool] DEBUG: https://images.booksense.com:443 "GET /images/635/557/9780759557635.jpg HTTP/1.1" 200 108321
2021-12-20 15:08:28 [scrapy.core.engine] DEBUG: Crawled (200) <GET https://www.thebookstall.com//book/9781728240237> (referer: https://www.thebookstall.com//young-adult)
2021-12-20 15:08:28 [urllib3.connectionpool] DEBUG: Starting new HTTPS connection (1): images.booksense.com:443
2021-12-20 15:08:29 [urllib3.connectionpool] DEBUG: https://images.booksense.com:443 "GET /images/237/240/9781728240237.jpg HTTP/1.1" 200 117610
2021-12-20 15:08:30 [scrapy.core.engine] DEBUG: Crawled (200) <GET https://www.thebookstall.com//book/9781250302793> (referer: https://www.thebookstall.com//young-adult)
2021-12-20 15:08:30 [urllib3.connectionpool] DEBUG: Starting new HTTPS connection (1): images.booksense.com:443
2021-12-20 15:08:31 [urllib3.connectionpool] DEBUG: https://images.booksense.com:443 "GET /images/793/302/9781250302793.jpg HTTP/1.1" 200 84276
2021-12-20 15:08:31 [scrapy.core.engine] DEBUG: Crawled (200) <GET https://www.thebookstall.com//book/9781338325041> (referer: https://www.thebookstall.com//young-adult)
2021-12-20 15:08:31 [urllib3.connectionpool] DEBUG: Starting new HTTPS connection (1): images.booksense.com:443
2021-12-20 15:08:32 [urllib3.connectionpool] DEBUG: https://images.booksense.com:443 "GET /images/041/325/9781338325041.jpg HTTP/1.1" 200 169339
2021-12-20 15:08:33 [scrapy.core.engine] DEBUG: Crawled (200) <GET https://www.thebookstall.com//book/9781338355949> (referer: https://www.thebookstall.com//young-adult)
2021-12-20 15:08:33 [urllib3.connectionpool] DEBUG: Starting new HTTPS connection (1): images.booksense.com:443
2021-12-20 15:08:34 [urllib3.connectionpool] DEBUG: https://images.booksense.com:443 "GET /images/949/355/9781338355949.jpg HTTP/1.1" 200 176163
2021-12-20 15:08:34 [scrapy.core.engine] DEBUG: Crawled (200) <GET https://www.thebookstall.com//book/9781481401449> (referer: https://www.thebookstall.com//young-adult)
2021-12-20 15:08:34 [urllib3.connectionpool] DEBUG: Starting new HTTPS connection (1): images.booksense.com:443
2021-12-20 15:08:35 [urllib3.connectionpool] DEBUG: https://images.booksense.com:443 "GET /images/449/401/9781481401449.jpg HTTP/1.1" 200 84391
2021-12-20 15:08:35 [scrapy.crawler] INFO: Received SIGINT, shutting down gracefully. Send again to force 
