2021-12-23 13:58:57 [scrapy.utils.log] INFO: Scrapy 2.5.1 started (bot: overseaSpider)
2021-12-23 13:58:57 [scrapy.utils.log] INFO: Versions: lxml 4.7.1.0, libxml2 2.9.12, cssselect 1.1.0, parsel 1.6.0, w3lib 1.22.0, Twisted 21.7.0, Python 3.7.8 (tags/v3.7.8:4b47a5b6ba, Jun 28 2020, 08:53:46) [MSC v.1916 64 bit (AMD64)], pyOpenSSL 21.0.0 (OpenSSL 1.1.1m  14 Dec 2021), cryptography 36.0.1, Platform Windows-10-10.0.17763-SP0
2021-12-23 13:58:57 [scrapy.crawler] INFO: Overridden settings:
{'ASYNCIO_EVENT_LOOP': 'asyncio.SelectorEventLoop',
 'BOT_NAME': 'overseaSpider',
 'CLOSESPIDER_ITEMCOUNT': 6,
 'COMMANDS_MODULE': 'overseaSpider.commands',
 'CONCURRENT_REQUESTS': 4,
 'DOWNLOAD_DELAY': 1,
 'DOWNLOAD_TIMEOUT': 10,
 'HTTPCACHE_EXPIRATION_SECS': 604800,
 'HTTPCACHE_IGNORE_HTTP_CODES': [403, 301, 401, 500, 503],
 'HTTPCACHE_POLICY': 'overseaSpider.middlewares.DummyPolicy',
 'LOG_FILE': 'usedsurf_1640239136791.log',
 'NEWSPIDER_MODULE': 'overseaSpider.spiders',
 'RETRY_ENABLED': False,
 'RETRY_TIMES': 1,
 'SPIDER_MODULES': ['overseaSpider.spiders'],
 'TEMPLATES_DIR': 'D:\\work\\overseaspider\\overseaSpider\\templates'}
2021-12-23 13:58:57 [scrapy.extensions.telnet] INFO: Telnet Password: b4d24a7cd0c3df77
2021-12-23 13:58:57 [scrapy.middleware] INFO: Enabled extensions:
['scrapy.extensions.corestats.CoreStats',
 'scrapy.extensions.telnet.TelnetConsole',
 'scrapy.extensions.closespider.CloseSpider',
 'scrapy.extensions.logstats.LogStats']
2021-12-23 13:58:57 [scrapy.middleware] INFO: Enabled downloader middlewares:
['overseaSpider.middlewares.OverseaspiderUserAgentMiddleware',
 'scrapy.downloadermiddlewares.httpauth.HttpAuthMiddleware',
 'scrapy.downloadermiddlewares.downloadtimeout.DownloadTimeoutMiddleware',
 'scrapy.downloadermiddlewares.defaultheaders.DefaultHeadersMiddleware',
 'scrapy.downloadermiddlewares.useragent.UserAgentMiddleware',
 'scrapy.downloadermiddlewares.redirect.MetaRefreshMiddleware',
 'scrapy.downloadermiddlewares.httpcompression.HttpCompressionMiddleware',
 'scrapy.downloadermiddlewares.redirect.RedirectMiddleware',
 'scrapy.downloadermiddlewares.cookies.CookiesMiddleware',
 'scrapy.downloadermiddlewares.httpproxy.HttpProxyMiddleware',
 'scrapy.downloadermiddlewares.stats.DownloaderStats']
2021-12-23 13:58:57 [scrapy.middleware] INFO: Enabled spider middlewares:
['scrapy.spidermiddlewares.httperror.HttpErrorMiddleware',
 'scrapy.spidermiddlewares.offsite.OffsiteMiddleware',
 'scrapy.spidermiddlewares.referer.RefererMiddleware',
 'scrapy.spidermiddlewares.urllength.UrlLengthMiddleware',
 'scrapy.spidermiddlewares.depth.DepthMiddleware']
2021-12-23 13:58:57 [scrapy.middleware] INFO: Enabled item pipelines:
['overseaSpider.pipelines.OverseaspiderPipeline']
2021-12-23 13:58:57 [scrapy.core.engine] INFO: Spider opened
2021-12-23 13:58:57 [scrapy.extensions.logstats] INFO: Crawled 0 pages (at 0 pages/min), scraped 0 items (at 0 items/min)
2021-12-23 13:58:57 [scrapy.extensions.telnet] INFO: Telnet console listening on 127.0.0.1:6023
2021-12-23 13:58:58 [scrapy.downloadermiddlewares.redirect] DEBUG: Redirecting (301) to <GET https://usedsurf.com/> from <GET https://www.usedsurf.com/>
2021-12-23 13:58:59 [scrapy.core.engine] DEBUG: Crawled (200) <GET https://usedsurf.com/> (referer: None)
2021-12-23 13:59:00 [scrapy.core.engine] DEBUG: Crawled (200) <GET https://usedsurf.com/on-sale/> (referer: https://usedsurf.com/)
2021-12-23 13:59:01 [scrapy.core.engine] DEBUG: Crawled (200) <GET https://usedsurf.com/accessories/> (referer: https://usedsurf.com/)
2021-12-23 13:59:03 [scrapy.core.engine] DEBUG: Crawled (200) <GET https://usedsurf.com/used-surfboards/> (referer: https://usedsurf.com/)
2021-12-23 13:59:04 [scrapy.core.engine] DEBUG: Crawled (200) <GET https://usedsurf.com/new-surfboards/> (referer: https://usedsurf.com/)
2021-12-23 13:59:05 [scrapy.core.engine] DEBUG: Crawled (200) <GET https://usedsurf.com/on-sale/?sort=featured&page=2> (referer: https://usedsurf.com/on-sale/)
2021-12-23 13:59:07 [scrapy.core.engine] DEBUG: Crawled (200) <GET https://usedsurf.com/64-5-move-or-die-xoxo-model-used-surfboard-30190/> (referer: https://usedsurf.com/on-sale/)
2021-12-23 13:59:07 [urllib3.connectionpool] DEBUG: Starting new HTTPS connection (1): cdn11.bigcommerce.com:443
2021-12-23 13:59:07 [urllib3.connectionpool] DEBUG: https://cdn11.bigcommerce.com:443 "GET /s-dlepcvvz/images/stencil/1280x1280/products/13839/65251/Used-Surfboard-30190-A__94238.1633553595.jpg?c=2 HTTP/1.1" 200 None
2021-12-23 13:59:08 [scrapy.core.engine] DEBUG: Crawled (200) <GET https://usedsurf.com/accessories/?sort=featured&page=2> (referer: https://usedsurf.com/accessories/)
2021-12-23 13:59:09 [scrapy.core.engine] DEBUG: Crawled (200) <GET https://usedsurf.com/used-surfboards/?sort=featured&page=2> (referer: https://usedsurf.com/used-surfboards/)
2021-12-23 13:59:11 [scrapy.core.engine] DEBUG: Crawled (200) <GET https://usedsurf.com/new-surfboards/?sort=featured&page=2> (referer: https://usedsurf.com/new-surfboards/)
2021-12-23 13:59:12 [scrapy.core.engine] DEBUG: Crawled (200) <GET https://usedsurf.com/on-sale/?sort=featured&page=3> (referer: https://usedsurf.com/on-sale/?sort=featured&page=2)
2021-12-23 13:59:13 [scrapy.core.engine] DEBUG: Crawled (200) <GET https://usedsurf.com/56-panda-the-goose-used-surfboard-29839/> (referer: https://usedsurf.com/on-sale/?sort=featured&page=2)
2021-12-23 13:59:13 [urllib3.connectionpool] DEBUG: Starting new HTTPS connection (1): cdn11.bigcommerce.com:443
2021-12-23 13:59:14 [urllib3.connectionpool] DEBUG: https://cdn11.bigcommerce.com:443 "GET /s-dlepcvvz/images/stencil/1280x1280/products/13562/63800/Used-Surfboard-29839-A__89009.1631038224.jpg?c=2 HTTP/1.1" 200 None
2021-12-23 13:59:15 [scrapy.core.engine] DEBUG: Crawled (200) <GET https://usedsurf.com/accessories/?sort=featured&page=3> (referer: https://usedsurf.com/accessories/?sort=featured&page=2)
2021-12-23 13:59:16 [scrapy.core.engine] DEBUG: Crawled (200) <GET https://usedsurf.com/used-surfboards/?sort=featured&page=3> (referer: https://usedsurf.com/used-surfboards/?sort=featured&page=2)
2021-12-23 13:59:16 [scrapy.dupefilters] DEBUG: Filtered duplicate request: <GET https://usedsurf.com/66-bulkley-egg-46-5-l-used-surfboard-30796/> - no more duplicates will be shown (see DUPEFILTER_DEBUG to show all duplicates)
2021-12-23 13:59:17 [scrapy.core.engine] DEBUG: Crawled (200) <GET https://usedsurf.com/new-surfboards/?sort=featured&page=3> (referer: https://usedsurf.com/new-surfboards/?sort=featured&page=2)
2021-12-23 13:59:19 [scrapy.core.engine] DEBUG: Crawled (200) <GET https://usedsurf.com/on-sale/?sort=featured&page=4> (referer: https://usedsurf.com/on-sale/?sort=featured&page=3)
2021-12-23 13:59:20 [scrapy.core.engine] DEBUG: Crawled (200) <GET https://usedsurf.com/59-sharp-eye-o-k-model-used-surfboard-29423/> (referer: https://usedsurf.com/on-sale/?sort=featured&page=3)
2021-12-23 13:59:20 [urllib3.connectionpool] DEBUG: Starting new HTTPS connection (1): cdn11.bigcommerce.com:443
2021-12-23 13:59:21 [urllib3.connectionpool] DEBUG: https://cdn11.bigcommerce.com:443 "GET /s-dlepcvvz/images/stencil/1280x1280/products/13226/62089/Used-Surfboard-29423-A__93345.1627496721.jpg?c=2 HTTP/1.1" 200 None
2021-12-23 13:59:22 [scrapy.core.engine] DEBUG: Crawled (200) <GET https://usedsurf.com/accessories/?sort=featured&page=4> (referer: https://usedsurf.com/accessories/?sort=featured&page=3)
2021-12-23 13:59:22 [scrapy.core.engine] DEBUG: Crawled (200) <GET https://usedsurf.com/used-surfboards/?sort=featured&page=4> (referer: https://usedsurf.com/used-surfboards/?sort=featured&page=3)
2021-12-23 13:59:23 [scrapy.core.engine] DEBUG: Crawled (200) <GET https://usedsurf.com/new-surfboards/?sort=featured&page=4> (referer: https://usedsurf.com/new-surfboards/?sort=featured&page=3)
2021-12-23 13:59:25 [scrapy.core.engine] DEBUG: Crawled (200) <GET https://usedsurf.com/on-sale/?sort=featured&page=5> (referer: https://usedsurf.com/on-sale/?sort=featured&page=4)
2021-12-23 13:59:26 [scrapy.core.engine] DEBUG: Crawled (200) <GET https://usedsurf.com/60-van-zanten-new-surfboard-29149/> (referer: https://usedsurf.com/on-sale/?sort=featured&page=4)
2021-12-23 13:59:26 [urllib3.connectionpool] DEBUG: Starting new HTTPS connection (1): cdn11.bigcommerce.com:443
2021-12-23 13:59:27 [urllib3.connectionpool] DEBUG: https://cdn11.bigcommerce.com:443 "GET /s-dlepcvvz/images/stencil/1280x1280/products/13006/61032/Used-Surfboard-29149-A__38583.1624816741.jpg?c=2 HTTP/1.1" 200 None
2021-12-23 13:59:28 [scrapy.core.engine] DEBUG: Crawled (200) <GET https://usedsurf.com/accessories/?sort=featured&page=5> (referer: https://usedsurf.com/accessories/?sort=featured&page=4)
2021-12-23 13:59:29 [scrapy.core.engine] DEBUG: Crawled (200) <GET https://usedsurf.com/used-surfboards/?sort=featured&page=5> (referer: https://usedsurf.com/used-surfboards/?sort=featured&page=4)
2021-12-23 13:59:30 [scrapy.core.engine] DEBUG: Crawled (200) <GET https://usedsurf.com/new-surfboards/?sort=featured&page=5> (referer: https://usedsurf.com/new-surfboards/?sort=featured&page=4)
2021-12-23 13:59:32 [scrapy.core.engine] DEBUG: Crawled (200) <GET https://usedsurf.com/on-sale/?sort=featured&page=6> (referer: https://usedsurf.com/on-sale/?sort=featured&page=5)
2021-12-23 13:59:33 [scrapy.core.engine] DEBUG: Crawled (200) <GET https://usedsurf.com/61-sun-dolphin-new-surfboard-sh1326/> (referer: https://usedsurf.com/on-sale/?sort=featured&page=5)
2021-12-23 13:59:33 [urllib3.connectionpool] DEBUG: Starting new HTTPS connection (1): cdn11.bigcommerce.com:443
2021-12-23 13:59:34 [urllib3.connectionpool] DEBUG: https://cdn11.bigcommerce.com:443 "GET /s-dlepcvvz/images/stencil/1280x1280/products/12777/59884/Used-Surfboard-28770-A__76561.1621894048.jpg?c=2 HTTP/1.1" 200 None
2021-12-23 13:59:35 [scrapy.core.engine] DEBUG: Crawled (200) <GET https://usedsurf.com/accessories/?sort=featured&page=6> (referer: https://usedsurf.com/accessories/?sort=featured&page=5)
2021-12-23 13:59:36 [scrapy.core.engine] DEBUG: Crawled (200) <GET https://usedsurf.com/used-surfboards/?sort=featured&page=6> (referer: https://usedsurf.com/used-surfboards/?sort=featured&page=5)
2021-12-23 13:59:37 [scrapy.core.engine] DEBUG: Crawled (200) <GET https://usedsurf.com/new-surfboards/?sort=featured&page=6> (referer: https://usedsurf.com/new-surfboards/?sort=featured&page=5)
2021-12-23 13:59:38 [scrapy.core.engine] DEBUG: Crawled (200) <GET https://usedsurf.com/on-sale/?sort=featured&page=7> (referer: https://usedsurf.com/on-sale/?sort=featured&page=6)
2021-12-23 13:59:39 [scrapy.core.engine] DEBUG: Crawled (200) <GET https://usedsurf.com/59-ellis-dragon-used-surfboard-28062/> (referer: https://usedsurf.com/on-sale/?sort=featured&page=6)
2021-12-23 13:59:39 [urllib3.connectionpool] DEBUG: Starting new HTTPS connection (1): cdn11.bigcommerce.com:443
2021-12-23 13:59:40 [urllib3.connectionpool] DEBUG: https://cdn11.bigcommerce.com:443 "GET /s-dlepcvvz/images/stencil/1280x1280/products/12207/56835/Used-Surfboard-28062_A__72548.1615494747.jpg?c=2 HTTP/1.1" 200 None
2021-12-23 13:59:41 [scrapy.core.engine] DEBUG: Crawled (200) <GET https://usedsurf.com/accessories/?sort=featured&page=7> (referer: https://usedsurf.com/accessories/?sort=featured&page=6)
2021-12-23 13:59:42 [scrapy.crawler] INFO: Received SIGINT, shutting down gracefully. Send again to force 
2021-12-23 13:59:42 [scrapy.core.engine] INFO: Closing spider (shutdown)
